{
  "C:/Users/DELL/Desktop/React-task-one/src/components/ModalHomeCard/ModalHomeCard.tsx": {
    "path": "C:/Users/DELL/Desktop/React-task-one/src/components/ModalHomeCard/ModalHomeCard.tsx",
    "statementMap": {
      "0": {
        "start": {
          "line": 5,
          "column": 0
        },
        "end": {
          "line": 15,
          "column": 1
        }
      },
      "1": {
        "start": {
          "line": 6,
          "column": 2
        },
        "end": {
          "line": 8,
          "column": 3
        }
      },
      "2": {
        "start": {
          "line": 7,
          "column": 4
        },
        "end": {
          "line": 7,
          "column": 165
        }
      },
      "3": {
        "start": {
          "line": 9,
          "column": 2
        },
        "end": {
          "line": 9,
          "column": 39
        }
      },
      "4": {
        "start": {
          "line": 10,
          "column": 2
        },
        "end": {
          "line": 10,
          "column": 39
        }
      },
      "5": {
        "start": {
          "line": 11,
          "column": 2
        },
        "end": {
          "line": 13,
          "column": 4
        }
      },
      "6": {
        "start": {
          "line": 12,
          "column": 4
        },
        "end": {
          "line": 12,
          "column": 127
        }
      },
      "7": {
        "start": {
          "line": 14,
          "column": 2
        },
        "end": {
          "line": 14,
          "column": 75
        }
      },
      "8": {
        "start": {
          "line": 20,
          "column": 6
        },
        "end": {
          "line": 20,
          "column": 11
        }
      },
      "9": {
        "start": {
          "line": 31,
          "column": 6
        },
        "end": {
          "line": 31,
          "column": 10
        }
      },
      "10": {
        "start": {
          "line": 34,
          "column": 6
        },
        "end": {
          "line": 34,
          "column": 10
        }
      },
      "11": {
        "start": {
          "line": 37,
          "column": 6
        },
        "end": {
          "line": 37,
          "column": 10
        }
      },
      "12": {
        "start": {
          "line": 38,
          "column": 16
        },
        "end": {
          "line": 38,
          "column": 35
        }
      },
      "13": {
        "start": {
          "line": 41,
          "column": 6
        },
        "end": {
          "line": 41,
          "column": 11
        }
      },
      "14": {
        "start": {
          "line": 42,
          "column": 2
        },
        "end": {
          "line": 191,
          "column": 11
        }
      },
      "15": {
        "start": {
          "line": 75,
          "column": 12
        },
        "end": {
          "line": 75,
          "column": 43
        }
      },
      "16": {
        "start": {
          "line": 193,
          "column": 0
        },
        "end": {
          "line": 193,
          "column": 19
        }
      },
      "17": {
        "start": {
          "line": 196,
          "column": 0
        },
        "end": {
          "line": 196,
          "column": 34
        }
      },
      "18": {
        "start": {
          "line": 197,
          "column": 0
        },
        "end": {
          "line": 213,
          "column": 1
        }
      },
      "19": {
        "start": {
          "line": 198,
          "column": 2
        },
        "end": {
          "line": 198,
          "column": 39
        }
      },
      "20": {
        "start": {
          "line": 199,
          "column": 2
        },
        "end": {
          "line": 199,
          "column": 39
        }
      },
      "21": {
        "start": {
          "line": 200,
          "column": 2
        },
        "end": {
          "line": 212,
          "column": 5
        }
      },
      "22": {
        "start": {
          "line": 204,
          "column": 4
        },
        "end": {
          "line": 204,
          "column": 153
        }
      },
      "23": {
        "start": {
          "line": 205,
          "column": 4
        },
        "end": {
          "line": 211,
          "column": 7
        }
      },
      "24": {
        "start": {
          "line": 206,
          "column": 6
        },
        "end": {
          "line": 207,
          "column": 15
        }
      },
      "25": {
        "start": {
          "line": 207,
          "column": 8
        },
        "end": {
          "line": 207,
          "column": 15
        }
      },
      "26": {
        "start": {
          "line": 208,
          "column": 32
        },
        "end": {
          "line": 208,
          "column": 115
        }
      },
      "27": {
        "start": {
          "line": 209,
          "column": 6
        },
        "end": {
          "line": 210,
          "column": 54
        }
      },
      "28": {
        "start": {
          "line": 210,
          "column": 8
        },
        "end": {
          "line": 210,
          "column": 54
        }
      }
    },
    "fnMap": {
      "0": {
        "name": "(anonymous_0)",
        "decl": {
          "start": {
            "line": 11,
            "column": 24
          },
          "end": {
            "line": 11,
            "column": 25
          }
        },
        "loc": {
          "start": {
            "line": 11,
            "column": 38
          },
          "end": {
            "line": 13,
            "column": 3
          }
        },
        "line": 11
      },
      "1": {
        "name": "ModalHomeCard",
        "decl": {
          "start": {
            "line": 17,
            "column": 9
          },
          "end": {
            "line": 17,
            "column": 22
          }
        },
        "loc": {
          "start": {
            "line": 17,
            "column": 30
          },
          "end": {
            "line": 192,
            "column": 1
          }
        },
        "line": 17
      },
      "2": {
        "name": "(anonymous_2)",
        "decl": {
          "start": {
            "line": 74,
            "column": 109
          },
          "end": {
            "line": 74,
            "column": 110
          }
        },
        "loc": {
          "start": {
            "line": 74,
            "column": 124
          },
          "end": {
            "line": 76,
            "column": 11
          }
        },
        "line": 74
      },
      "3": {
        "name": "(anonymous_3)",
        "decl": {
          "start": {
            "line": 203,
            "column": 9
          },
          "end": {
            "line": 203,
            "column": 10
          }
        },
        "loc": {
          "start": {
            "line": 203,
            "column": 29
          },
          "end": {
            "line": 212,
            "column": 3
          }
        },
        "line": 203
      },
      "4": {
        "name": "(anonymous_4)",
        "decl": {
          "start": {
            "line": 205,
            "column": 27
          },
          "end": {
            "line": 205,
            "column": 28
          }
        },
        "loc": {
          "start": {
            "line": 205,
            "column": 44
          },
          "end": {
            "line": 211,
            "column": 5
          }
        },
        "line": 205
      }
    },
    "branchMap": {
      "0": {
        "loc": {
          "start": {
            "line": 5,
            "column": 0
          },
          "end": {
            "line": 15,
            "column": 1
          }
        },
        "type": "if",
        "locations": [
          {
            "start": {
              "line": 5,
              "column": 0
            },
            "end": {
              "line": 15,
              "column": 1
            }
          },
          {
            "start": {},
            "end": {}
          }
        ],
        "line": 5
      },
      "1": {
        "loc": {
          "start": {
            "line": 6,
            "column": 2
          },
          "end": {
            "line": 8,
            "column": 3
          }
        },
        "type": "if",
        "locations": [
          {
            "start": {
              "line": 6,
              "column": 2
            },
            "end": {
              "line": 8,
              "column": 3
            }
          },
          {
            "start": {},
            "end": {}
          }
        ],
        "line": 6
      },
      "2": {
        "loc": {
          "start": {
            "line": 167,
            "column": 97
          },
          "end": {
            "line": 167,
            "column": 150
          }
        },
        "type": "cond-expr",
        "locations": [
          {
            "start": {
              "line": 167,
              "column": 120
            },
            "end": {
              "line": 167,
              "column": 136
            }
          },
          {
            "start": {
              "line": 167,
              "column": 139
            },
            "end": {
              "line": 167,
              "column": 150
            }
          }
        ],
        "line": 167
      },
      "3": {
        "loc": {
          "start": {
            "line": 197,
            "column": 0
          },
          "end": {
            "line": 213,
            "column": 1
          }
        },
        "type": "if",
        "locations": [
          {
            "start": {
              "line": 197,
              "column": 0
            },
            "end": {
              "line": 213,
              "column": 1
            }
          },
          {
            "start": {},
            "end": {}
          }
        ],
        "line": 197
      },
      "4": {
        "loc": {
          "start": {
            "line": 206,
            "column": 6
          },
          "end": {
            "line": 207,
            "column": 15
          }
        },
        "type": "if",
        "locations": [
          {
            "start": {
              "line": 206,
              "column": 6
            },
            "end": {
              "line": 207,
              "column": 15
            }
          },
          {
            "start": {},
            "end": {}
          }
        ],
        "line": 206
      },
      "5": {
        "loc": {
          "start": {
            "line": 209,
            "column": 6
          },
          "end": {
            "line": 210,
            "column": 54
          }
        },
        "type": "if",
        "locations": [
          {
            "start": {
              "line": 209,
              "column": 6
            },
            "end": {
              "line": 210,
              "column": 54
            }
          },
          {
            "start": {},
            "end": {}
          }
        ],
        "line": 209
      }
    },
    "s": {
      "0": 8,
      "1": 8,
      "2": 0,
      "3": 8,
      "4": 8,
      "5": 8,
      "6": 8,
      "7": 8,
      "8": 2,
      "9": 2,
      "10": 2,
      "11": 2,
      "12": 2,
      "13": 2,
      "14": 2,
      "15": 6,
      "16": 8,
      "17": 8,
      "18": 8,
      "19": 8,
      "20": 8,
      "21": 8,
      "22": 8,
      "23": 8,
      "24": 0,
      "25": 0,
      "26": 0,
      "27": 0,
      "28": 0
    },
    "f": {
      "0": 8,
      "1": 2,
      "2": 6,
      "3": 8,
      "4": 0
    },
    "b": {
      "0": [
        8,
        0
      ],
      "1": [
        0,
        8
      ],
      "2": [
        0,
        2
      ],
      "3": [
        8,
        0
      ],
      "4": [
        0,
        0
      ],
      "5": [
        0,
        0
      ]
    },
    "inputSourceMap": {
      "version": 3,
      "mappings": "AA4BM;AA5BN,OAAO;AAAsB;AAAA;AAAA;AAAA;AAAA;AAAA;AAAA;AAAA;AAAA;AAAA;AAAA;AAAA;AAAA;AAAA;AAQ7B,SAASA,cAAcC,OAA6B;AAClD,QAAM;AAAA,IAAEC;AAAAA,EAAK,IAAID;AACjB,QAAM;AAAA,IACJE;AAAAA,IACAC;AAAAA,IACAC,iBAAiBC;AAAAA,IACjBC,YAAYC;AAAAA,IACZC;AAAAA,IACAC;AAAAA,IACAC;AAAAA,IACAC;AAAAA,IACAC;AAAAA,EACF,IAAIX;AACJ,QAAM;AAAA,IAAEY;AAAAA,EAAQ,IAAIH;AACpB,QAAM;AAAA,IAAEI;AAAAA,EAAK,IAAIH;AACjB,QAAMI,QAAQ,IAAIC,KAAKT,SAAS;AAChC,QAAM;AAAA,IAAEU;AAAAA,EAAQ,IAAIjB;AAEpB,SACE,uBAAC,SAAI,WAAU,QACb;AAAA,2BAAC,SAAI,WAAU,UAAS,SAASiB,SAAS,WAAWA,SAAS,MAAK,UAAS,UAAU,GAAG,iBAAzF;AAAA;AAAA;AAAA;AAAA,WAEA;AAAA,IACA,uBAAC,SAAI,WAAU,eAAeZ,4BAA9B;AAAA;AAAA;AAAA;AAAA,WAA6C;AAAA,IAC7C,uBAAC,SAAI,WAAU,+BACb;AAAA,6BAAC,SAAI,WAAU,uBACb,iCAAC,SAAI,WAAU,qBACb,iCAAC,SAAI,WAAU,kBAAiB,KAAKQ,SAAS,KAAI,kBAAlD;AAAA;AAAA;AAAA;AAAA,aAAgE,KADlE;AAAA;AAAA;AAAA;AAAA,aAEA,KAHF;AAAA;AAAA;AAAA;AAAA,aAIA;AAAA,MACA,uBAAC,SAAI,WAAU,+BACb;AAAA,+BAAC,SAAI,WAAU,oCACb;AAAA,iCAAC,SAAI,WAAU,gCAA+B,qBAA9C;AAAA;AAAA;AAAA;AAAA,iBAAmD;AAAA,UACnD,uBAAC,SAAI,WAAU,kCACZD,eAAKM,OAAO,CAACC,KAAKC,SAAS;AAC1B,mBAAQ,GAAED,OAAOC,KAAKC;AAAAA,UACxB,GAAG,EAAE,KAHP;AAAA;AAAA;AAAA;AAAA,iBAIA;AAAA,aANF;AAAA;AAAA;AAAA;AAAA,eAOA;AAAA,QACA,uBAAC,SAAI,WAAU,oCACb;AAAA,iCAAC,SAAI,WAAU,gCAA+B,2BAA9C;AAAA;AAAA;AAAA;AAAA,iBAAyD;AAAA,UACzD,uBAAC,SAAI,WAAU,kCAAkCN,gBAAMO,eAAe,KAAtE;AAAA;AAAA;AAAA;AAAA,iBAAwE;AAAA,aAF1E;AAAA;AAAA;AAAA;AAAA,eAGA;AAAA,QACA,uBAAC,SAAI,WAAU,oCACb;AAAA,iCAAC,SAAI,WAAU,gCAA+B,sBAA9C;AAAA;AAAA;AAAA;AAAA,iBAAoD;AAAA,UACpD,uBAAC,SAAI,WAAU,kCACb;AAAA,mCAAC,SAAI,WAAU,+BAA+BpB,mBAA9C;AAAA;AAAA;AAAA;AAAA,mBAAoD;AAAA,YACpD,uBAAC,SAAI,WAAU,qBAAf;AAAA;AAAA;AAAA;AAAA,mBAAgC;AAAA,eAFlC;AAAA;AAAA;AAAA;AAAA,iBAGA;AAAA,aALF;AAAA;AAAA;AAAA;AAAA,eAMA;AAAA,QACA,uBAAC,SAAI,WAAU,oCACb;AAAA,iCAAC,SAAI,WAAU,gCAA+B,yBAA9C;AAAA;AAAA;AAAA;AAAA,iBAAuD;AAAA,UACvD,uBAAC,SAAI,WAAU,kCAAkCY,kBAAjD;AAAA;AAAA;AAAA;AAAA,iBAAsD;AAAA,aAFxD;AAAA;AAAA;AAAA;AAAA,eAGA;AAAA,QACA,uBAAC,SAAI,WAAU,oCACb;AAAA,iCAAC,SAAI,WAAU,gCAA+B,sBAA9C;AAAA;AAAA;AAAA;AAAA,iBAAoD;AAAA,UACpD,uBAAC,SAAI,WAAU,kCAAmC,aAAEL,WAAWD,cAA/D;AAAA;AAAA;AAAA;AAAA,iBAA0E;AAAA,aAF5E;AAAA;AAAA;AAAA;AAAA,eAGA;AAAA,QACA,uBAAC,SAAI,WAAU,oCACb;AAAA,iCAAC,SAAI,WAAU,gCAA+B,4BAA9C;AAAA;AAAA;AAAA;AAAA,iBAA0D;AAAA,UAC1D,uBAAC,SAAI,WAAU,kCACZL,0BAAgB,OAAO,mBAAmBA,eAD7C;AAAA;AAAA;AAAA;AAAA,iBAEA;AAAA,aAJF;AAAA;AAAA;AAAA;AAAA,eAKA;AAAA,WAjCF;AAAA;AAAA;AAAA;AAAA,aAkCA;AAAA,SAxCF;AAAA;AAAA;AAAA;AAAA,WAyCA;AAAA,OA9CF;AAAA;AAAA;AAAA;AAAA,SA+CA;AAEJ;AAACoB,KApEQxB;AAsET,eAAeA;AAAc;AAAAyB",
      "names": [
        "ModalHomeCard",
        "props",
        "card",
        "likes",
        "description",
        "alt_description",
        "altDescription",
        "created_at",
        "createdAt",
        "height",
        "width",
        "urls",
        "user",
        "tags",
        "regular",
        "name",
        "event",
        "Date",
        "onClose",
        "reduce",
        "sum",
        "item",
        "title",
        "toLocaleString",
        "_c",
        "$RefreshReg$"
      ],
      "sources": [
        "C:/Users/DELL/Desktop/React-task-one/src/components/ModalHomeCard/ModalHomeCard.tsx"
      ],
      "file": "C:/Users/DELL/Desktop/React-task-one/src/components/ModalHomeCard/ModalHomeCard.tsx"
    },
    "_coverageSchema": "1a1c01bbd47fc00a2c39e90264f33305004495a9",
    "hash": "c85d1f04a09c4ec049efed4499006c5faec15bee"
  },
  "C:/Users/DELL/Desktop/React-task-one/src/components/Modal/Modal.tsx": {
    "path": "C:/Users/DELL/Desktop/React-task-one/src/components/Modal/Modal.tsx",
    "statementMap": {
      "0": {
        "start": {
          "line": 5,
          "column": 0
        },
        "end": {
          "line": 15,
          "column": 1
        }
      },
      "1": {
        "start": {
          "line": 6,
          "column": 2
        },
        "end": {
          "line": 8,
          "column": 3
        }
      },
      "2": {
        "start": {
          "line": 7,
          "column": 4
        },
        "end": {
          "line": 7,
          "column": 165
        }
      },
      "3": {
        "start": {
          "line": 9,
          "column": 2
        },
        "end": {
          "line": 9,
          "column": 39
        }
      },
      "4": {
        "start": {
          "line": 10,
          "column": 2
        },
        "end": {
          "line": 10,
          "column": 39
        }
      },
      "5": {
        "start": {
          "line": 11,
          "column": 2
        },
        "end": {
          "line": 13,
          "column": 4
        }
      },
      "6": {
        "start": {
          "line": 12,
          "column": 4
        },
        "end": {
          "line": 12,
          "column": 111
        }
      },
      "7": {
        "start": {
          "line": 14,
          "column": 2
        },
        "end": {
          "line": 14,
          "column": 75
        }
      },
      "8": {
        "start": {
          "line": 16,
          "column": 9
        },
        "end": {
          "line": 16,
          "column": 23
        }
      },
      "9": {
        "start": {
          "line": 21,
          "column": 2
        },
        "end": {
          "line": 21,
          "column": 7
        }
      },
      "10": {
        "start": {
          "line": 22,
          "column": 22
        },
        "end": {
          "line": 22,
          "column": 34
        }
      },
      "11": {
        "start": {
          "line": 23,
          "column": 28
        },
        "end": {
          "line": 23,
          "column": 42
        }
      },
      "12": {
        "start": {
          "line": 24,
          "column": 27
        },
        "end": {
          "line": 26,
          "column": 3
        }
      },
      "13": {
        "start": {
          "line": 25,
          "column": 4
        },
        "end": {
          "line": 25,
          "column": 20
        }
      },
      "14": {
        "start": {
          "line": 27,
          "column": 32
        },
        "end": {
          "line": 33,
          "column": 3
        }
      },
      "15": {
        "start": {
          "line": 28,
          "column": 19
        },
        "end": {
          "line": 28,
          "column": 27
        }
      },
      "16": {
        "start": {
          "line": 29,
          "column": 20
        },
        "end": {
          "line": 29,
          "column": 39
        }
      },
      "17": {
        "start": {
          "line": 30,
          "column": 4
        },
        "end": {
          "line": 32,
          "column": 5
        }
      },
      "18": {
        "start": {
          "line": 31,
          "column": 6
        },
        "end": {
          "line": 31,
          "column": 25
        }
      },
      "19": {
        "start": {
          "line": 34,
          "column": 2
        },
        "end": {
          "line": 42,
          "column": 27
        }
      },
      "20": {
        "start": {
          "line": 44,
          "column": 0
        },
        "end": {
          "line": 44,
          "column": 42
        }
      },
      "21": {
        "start": {
          "line": 45,
          "column": 0
        },
        "end": {
          "line": 45,
          "column": 11
        }
      },
      "22": {
        "start": {
          "line": 48,
          "column": 0
        },
        "end": {
          "line": 48,
          "column": 26
        }
      },
      "23": {
        "start": {
          "line": 49,
          "column": 0
        },
        "end": {
          "line": 65,
          "column": 1
        }
      },
      "24": {
        "start": {
          "line": 50,
          "column": 2
        },
        "end": {
          "line": 50,
          "column": 39
        }
      },
      "25": {
        "start": {
          "line": 51,
          "column": 2
        },
        "end": {
          "line": 51,
          "column": 39
        }
      },
      "26": {
        "start": {
          "line": 52,
          "column": 2
        },
        "end": {
          "line": 64,
          "column": 5
        }
      },
      "27": {
        "start": {
          "line": 56,
          "column": 4
        },
        "end": {
          "line": 56,
          "column": 137
        }
      },
      "28": {
        "start": {
          "line": 57,
          "column": 4
        },
        "end": {
          "line": 63,
          "column": 7
        }
      },
      "29": {
        "start": {
          "line": 58,
          "column": 6
        },
        "end": {
          "line": 59,
          "column": 15
        }
      },
      "30": {
        "start": {
          "line": 59,
          "column": 8
        },
        "end": {
          "line": 59,
          "column": 15
        }
      },
      "31": {
        "start": {
          "line": 60,
          "column": 32
        },
        "end": {
          "line": 60,
          "column": 115
        }
      },
      "32": {
        "start": {
          "line": 61,
          "column": 6
        },
        "end": {
          "line": 62,
          "column": 54
        }
      },
      "33": {
        "start": {
          "line": 62,
          "column": 8
        },
        "end": {
          "line": 62,
          "column": 54
        }
      }
    },
    "fnMap": {
      "0": {
        "name": "(anonymous_0)",
        "decl": {
          "start": {
            "line": 11,
            "column": 24
          },
          "end": {
            "line": 11,
            "column": 25
          }
        },
        "loc": {
          "start": {
            "line": 11,
            "column": 38
          },
          "end": {
            "line": 13,
            "column": 3
          }
        },
        "line": 11
      },
      "1": {
        "name": "Modal",
        "decl": {
          "start": {
            "line": 20,
            "column": 9
          },
          "end": {
            "line": 20,
            "column": 14
          }
        },
        "loc": {
          "start": {
            "line": 20,
            "column": 22
          },
          "end": {
            "line": 43,
            "column": 1
          }
        },
        "line": 20
      },
      "2": {
        "name": "(anonymous_2)",
        "decl": {
          "start": {
            "line": 24,
            "column": 27
          },
          "end": {
            "line": 24,
            "column": 28
          }
        },
        "loc": {
          "start": {
            "line": 24,
            "column": 33
          },
          "end": {
            "line": 26,
            "column": 3
          }
        },
        "line": 24
      },
      "3": {
        "name": "(anonymous_3)",
        "decl": {
          "start": {
            "line": 27,
            "column": 32
          },
          "end": {
            "line": 27,
            "column": 33
          }
        },
        "loc": {
          "start": {
            "line": 27,
            "column": 39
          },
          "end": {
            "line": 33,
            "column": 3
          }
        },
        "line": 27
      },
      "4": {
        "name": "(anonymous_4)",
        "decl": {
          "start": {
            "line": 55,
            "column": 9
          },
          "end": {
            "line": 55,
            "column": 10
          }
        },
        "loc": {
          "start": {
            "line": 55,
            "column": 29
          },
          "end": {
            "line": 64,
            "column": 3
          }
        },
        "line": 55
      },
      "5": {
        "name": "(anonymous_5)",
        "decl": {
          "start": {
            "line": 57,
            "column": 27
          },
          "end": {
            "line": 57,
            "column": 28
          }
        },
        "loc": {
          "start": {
            "line": 57,
            "column": 44
          },
          "end": {
            "line": 63,
            "column": 5
          }
        },
        "line": 57
      }
    },
    "branchMap": {
      "0": {
        "loc": {
          "start": {
            "line": 5,
            "column": 0
          },
          "end": {
            "line": 15,
            "column": 1
          }
        },
        "type": "if",
        "locations": [
          {
            "start": {
              "line": 5,
              "column": 0
            },
            "end": {
              "line": 15,
              "column": 1
            }
          },
          {
            "start": {},
            "end": {}
          }
        ],
        "line": 5
      },
      "1": {
        "loc": {
          "start": {
            "line": 6,
            "column": 2
          },
          "end": {
            "line": 8,
            "column": 3
          }
        },
        "type": "if",
        "locations": [
          {
            "start": {
              "line": 6,
              "column": 2
            },
            "end": {
              "line": 8,
              "column": 3
            }
          },
          {
            "start": {},
            "end": {}
          }
        ],
        "line": 6
      },
      "2": {
        "loc": {
          "start": {
            "line": 30,
            "column": 4
          },
          "end": {
            "line": 32,
            "column": 5
          }
        },
        "type": "if",
        "locations": [
          {
            "start": {
              "line": 30,
              "column": 4
            },
            "end": {
              "line": 32,
              "column": 5
            }
          },
          {
            "start": {},
            "end": {}
          }
        ],
        "line": 30
      },
      "3": {
        "loc": {
          "start": {
            "line": 30,
            "column": 8
          },
          "end": {
            "line": 30,
            "column": 54
          }
        },
        "type": "binary-expr",
        "locations": [
          {
            "start": {
              "line": 30,
              "column": 8
            },
            "end": {
              "line": 30,
              "column": 25
            }
          },
          {
            "start": {
              "line": 30,
              "column": 29
            },
            "end": {
              "line": 30,
              "column": 54
            }
          }
        ],
        "line": 30
      },
      "4": {
        "loc": {
          "start": {
            "line": 34,
            "column": 31
          },
          "end": {
            "line": 42,
            "column": 10
          }
        },
        "type": "binary-expr",
        "locations": [
          {
            "start": {
              "line": 34,
              "column": 31
            },
            "end": {
              "line": 34,
              "column": 36
            }
          },
          {
            "start": {
              "line": 34,
              "column": 56
            },
            "end": {
              "line": 42,
              "column": 10
            }
          }
        ],
        "line": 34
      },
      "5": {
        "loc": {
          "start": {
            "line": 49,
            "column": 0
          },
          "end": {
            "line": 65,
            "column": 1
          }
        },
        "type": "if",
        "locations": [
          {
            "start": {
              "line": 49,
              "column": 0
            },
            "end": {
              "line": 65,
              "column": 1
            }
          },
          {
            "start": {},
            "end": {}
          }
        ],
        "line": 49
      },
      "6": {
        "loc": {
          "start": {
            "line": 58,
            "column": 6
          },
          "end": {
            "line": 59,
            "column": 15
          }
        },
        "type": "if",
        "locations": [
          {
            "start": {
              "line": 58,
              "column": 6
            },
            "end": {
              "line": 59,
              "column": 15
            }
          },
          {
            "start": {},
            "end": {}
          }
        ],
        "line": 58
      },
      "7": {
        "loc": {
          "start": {
            "line": 61,
            "column": 6
          },
          "end": {
            "line": 62,
            "column": 54
          }
        },
        "type": "if",
        "locations": [
          {
            "start": {
              "line": 61,
              "column": 6
            },
            "end": {
              "line": 62,
              "column": 54
            }
          },
          {
            "start": {},
            "end": {}
          }
        ],
        "line": 61
      }
    },
    "s": {
      "0": 8,
      "1": 8,
      "2": 0,
      "3": 8,
      "4": 8,
      "5": 8,
      "6": 8,
      "7": 8,
      "8": 8,
      "9": 3,
      "10": 3,
      "11": 3,
      "12": 3,
      "13": 0,
      "14": 3,
      "15": 1,
      "16": 1,
      "17": 1,
      "18": 0,
      "19": 3,
      "20": 8,
      "21": 8,
      "22": 8,
      "23": 8,
      "24": 8,
      "25": 8,
      "26": 8,
      "27": 8,
      "28": 8,
      "29": 0,
      "30": 0,
      "31": 0,
      "32": 0,
      "33": 0
    },
    "f": {
      "0": 8,
      "1": 3,
      "2": 0,
      "3": 1,
      "4": 8,
      "5": 0
    },
    "b": {
      "0": [
        8,
        0
      ],
      "1": [
        0,
        8
      ],
      "2": [
        0,
        1
      ],
      "3": [
        1,
        1
      ],
      "4": [
        3,
        3
      ],
      "5": [
        8,
        0
      ],
      "6": [
        0,
        0
      ],
      "7": [
        0,
        0
      ]
    },
    "inputSourceMap": {
      "version": 3,
      "mappings": "AAmCQ;;;;;;;;;;;;;;;;AAnCR,OAAOA,cAAc;AACrB,OAAO;AACP,SAAgBC,QAAQC,gBAAgB;AAMxC,SAASC,MAAMC,OAA6B;AAAAC;AAC1C,QAAMC,cAAcL,OAAuB,IAAI;AAC/C,QAAM,CAACM,OAAOC,QAAQ,IAAIN,SAAS,IAAI;AAEvC,QAAMO,mBAAmBA,MAAM;AAC7BD,aAAS,KAAK;AAAA,EAChB;AAEA,QAAME,wBAAwBA,CAC5BC,MACG;AACH,UAAMC,SAASD,EAAEC;AACjB,UAAMC,UAAUP,YAAYQ;AAC5B,QAAID,SAASE,YAAY,CAACF,QAAQE,SAASH,MAAM,GAAG;AAClDH,uBAAiB;AAAA,IACnB;AAAA,EACF;AAEA,SAAOT,SAASgB,aACdT,SACE,uBAAC,SACC,WAAU,WACV,SAASG,uBACT,WAAWA,uBACX,MAAK,UACL,UAAU,GAEV,iCAAC,SAAI,WAAU,aAAY,KAAKJ,aAC7BF,gBAAMa,YADT;AAAA;AAAA;AAAA;AAAA,SAEA,KATF;AAAA;AAAA;AAAA;AAAA,SAUA,GAEFC,SAASC,IACX;AACF;AAACd,GAlCQF,OAAK;AAAAiB,KAALjB;AAoCT,eAAeA;AAAM;AAAAkB",
      "names": [
        "ReactDOM",
        "useRef",
        "useState",
        "Modal",
        "props",
        "_s",
        "modalWindow",
        "modal",
        "setModal",
        "closeModalWindow",
        "closeWithOverlayClick",
        "e",
        "target",
        "modalEl",
        "current",
        "contains",
        "createPortal",
        "children",
        "document",
        "body",
        "_c",
        "$RefreshReg$"
      ],
      "sources": [
        "C:/Users/DELL/Desktop/React-task-one/src/components/Modal/Modal.tsx"
      ],
      "file": "C:/Users/DELL/Desktop/React-task-one/src/components/Modal/Modal.tsx"
    },
    "_coverageSchema": "1a1c01bbd47fc00a2c39e90264f33305004495a9",
    "hash": "9db61a8a87f047319bc15c8694ce70cd01fca1ae"
  },
  "C:/Users/DELL/Desktop/React-task-one/src/components/homeCard/HomeCard.tsx": {
    "path": "C:/Users/DELL/Desktop/React-task-one/src/components/homeCard/HomeCard.tsx",
    "statementMap": {
      "0": {
        "start": {
          "line": 5,
          "column": 0
        },
        "end": {
          "line": 15,
          "column": 1
        }
      },
      "1": {
        "start": {
          "line": 6,
          "column": 2
        },
        "end": {
          "line": 8,
          "column": 3
        }
      },
      "2": {
        "start": {
          "line": 7,
          "column": 4
        },
        "end": {
          "line": 7,
          "column": 165
        }
      },
      "3": {
        "start": {
          "line": 9,
          "column": 2
        },
        "end": {
          "line": 9,
          "column": 39
        }
      },
      "4": {
        "start": {
          "line": 10,
          "column": 2
        },
        "end": {
          "line": 10,
          "column": 39
        }
      },
      "5": {
        "start": {
          "line": 11,
          "column": 2
        },
        "end": {
          "line": 13,
          "column": 4
        }
      },
      "6": {
        "start": {
          "line": 12,
          "column": 4
        },
        "end": {
          "line": 12,
          "column": 117
        }
      },
      "7": {
        "start": {
          "line": 14,
          "column": 2
        },
        "end": {
          "line": 14,
          "column": 75
        }
      },
      "8": {
        "start": {
          "line": 16,
          "column": 9
        },
        "end": {
          "line": 16,
          "column": 23
        }
      },
      "9": {
        "start": {
          "line": 24,
          "column": 2
        },
        "end": {
          "line": 24,
          "column": 7
        }
      },
      "10": {
        "start": {
          "line": 33,
          "column": 6
        },
        "end": {
          "line": 33,
          "column": 10
        }
      },
      "11": {
        "start": {
          "line": 36,
          "column": 6
        },
        "end": {
          "line": 36,
          "column": 10
        }
      },
      "12": {
        "start": {
          "line": 39,
          "column": 6
        },
        "end": {
          "line": 39,
          "column": 10
        }
      },
      "13": {
        "start": {
          "line": 40,
          "column": 16
        },
        "end": {
          "line": 40,
          "column": 35
        }
      },
      "14": {
        "start": {
          "line": 41,
          "column": 28
        },
        "end": {
          "line": 41,
          "column": 43
        }
      },
      "15": {
        "start": {
          "line": 42,
          "column": 27
        },
        "end": {
          "line": 44,
          "column": 3
        }
      },
      "16": {
        "start": {
          "line": 43,
          "column": 4
        },
        "end": {
          "line": 43,
          "column": 20
        }
      },
      "17": {
        "start": {
          "line": 45,
          "column": 2
        },
        "end": {
          "line": 146,
          "column": 11
        }
      },
      "18": {
        "start": {
          "line": 56,
          "column": 6
        },
        "end": {
          "line": 56,
          "column": 21
        }
      },
      "19": {
        "start": {
          "line": 58,
          "column": 6
        },
        "end": {
          "line": 58,
          "column": 21
        }
      },
      "20": {
        "start": {
          "line": 121,
          "column": 12
        },
        "end": {
          "line": 121,
          "column": 43
        }
      },
      "21": {
        "start": {
          "line": 148,
          "column": 0
        },
        "end": {
          "line": 148,
          "column": 45
        }
      },
      "22": {
        "start": {
          "line": 149,
          "column": 0
        },
        "end": {
          "line": 149,
          "column": 14
        }
      },
      "23": {
        "start": {
          "line": 152,
          "column": 0
        },
        "end": {
          "line": 152,
          "column": 29
        }
      },
      "24": {
        "start": {
          "line": 153,
          "column": 0
        },
        "end": {
          "line": 169,
          "column": 1
        }
      },
      "25": {
        "start": {
          "line": 154,
          "column": 2
        },
        "end": {
          "line": 154,
          "column": 39
        }
      },
      "26": {
        "start": {
          "line": 155,
          "column": 2
        },
        "end": {
          "line": 155,
          "column": 39
        }
      },
      "27": {
        "start": {
          "line": 156,
          "column": 2
        },
        "end": {
          "line": 168,
          "column": 5
        }
      },
      "28": {
        "start": {
          "line": 160,
          "column": 4
        },
        "end": {
          "line": 160,
          "column": 143
        }
      },
      "29": {
        "start": {
          "line": 161,
          "column": 4
        },
        "end": {
          "line": 167,
          "column": 7
        }
      },
      "30": {
        "start": {
          "line": 162,
          "column": 6
        },
        "end": {
          "line": 163,
          "column": 15
        }
      },
      "31": {
        "start": {
          "line": 163,
          "column": 8
        },
        "end": {
          "line": 163,
          "column": 15
        }
      },
      "32": {
        "start": {
          "line": 164,
          "column": 32
        },
        "end": {
          "line": 164,
          "column": 115
        }
      },
      "33": {
        "start": {
          "line": 165,
          "column": 6
        },
        "end": {
          "line": 166,
          "column": 54
        }
      },
      "34": {
        "start": {
          "line": 166,
          "column": 8
        },
        "end": {
          "line": 166,
          "column": 54
        }
      }
    },
    "fnMap": {
      "0": {
        "name": "(anonymous_0)",
        "decl": {
          "start": {
            "line": 11,
            "column": 24
          },
          "end": {
            "line": 11,
            "column": 25
          }
        },
        "loc": {
          "start": {
            "line": 11,
            "column": 38
          },
          "end": {
            "line": 13,
            "column": 3
          }
        },
        "line": 11
      },
      "1": {
        "name": "HomeCard",
        "decl": {
          "start": {
            "line": 21,
            "column": 9
          },
          "end": {
            "line": 21,
            "column": 17
          }
        },
        "loc": {
          "start": {
            "line": 23,
            "column": 3
          },
          "end": {
            "line": 147,
            "column": 1
          }
        },
        "line": 23
      },
      "2": {
        "name": "(anonymous_2)",
        "decl": {
          "start": {
            "line": 42,
            "column": 27
          },
          "end": {
            "line": 42,
            "column": 28
          }
        },
        "loc": {
          "start": {
            "line": 42,
            "column": 33
          },
          "end": {
            "line": 44,
            "column": 3
          }
        },
        "line": 42
      },
      "3": {
        "name": "(anonymous_3)",
        "decl": {
          "start": {
            "line": 55,
            "column": 72
          },
          "end": {
            "line": 55,
            "column": 73
          }
        },
        "loc": {
          "start": {
            "line": 55,
            "column": 78
          },
          "end": {
            "line": 57,
            "column": 5
          }
        },
        "line": 55
      },
      "4": {
        "name": "(anonymous_4)",
        "decl": {
          "start": {
            "line": 57,
            "column": 16
          },
          "end": {
            "line": 57,
            "column": 17
          }
        },
        "loc": {
          "start": {
            "line": 57,
            "column": 22
          },
          "end": {
            "line": 59,
            "column": 5
          }
        },
        "line": 57
      },
      "5": {
        "name": "(anonymous_5)",
        "decl": {
          "start": {
            "line": 120,
            "column": 109
          },
          "end": {
            "line": 120,
            "column": 110
          }
        },
        "loc": {
          "start": {
            "line": 120,
            "column": 124
          },
          "end": {
            "line": 122,
            "column": 11
          }
        },
        "line": 120
      },
      "6": {
        "name": "(anonymous_6)",
        "decl": {
          "start": {
            "line": 159,
            "column": 9
          },
          "end": {
            "line": 159,
            "column": 10
          }
        },
        "loc": {
          "start": {
            "line": 159,
            "column": 29
          },
          "end": {
            "line": 168,
            "column": 3
          }
        },
        "line": 159
      },
      "7": {
        "name": "(anonymous_7)",
        "decl": {
          "start": {
            "line": 161,
            "column": 27
          },
          "end": {
            "line": 161,
            "column": 28
          }
        },
        "loc": {
          "start": {
            "line": 161,
            "column": 44
          },
          "end": {
            "line": 167,
            "column": 5
          }
        },
        "line": 161
      }
    },
    "branchMap": {
      "0": {
        "loc": {
          "start": {
            "line": 5,
            "column": 0
          },
          "end": {
            "line": 15,
            "column": 1
          }
        },
        "type": "if",
        "locations": [
          {
            "start": {
              "line": 5,
              "column": 0
            },
            "end": {
              "line": 15,
              "column": 1
            }
          },
          {
            "start": {},
            "end": {}
          }
        ],
        "line": 5
      },
      "1": {
        "loc": {
          "start": {
            "line": 6,
            "column": 2
          },
          "end": {
            "line": 8,
            "column": 3
          }
        },
        "type": "if",
        "locations": [
          {
            "start": {
              "line": 6,
              "column": 2
            },
            "end": {
              "line": 8,
              "column": 3
            }
          },
          {
            "start": {},
            "end": {}
          }
        ],
        "line": 6
      },
      "2": {
        "loc": {
          "start": {
            "line": 46,
            "column": 4
          },
          "end": {
            "line": 54,
            "column": 12
          }
        },
        "type": "binary-expr",
        "locations": [
          {
            "start": {
              "line": 46,
              "column": 4
            },
            "end": {
              "line": 46,
              "column": 9
            }
          },
          {
            "start": {
              "line": 46,
              "column": 29
            },
            "end": {
              "line": 54,
              "column": 12
            }
          }
        ],
        "line": 46
      },
      "3": {
        "loc": {
          "start": {
            "line": 62,
            "column": 116
          },
          "end": {
            "line": 62,
            "column": 167
          }
        },
        "type": "cond-expr",
        "locations": [
          {
            "start": {
              "line": 62,
              "column": 139
            },
            "end": {
              "line": 62,
              "column": 153
            }
          },
          {
            "start": {
              "line": 62,
              "column": 156
            },
            "end": {
              "line": 62,
              "column": 167
            }
          }
        ],
        "line": 62
      },
      "4": {
        "loc": {
          "start": {
            "line": 153,
            "column": 0
          },
          "end": {
            "line": 169,
            "column": 1
          }
        },
        "type": "if",
        "locations": [
          {
            "start": {
              "line": 153,
              "column": 0
            },
            "end": {
              "line": 169,
              "column": 1
            }
          },
          {
            "start": {},
            "end": {}
          }
        ],
        "line": 153
      },
      "5": {
        "loc": {
          "start": {
            "line": 162,
            "column": 6
          },
          "end": {
            "line": 163,
            "column": 15
          }
        },
        "type": "if",
        "locations": [
          {
            "start": {
              "line": 162,
              "column": 6
            },
            "end": {
              "line": 163,
              "column": 15
            }
          },
          {
            "start": {},
            "end": {}
          }
        ],
        "line": 162
      },
      "6": {
        "loc": {
          "start": {
            "line": 165,
            "column": 6
          },
          "end": {
            "line": 166,
            "column": 54
          }
        },
        "type": "if",
        "locations": [
          {
            "start": {
              "line": 165,
              "column": 6
            },
            "end": {
              "line": 166,
              "column": 54
            }
          },
          {
            "start": {},
            "end": {}
          }
        ],
        "line": 165
      }
    },
    "s": {
      "0": 8,
      "1": 8,
      "2": 0,
      "3": 8,
      "4": 8,
      "5": 8,
      "6": 8,
      "7": 8,
      "8": 8,
      "9": 134,
      "10": 134,
      "11": 134,
      "12": 134,
      "13": 134,
      "14": 134,
      "15": 134,
      "16": 1,
      "17": 134,
      "18": 0,
      "19": 1,
      "20": 402,
      "21": 8,
      "22": 8,
      "23": 8,
      "24": 8,
      "25": 8,
      "26": 8,
      "27": 8,
      "28": 8,
      "29": 8,
      "30": 0,
      "31": 0,
      "32": 0,
      "33": 0,
      "34": 0
    },
    "f": {
      "0": 8,
      "1": 134,
      "2": 1,
      "3": 0,
      "4": 1,
      "5": 402,
      "6": 8,
      "7": 0
    },
    "b": {
      "0": [
        8,
        0
      ],
      "1": [
        0,
        8
      ],
      "2": [
        134,
        2
      ],
      "3": [
        22,
        112
      ],
      "4": [
        8,
        0
      ],
      "5": [
        0,
        0
      ],
      "6": [
        0,
        0
      ]
    },
    "inputSourceMap": {
      "version": 3,
      "mappings": "AA8BI,mBAGM,cAHN;;;;;;;;;;;;;;;;AA9BJ,OAAO;AACP,SAASA,gBAAgB;AACzB,OAAOC,mBAAmB;AAE1B,OAAOC,WAAW;AAMlB,SAASC,SAAS;AAAA,EAAEC;AAAc,GAAgB;AAAAC;AAChD,QAAM;AAAA,IACJC;AAAAA,IACAC;AAAAA,IACAC,iBAAiBC;AAAAA,IACjBC,YAAYC;AAAAA,IACZC;AAAAA,IACAC;AAAAA,IACAC;AAAAA,EACF,IAAIV;AACJ,QAAM;AAAA,IAAEW;AAAAA,EAAM,IAAIH;AAClB,QAAM;AAAA,IAAEI;AAAAA,EAAK,IAAIH;AACjB,QAAMI,QAAQ,IAAIC,KAAKP,SAAS;AAChC,QAAM,CAACQ,OAAOC,QAAQ,IAAIpB,SAAS,KAAK;AAExC,QAAMqB,mBAAmBA,MAAM;AAC7BD,aAAS,KAAK;AAAA,EAChB;AAEA,SACE,mCACGD;AAAAA,aACC,uBAAC,SACC,iCAAC,iBAAc,MAAY,SAASE,oBAApC;AAAA;AAAA;AAAA;AAAA,WAAqD,KADvD;AAAA;AAAA;AAAA;AAAA,WAEA;AAAA,IAEF,uBAAC,SACC,WAAU,cACV,WAAW,MAAM;AACfD,eAAS,IAAI;AAAA,IACf,GACA,SAAS,MAAM;AACbA,eAAS,IAAI;AAAA,IACf,GACA,MAAK,UACL,OAAO;AAAA,MACLE,iBAAkB,OAAMP;AAAAA,IAC1B,GACA,UAAU,GAEV;AAAA,6BAAC,SAAI,WAAU,eACb,iCAAC,SAAKR,0BAAgB,OAAOE,iBAAiBF,eAA9C;AAAA;AAAA;AAAA;AAAA,aAA0D,KAD5D;AAAA;AAAA;AAAA;AAAA,aAEA;AAAA,MACA,uBAAC,QAAG,WAAU,qBACZ;AAAA,+BAAC,QAAG,WAAU,kBAAiB;AAAA;AAAA,UACjB;AAAA,UACZ,uBAAC,UAAK,WAAU,oCAAoCU,gBAAMM,eAAe,KAAzE;AAAA;AAAA;AAAA;AAAA,iBAA2E;AAAA,aAF7E;AAAA;AAAA;AAAA;AAAA,eAGA;AAAA,QACA,uBAAC,QAAG,WAAU,kBAAiB;AAAA;AAAA,UACtB;AAAA,UACP,uBAAC,UAAK,WAAU,iCACbjB;AAAAA;AAAAA,YACD,uBAAC,SAAI,WAAU,qBAAf;AAAA;AAAA;AAAA;AAAA,mBAAgC;AAAA,eAFlC;AAAA;AAAA;AAAA;AAAA,iBAGA;AAAA,aALF;AAAA;AAAA;AAAA;AAAA,eAMA;AAAA,QACA,uBAAC,QAAG,WAAU,kBAAiB;AAAA;AAAA,UACvB,uBAAC,UAAK,WAAU,oCAAoCU,kBAApD;AAAA;AAAA;AAAA;AAAA,iBAAyD;AAAA,aADjE;AAAA;AAAA;AAAA;AAAA,eAEA;AAAA,QACA,uBAAC,QAAG,WAAU,kBAAiB;AAAA;AAAA,UACvB;AAAA,UACN,uBAAC,UAAK,WAAU,iCACbF,eAAKU,OAAO,CAACC,KAAKC,SAAS;AAC1B,mBAAQ,GAAED,OAAOC,KAAKC;AAAAA,UACxB,GAAG,EAAE,KAHP;AAAA;AAAA;AAAA;AAAA,iBAIA;AAAA,aANF;AAAA;AAAA;AAAA;AAAA,eAOA;AAAA,WAtBF;AAAA;AAAA;AAAA;AAAA,aAuBA;AAAA,SAxCF;AAAA;AAAA;AAAA;AAAA,WAyCA;AAAA,OA/CF;AAAA;AAAA;AAAA;AAAA,SAgDA;AAEJ;AAACtB,GAtEQF,UAAQ;AAAAyB,KAARzB;AAwET,eAAeA;AAAS;AAAA0B",
      "names": [
        "useState",
        "ModalHomeCard",
        "Modal",
        "HomeCard",
        "card",
        "_s",
        "likes",
        "description",
        "alt_description",
        "altDescription",
        "created_at",
        "createdAt",
        "urls",
        "user",
        "tags",
        "small",
        "name",
        "event",
        "Date",
        "modal",
        "setModal",
        "closeModalWindow",
        "backgroundImage",
        "toLocaleString",
        "reduce",
        "sum",
        "item",
        "title",
        "_c",
        "$RefreshReg$"
      ],
      "sources": [
        "C:/Users/DELL/Desktop/React-task-one/src/components/homeCard/HomeCard.tsx"
      ],
      "file": "C:/Users/DELL/Desktop/React-task-one/src/components/homeCard/HomeCard.tsx"
    },
    "_coverageSchema": "1a1c01bbd47fc00a2c39e90264f33305004495a9",
    "hash": "78f8e2f49a966b2e87abc4c102c70a70ee4992da"
  },
  "C:/Users/DELL/Desktop/React-task-one/src/components/searchBar/searchBarSlice.ts": {
    "path": "C:/Users/DELL/Desktop/React-task-one/src/components/searchBar/searchBarSlice.ts",
    "statementMap": {
      "0": {
        "start": {
          "line": 2,
          "column": 30
        },
        "end": {
          "line": 12,
          "column": 2
        }
      },
      "1": {
        "start": {
          "line": 9,
          "column": 6
        },
        "end": {
          "line": 9,
          "column": 35
        }
      },
      "2": {
        "start": {
          "line": 13,
          "column": 37
        },
        "end": {
          "line": 13,
          "column": 59
        }
      },
      "3": {
        "start": {
          "line": 15,
          "column": 36
        },
        "end": {
          "line": 15,
          "column": 73
        }
      },
      "4": {
        "start": {
          "line": 15,
          "column": 47
        },
        "end": {
          "line": 15,
          "column": 73
        }
      }
    },
    "fnMap": {
      "0": {
        "name": "(anonymous_0)",
        "decl": {
          "start": {
            "line": 8,
            "column": 23
          },
          "end": {
            "line": 8,
            "column": 24
          }
        },
        "loc": {
          "start": {
            "line": 8,
            "column": 42
          },
          "end": {
            "line": 10,
            "column": 5
          }
        },
        "line": 8
      },
      "1": {
        "name": "(anonymous_1)",
        "decl": {
          "start": {
            "line": 15,
            "column": 36
          },
          "end": {
            "line": 15,
            "column": 37
          }
        },
        "loc": {
          "start": {
            "line": 15,
            "column": 47
          },
          "end": {
            "line": 15,
            "column": 73
          }
        },
        "line": 15
      }
    },
    "branchMap": {},
    "s": {
      "0": 8,
      "1": 1,
      "2": 8,
      "3": 8,
      "4": 126
    },
    "f": {
      "0": 1,
      "1": 126
    },
    "b": {},
    "inputSourceMap": {
      "version": 3,
      "sources": [
        "C:/Users/DELL/Desktop/React-task-one/src/components/searchBar/searchBarSlice.ts"
      ],
      "mappings": "AACA,SAAS,mBAAmB;AAErB,aAAM,iBAAiB,YAAY;AAAA,EACxC,MAAM;AAAA,EACN,cAAc;AAAA,IACZ,OAAO;AAAA,EACT;AAAA,EACA,UAAU;AAAA,IACR,mBAAmB,CAAC,OAAO,WAAW;AACpC,YAAM,QAAQ,OAAO;AAAA,IACvB;AAAA,EACF;AACF,CAAC;AAEM,aAAM,EAAE,kBAAkB,IAAI,eAAe;AAEpD,eAAe,eAAe;AAEvB,aAAM,uBAAuB,CAAC,UACnC,MAAM,eAAe;",
      "names": []
    },
    "_coverageSchema": "1a1c01bbd47fc00a2c39e90264f33305004495a9",
    "hash": "5d39de479214c771b5cbc90e7c2469996a410a2a"
  },
  "C:/Users/DELL/Desktop/React-task-one/src/app/hooks.ts": {
    "path": "C:/Users/DELL/Desktop/React-task-one/src/app/hooks.ts",
    "statementMap": {
      "0": {
        "start": {
          "line": 2,
          "column": 30
        },
        "end": {
          "line": 2,
          "column": 41
        }
      },
      "1": {
        "start": {
          "line": 3,
          "column": 30
        },
        "end": {
          "line": 3,
          "column": 41
        }
      }
    },
    "fnMap": {},
    "branchMap": {},
    "s": {
      "0": 8,
      "1": 8
    },
    "f": {},
    "b": {},
    "inputSourceMap": {
      "version": 3,
      "sources": [
        "C:/Users/DELL/Desktop/React-task-one/src/app/hooks.ts"
      ],
      "mappings": "AAAA,SAA+B,aAAa,mBAAmB;AAGxD,aAAM,iBAAoC;AAC1C,aAAM,iBAAkD;",
      "names": []
    },
    "_coverageSchema": "1a1c01bbd47fc00a2c39e90264f33305004495a9",
    "hash": "50fe238c4ac62727e416c6aa7c6d6d67cea7af72"
  },
  "C:/Users/DELL/Desktop/React-task-one/src/components/searchBar/SearchBar.tsx": {
    "path": "C:/Users/DELL/Desktop/React-task-one/src/components/searchBar/SearchBar.tsx",
    "statementMap": {
      "0": {
        "start": {
          "line": 5,
          "column": 0
        },
        "end": {
          "line": 15,
          "column": 1
        }
      },
      "1": {
        "start": {
          "line": 6,
          "column": 2
        },
        "end": {
          "line": 8,
          "column": 3
        }
      },
      "2": {
        "start": {
          "line": 7,
          "column": 4
        },
        "end": {
          "line": 7,
          "column": 165
        }
      },
      "3": {
        "start": {
          "line": 9,
          "column": 2
        },
        "end": {
          "line": 9,
          "column": 39
        }
      },
      "4": {
        "start": {
          "line": 10,
          "column": 2
        },
        "end": {
          "line": 10,
          "column": 39
        }
      },
      "5": {
        "start": {
          "line": 11,
          "column": 2
        },
        "end": {
          "line": 13,
          "column": 4
        }
      },
      "6": {
        "start": {
          "line": 12,
          "column": 4
        },
        "end": {
          "line": 12,
          "column": 119
        }
      },
      "7": {
        "start": {
          "line": 14,
          "column": 2
        },
        "end": {
          "line": 14,
          "column": 75
        }
      },
      "8": {
        "start": {
          "line": 16,
          "column": 9
        },
        "end": {
          "line": 16,
          "column": 23
        }
      },
      "9": {
        "start": {
          "line": 23,
          "column": 2
        },
        "end": {
          "line": 23,
          "column": 7
        }
      },
      "10": {
        "start": {
          "line": 24,
          "column": 19
        },
        "end": {
          "line": 24,
          "column": 35
        }
      },
      "11": {
        "start": {
          "line": 25,
          "column": 33
        },
        "end": {
          "line": 25,
          "column": 69
        }
      },
      "12": {
        "start": {
          "line": 26,
          "column": 40
        },
        "end": {
          "line": 26,
          "column": 72
        }
      },
      "13": {
        "start": {
          "line": 27,
          "column": 23
        },
        "end": {
          "line": 29,
          "column": 3
        }
      },
      "14": {
        "start": {
          "line": 28,
          "column": 4
        },
        "end": {
          "line": 28,
          "column": 45
        }
      },
      "15": {
        "start": {
          "line": 31,
          "column": 4
        },
        "end": {
          "line": 31,
          "column": 39
        }
      },
      "16": {
        "start": {
          "line": 34,
          "column": 4
        },
        "end": {
          "line": 36,
          "column": 5
        }
      },
      "17": {
        "start": {
          "line": 35,
          "column": 6
        },
        "end": {
          "line": 35,
          "column": 21
        }
      },
      "18": {
        "start": {
          "line": 38,
          "column": 2
        },
        "end": {
          "line": 57,
          "column": 11
        }
      },
      "19": {
        "start": {
          "line": 59,
          "column": 0
        },
        "end": {
          "line": 61,
          "column": 3
        }
      },
      "20": {
        "start": {
          "line": 60,
          "column": 2
        },
        "end": {
          "line": 60,
          "column": 42
        }
      },
      "21": {
        "start": {
          "line": 62,
          "column": 0
        },
        "end": {
          "line": 62,
          "column": 15
        }
      },
      "22": {
        "start": {
          "line": 65,
          "column": 0
        },
        "end": {
          "line": 65,
          "column": 30
        }
      },
      "23": {
        "start": {
          "line": 66,
          "column": 0
        },
        "end": {
          "line": 82,
          "column": 1
        }
      },
      "24": {
        "start": {
          "line": 67,
          "column": 2
        },
        "end": {
          "line": 67,
          "column": 39
        }
      },
      "25": {
        "start": {
          "line": 68,
          "column": 2
        },
        "end": {
          "line": 68,
          "column": 39
        }
      },
      "26": {
        "start": {
          "line": 69,
          "column": 2
        },
        "end": {
          "line": 81,
          "column": 5
        }
      },
      "27": {
        "start": {
          "line": 73,
          "column": 4
        },
        "end": {
          "line": 73,
          "column": 145
        }
      },
      "28": {
        "start": {
          "line": 74,
          "column": 4
        },
        "end": {
          "line": 80,
          "column": 7
        }
      },
      "29": {
        "start": {
          "line": 75,
          "column": 6
        },
        "end": {
          "line": 76,
          "column": 15
        }
      },
      "30": {
        "start": {
          "line": 76,
          "column": 8
        },
        "end": {
          "line": 76,
          "column": 15
        }
      },
      "31": {
        "start": {
          "line": 77,
          "column": 32
        },
        "end": {
          "line": 77,
          "column": 115
        }
      },
      "32": {
        "start": {
          "line": 78,
          "column": 6
        },
        "end": {
          "line": 79,
          "column": 54
        }
      },
      "33": {
        "start": {
          "line": 79,
          "column": 8
        },
        "end": {
          "line": 79,
          "column": 54
        }
      }
    },
    "fnMap": {
      "0": {
        "name": "(anonymous_0)",
        "decl": {
          "start": {
            "line": 11,
            "column": 24
          },
          "end": {
            "line": 11,
            "column": 25
          }
        },
        "loc": {
          "start": {
            "line": 11,
            "column": 38
          },
          "end": {
            "line": 13,
            "column": 3
          }
        },
        "line": 11
      },
      "1": {
        "name": "SearchBar",
        "decl": {
          "start": {
            "line": 22,
            "column": 9
          },
          "end": {
            "line": 22,
            "column": 18
          }
        },
        "loc": {
          "start": {
            "line": 22,
            "column": 21
          },
          "end": {
            "line": 58,
            "column": 1
          }
        },
        "line": 22
      },
      "2": {
        "name": "(anonymous_2)",
        "decl": {
          "start": {
            "line": 27,
            "column": 23
          },
          "end": {
            "line": 27,
            "column": 24
          }
        },
        "loc": {
          "start": {
            "line": 27,
            "column": 29
          },
          "end": {
            "line": 29,
            "column": 3
          }
        },
        "line": 27
      },
      "3": {
        "name": "handleChange",
        "decl": {
          "start": {
            "line": 30,
            "column": 11
          },
          "end": {
            "line": 30,
            "column": 23
          }
        },
        "loc": {
          "start": {
            "line": 30,
            "column": 31
          },
          "end": {
            "line": 32,
            "column": 3
          }
        },
        "line": 30
      },
      "4": {
        "name": "onKeyPressHandler",
        "decl": {
          "start": {
            "line": 33,
            "column": 11
          },
          "end": {
            "line": 33,
            "column": 28
          }
        },
        "loc": {
          "start": {
            "line": 33,
            "column": 36
          },
          "end": {
            "line": 37,
            "column": 3
          }
        },
        "line": 33
      },
      "5": {
        "name": "(anonymous_5)",
        "decl": {
          "start": {
            "line": 59,
            "column": 53
          },
          "end": {
            "line": 59,
            "column": 54
          }
        },
        "loc": {
          "start": {
            "line": 59,
            "column": 64
          },
          "end": {
            "line": 61,
            "column": 1
          }
        },
        "line": 59
      },
      "6": {
        "name": "(anonymous_6)",
        "decl": {
          "start": {
            "line": 72,
            "column": 9
          },
          "end": {
            "line": 72,
            "column": 10
          }
        },
        "loc": {
          "start": {
            "line": 72,
            "column": 29
          },
          "end": {
            "line": 81,
            "column": 3
          }
        },
        "line": 72
      },
      "7": {
        "name": "(anonymous_7)",
        "decl": {
          "start": {
            "line": 74,
            "column": 27
          },
          "end": {
            "line": 74,
            "column": 28
          }
        },
        "loc": {
          "start": {
            "line": 74,
            "column": 44
          },
          "end": {
            "line": 80,
            "column": 5
          }
        },
        "line": 74
      }
    },
    "branchMap": {
      "0": {
        "loc": {
          "start": {
            "line": 5,
            "column": 0
          },
          "end": {
            "line": 15,
            "column": 1
          }
        },
        "type": "if",
        "locations": [
          {
            "start": {
              "line": 5,
              "column": 0
            },
            "end": {
              "line": 15,
              "column": 1
            }
          },
          {
            "start": {},
            "end": {}
          }
        ],
        "line": 5
      },
      "1": {
        "loc": {
          "start": {
            "line": 6,
            "column": 2
          },
          "end": {
            "line": 8,
            "column": 3
          }
        },
        "type": "if",
        "locations": [
          {
            "start": {
              "line": 6,
              "column": 2
            },
            "end": {
              "line": 8,
              "column": 3
            }
          },
          {
            "start": {},
            "end": {}
          }
        ],
        "line": 6
      },
      "2": {
        "loc": {
          "start": {
            "line": 34,
            "column": 4
          },
          "end": {
            "line": 36,
            "column": 5
          }
        },
        "type": "if",
        "locations": [
          {
            "start": {
              "line": 34,
              "column": 4
            },
            "end": {
              "line": 36,
              "column": 5
            }
          },
          {
            "start": {},
            "end": {}
          }
        ],
        "line": 34
      },
      "3": {
        "loc": {
          "start": {
            "line": 66,
            "column": 0
          },
          "end": {
            "line": 82,
            "column": 1
          }
        },
        "type": "if",
        "locations": [
          {
            "start": {
              "line": 66,
              "column": 0
            },
            "end": {
              "line": 82,
              "column": 1
            }
          },
          {
            "start": {},
            "end": {}
          }
        ],
        "line": 66
      },
      "4": {
        "loc": {
          "start": {
            "line": 75,
            "column": 6
          },
          "end": {
            "line": 76,
            "column": 15
          }
        },
        "type": "if",
        "locations": [
          {
            "start": {
              "line": 75,
              "column": 6
            },
            "end": {
              "line": 76,
              "column": 15
            }
          },
          {
            "start": {},
            "end": {}
          }
        ],
        "line": 75
      },
      "5": {
        "loc": {
          "start": {
            "line": 78,
            "column": 6
          },
          "end": {
            "line": 79,
            "column": 54
          }
        },
        "type": "if",
        "locations": [
          {
            "start": {
              "line": 78,
              "column": 6
            },
            "end": {
              "line": 79,
              "column": 54
            }
          },
          {
            "start": {},
            "end": {}
          }
        ],
        "line": 78
      }
    },
    "s": {
      "0": 8,
      "1": 8,
      "2": 0,
      "3": 8,
      "4": 8,
      "5": 8,
      "6": 8,
      "7": 8,
      "8": 8,
      "9": 31,
      "10": 31,
      "11": 31,
      "12": 31,
      "13": 31,
      "14": 1,
      "15": 6,
      "16": 7,
      "17": 1,
      "18": 31,
      "19": 8,
      "20": 4,
      "21": 8,
      "22": 8,
      "23": 8,
      "24": 8,
      "25": 8,
      "26": 8,
      "27": 8,
      "28": 8,
      "29": 0,
      "30": 0,
      "31": 0,
      "32": 0,
      "33": 0
    },
    "f": {
      "0": 8,
      "1": 31,
      "2": 1,
      "3": 6,
      "4": 7,
      "5": 4,
      "6": 8,
      "7": 0
    },
    "b": {
      "0": [
        8,
        0
      ],
      "1": [
        0,
        8
      ],
      "2": [
        1,
        6
      ],
      "3": [
        8,
        0
      ],
      "4": [
        0,
        0
      ],
      "5": [
        0,
        0
      ]
    },
    "inputSourceMap": {
      "version": 3,
      "mappings": "AA0BM;;;;;;;;;;;;;;;;AA1BN,OAAO;AACP,SAASA,gBAAgB;AACzB,SAASC,sBAAsBC,yBAAyB;AACxD,OAAOC,YAAY;AACnB,SAASC,gBAAgBC,sBAAsB;AAE/C,SAASC,YAAyB;AAAAC;AAChC,QAAMC,WAAWJ,eAAe;AAChC,QAAMK,yBAAyBJ,eAAeJ,oBAAoB;AAClE,QAAM,CAACS,aAAaC,cAAc,IAAIX,SAASS,sBAAsB;AACrE,QAAMG,eAAeA,MAAM;AACzBJ,aAASN,kBAAkBQ,WAAW,CAAC;AAAA,EACzC;AAEA,WAASG,aAAaC,OAA4C;AAChEH,mBAAgBG,MAAMC,OAA4BC,KAAK;AAAA,EACzD;AAEA,WAASC,kBAAkBH,OAA8C;AACvE,QAAIA,MAAMI,QAAQ,SAAS;AACzBN,mBAAa;AAAA,IACf;AAAA,EACF;AAEA,SACE,uBAAC,SAAI,WAAU,UACb;AAAA,2BAAC,WACC,MAAK,UACL,aAAY,cACZ,WAAU,oBACV,UAAUC,cACV,WAAWI,mBACX,eAAY,gBACZ,cAAcR,0BAPhB;AAAA;AAAA;AAAA;AAAA,WAOuC;AAAA,IAEvC,uBAAC,YACC,MAAK,UACL,WAAU,kBACV,SAASG,cACT,eAAY,iBAEZ,iCAAC,SAAI,KAAKT,QAAQ,KAAI,YAAtB;AAAA;AAAA;AAAA;AAAA,WAA8B,KANhC;AAAA;AAAA;AAAA;AAAA,WAOA;AAAA,OAjBF;AAAA;AAAA;AAAA;AAAA,SAkBA;AAEJ;AAACI,GAvCQD,WAAS;AAAA,UACCF,gBACcC,cAAc;AAAA;AAAAc,KAFtCb;AAyCT,eAAeA;AAAU;AAAAc",
      "names": [
        "useState",
        "selectSearchBarValue",
        "setSearchBarValue",
        "Search",
        "useAppDispatch",
        "useAppSelector",
        "SearchBar",
        "_s",
        "dispatch",
        "searchValueFromStorage",
        "searchValue",
        "setSearchValue",
        "handleSubmit",
        "handleChange",
        "event",
        "target",
        "value",
        "onKeyPressHandler",
        "key",
        "_c",
        "$RefreshReg$"
      ],
      "sources": [
        "C:/Users/DELL/Desktop/React-task-one/src/components/searchBar/SearchBar.tsx"
      ],
      "file": "C:/Users/DELL/Desktop/React-task-one/src/components/searchBar/SearchBar.tsx"
    },
    "_coverageSchema": "1a1c01bbd47fc00a2c39e90264f33305004495a9",
    "hash": "629b7c75118cc84ff63d7c6e23662f39fc0591c8"
  },
  "C:/Users/DELL/Desktop/React-task-one/src/utils/api.ts": {
    "path": "C:/Users/DELL/Desktop/React-task-one/src/utils/api.ts",
    "statementMap": {
      "0": {
        "start": {
          "line": 1,
          "column": 23
        },
        "end": {
          "line": 10,
          "column": 1
        }
      },
      "1": {
        "start": {
          "line": 2,
          "column": 14
        },
        "end": {
          "line": 2,
          "column": 182
        }
      },
      "2": {
        "start": {
          "line": 3,
          "column": 19
        },
        "end": {
          "line": 3,
          "column": 35
        }
      },
      "3": {
        "start": {
          "line": 4,
          "column": 2
        },
        "end": {
          "line": 6,
          "column": 3
        }
      },
      "4": {
        "start": {
          "line": 5,
          "column": 4
        },
        "end": {
          "line": 5,
          "column": 63
        }
      },
      "5": {
        "start": {
          "line": 7,
          "column": 18
        },
        "end": {
          "line": 7,
          "column": 39
        }
      },
      "6": {
        "start": {
          "line": 8,
          "column": 15
        },
        "end": {
          "line": 8,
          "column": 36
        }
      },
      "7": {
        "start": {
          "line": 9,
          "column": 2
        },
        "end": {
          "line": 9,
          "column": 14
        }
      }
    },
    "fnMap": {
      "0": {
        "name": "(anonymous_0)",
        "decl": {
          "start": {
            "line": 1,
            "column": 23
          },
          "end": {
            "line": 1,
            "column": 24
          }
        },
        "loc": {
          "start": {
            "line": 1,
            "column": 70
          },
          "end": {
            "line": 10,
            "column": 1
          }
        },
        "line": 1
      }
    },
    "branchMap": {
      "0": {
        "loc": {
          "start": {
            "line": 4,
            "column": 2
          },
          "end": {
            "line": 6,
            "column": 3
          }
        },
        "type": "if",
        "locations": [
          {
            "start": {
              "line": 4,
              "column": 2
            },
            "end": {
              "line": 6,
              "column": 3
            }
          },
          {
            "start": {},
            "end": {}
          }
        ],
        "line": 4
      }
    },
    "s": {
      "0": 8,
      "1": 9,
      "2": 9,
      "3": 6,
      "4": 0,
      "5": 6,
      "6": 6,
      "7": 6
    },
    "f": {
      "0": 9
    },
    "b": {
      "0": [
        0,
        6
      ]
    },
    "inputSourceMap": {
      "version": 3,
      "sources": [
        "C:/Users/DELL/Desktop/React-task-one/src/utils/api.ts"
      ],
      "mappings": "AAAA,MAAM,iBAAiB,OACrB,OACA,SACA,YACA,YACG;AACH,QAAM,MAAM,+CAA+C,oBAAoB,uBAAuB,iBAAiB;AACvH,QAAM,WAAW,MAAM,MAAM,GAAG;AAChC,MAAI,CAAC,SAAS,IAAI;AAChB,UAAM,MAAM,6CAA6C;AAAA,EAC3D;AACA,QAAM,UAAU,MAAM,SAAS,KAAK;AACpC,QAAM,OAAO,MAAM,QAAQ;AAC3B,SAAO;AACT;AAEA,eAAe;",
      "names": []
    },
    "_coverageSchema": "1a1c01bbd47fc00a2c39e90264f33305004495a9",
    "hash": "9a672fd7fcf7fc6cf11054b8f61334c50588fb57"
  },
  "C:/Users/DELL/Desktop/React-task-one/src/components/homeCard/homeCardsSlice.ts": {
    "path": "C:/Users/DELL/Desktop/React-task-one/src/components/homeCard/homeCardsSlice.ts",
    "statementMap": {
      "0": {
        "start": {
          "line": 3,
          "column": 21
        },
        "end": {
          "line": 7,
          "column": 1
        }
      },
      "1": {
        "start": {
          "line": 8,
          "column": 30
        },
        "end": {
          "line": 14,
          "column": 1
        }
      },
      "2": {
        "start": {
          "line": 11,
          "column": 21
        },
        "end": {
          "line": 11,
          "column": 98
        }
      },
      "3": {
        "start": {
          "line": 12,
          "column": 4
        },
        "end": {
          "line": 12,
          "column": 20
        }
      },
      "4": {
        "start": {
          "line": 15,
          "column": 30
        },
        "end": {
          "line": 30,
          "column": 2
        }
      },
      "5": {
        "start": {
          "line": 20,
          "column": 4
        },
        "end": {
          "line": 28,
          "column": 7
        }
      },
      "6": {
        "start": {
          "line": 21,
          "column": 6
        },
        "end": {
          "line": 21,
          "column": 31
        }
      },
      "7": {
        "start": {
          "line": 23,
          "column": 6
        },
        "end": {
          "line": 23,
          "column": 33
        }
      },
      "8": {
        "start": {
          "line": 24,
          "column": 6
        },
        "end": {
          "line": 24,
          "column": 35
        }
      },
      "9": {
        "start": {
          "line": 26,
          "column": 6
        },
        "end": {
          "line": 26,
          "column": 30
        }
      },
      "10": {
        "start": {
          "line": 27,
          "column": 6
        },
        "end": {
          "line": 27,
          "column": 41
        }
      },
      "11": {
        "start": {
          "line": 32,
          "column": 30
        },
        "end": {
          "line": 32,
          "column": 62
        }
      },
      "12": {
        "start": {
          "line": 32,
          "column": 41
        },
        "end": {
          "line": 32,
          "column": 62
        }
      }
    },
    "fnMap": {
      "0": {
        "name": "(anonymous_0)",
        "decl": {
          "start": {
            "line": 10,
            "column": 2
          },
          "end": {
            "line": 10,
            "column": 3
          }
        },
        "loc": {
          "start": {
            "line": 10,
            "column": 18
          },
          "end": {
            "line": 13,
            "column": 3
          }
        },
        "line": 10
      },
      "1": {
        "name": "(anonymous_1)",
        "decl": {
          "start": {
            "line": 19,
            "column": 2
          },
          "end": {
            "line": 19,
            "column": 3
          }
        },
        "loc": {
          "start": {
            "line": 19,
            "column": 25
          },
          "end": {
            "line": 29,
            "column": 3
          }
        },
        "line": 19
      },
      "2": {
        "name": "(anonymous_2)",
        "decl": {
          "start": {
            "line": 20,
            "column": 44
          },
          "end": {
            "line": 20,
            "column": 45
          }
        },
        "loc": {
          "start": {
            "line": 20,
            "column": 55
          },
          "end": {
            "line": 22,
            "column": 5
          }
        },
        "line": 20
      },
      "3": {
        "name": "(anonymous_3)",
        "decl": {
          "start": {
            "line": 22,
            "column": 41
          },
          "end": {
            "line": 22,
            "column": 42
          }
        },
        "loc": {
          "start": {
            "line": 22,
            "column": 60
          },
          "end": {
            "line": 25,
            "column": 5
          }
        },
        "line": 22
      },
      "4": {
        "name": "(anonymous_4)",
        "decl": {
          "start": {
            "line": 25,
            "column": 40
          },
          "end": {
            "line": 25,
            "column": 41
          }
        },
        "loc": {
          "start": {
            "line": 25,
            "column": 59
          },
          "end": {
            "line": 28,
            "column": 5
          }
        },
        "line": 25
      },
      "5": {
        "name": "(anonymous_5)",
        "decl": {
          "start": {
            "line": 32,
            "column": 30
          },
          "end": {
            "line": 32,
            "column": 31
          }
        },
        "loc": {
          "start": {
            "line": 32,
            "column": 41
          },
          "end": {
            "line": 32,
            "column": 62
          }
        },
        "line": 32
      }
    },
    "branchMap": {},
    "s": {
      "0": 8,
      "1": 8,
      "2": 9,
      "3": 6,
      "4": 8,
      "5": 8,
      "6": 9,
      "7": 6,
      "8": 6,
      "9": 0,
      "10": 0,
      "11": 8,
      "12": 49
    },
    "f": {
      "0": 9,
      "1": 8,
      "2": 9,
      "3": 6,
      "4": 0,
      "5": 49
    },
    "b": {},
    "inputSourceMap": {
      "version": 3,
      "sources": [
        "C:/Users/DELL/Desktop/React-task-one/src/components/homeCard/homeCardsSlice.ts"
      ],
      "mappings": "AACA,SAAS,kBAAkB,mBAAmB;AAE9C,OAAO,oBAAoB;AAe3B,MAAM,eAA2B;AAAA,EAC/B,QAAQ;AAAA,EACR,OAAO;AAAA,EACP,OAAO,CAAC;AACV;AAEO,aAAM,iBAAiB;AAAA,EAC5B;AAAA,EACA,OAAO,SAA6B;AAClC,UAAM,WAAW,MAAM,eAAe,KAAK,OAAO,KAAK,SAAS,KAAK,YAAY,KAAK,OAAO;AAC7F,WAAO;AAAA,EACT;AACF;AAEO,aAAM,iBAAiB,YAAY;AAAA,EACxC,MAAM;AAAA,EACN;AAAA,EACA,UAAU,CAAC;AAAA,EACX,cAAc,SAAS;AACrB,YACG,QAAQ,eAAe,SAAS,CAAC,UAAU;AAC1C,YAAM,SAAS;AAAA,IACjB,CAAC,EACA,QAAQ,eAAe,WAAW,CAAC,OAAO,WAAW;AACpD,YAAM,SAAS;AACf,YAAM,QAAQ,OAAO;AAAA,IACvB,CAAC,EACA,QAAQ,eAAe,UAAU,CAAC,OAAO,WAAW;AACnD,YAAM,SAAS;AACf,YAAM,QAAQ,OAAO,MAAM;AAAA,IAC7B,CAAC;AAAA,EACL;AACF,CAAC;AAED,eAAe,eAAe;AAEvB,aAAM,iBAAiB,CAAC,UAC7B,MAAM,UAAU;",
      "names": []
    },
    "_coverageSchema": "1a1c01bbd47fc00a2c39e90264f33305004495a9",
    "hash": "b4d1c6cab59b66173840bbd6e39538d403b58549"
  },
  "C:/Users/DELL/Desktop/React-task-one/src/components/Loader/Loader.tsx": {
    "path": "C:/Users/DELL/Desktop/React-task-one/src/components/Loader/Loader.tsx",
    "statementMap": {
      "0": {
        "start": {
          "line": 5,
          "column": 0
        },
        "end": {
          "line": 15,
          "column": 1
        }
      },
      "1": {
        "start": {
          "line": 6,
          "column": 2
        },
        "end": {
          "line": 8,
          "column": 3
        }
      },
      "2": {
        "start": {
          "line": 7,
          "column": 4
        },
        "end": {
          "line": 7,
          "column": 165
        }
      },
      "3": {
        "start": {
          "line": 9,
          "column": 2
        },
        "end": {
          "line": 9,
          "column": 39
        }
      },
      "4": {
        "start": {
          "line": 10,
          "column": 2
        },
        "end": {
          "line": 10,
          "column": 39
        }
      },
      "5": {
        "start": {
          "line": 11,
          "column": 2
        },
        "end": {
          "line": 13,
          "column": 4
        }
      },
      "6": {
        "start": {
          "line": 12,
          "column": 4
        },
        "end": {
          "line": 12,
          "column": 113
        }
      },
      "7": {
        "start": {
          "line": 14,
          "column": 2
        },
        "end": {
          "line": 14,
          "column": 75
        }
      },
      "8": {
        "start": {
          "line": 18,
          "column": 2
        },
        "end": {
          "line": 63,
          "column": 11
[...]
      "13": 3,
      "14": 8,
      "15": 2,
      "16": 8,
      "17": 8,
      "18": 8,
      "19": 8,
      "20": 8,
      "21": 8,
      "22": 8,
      "23": 8,
      "24": 0,
      "25": 0,
      "26": 0,
      "27": 0,
      "28": 0
    },
    "f": {
      "0": 8,
      "1": 3,
      "2": 1,
      "3": 2,
      "4": 8,
      "5": 0
    },
    "b": {
      "0": [
        8,
        0
      ],
      "1": [
        0,
        8
      ],
      "2": [
        8,
        0
      ],
      "3": [
        0,
        0
      ],
      "4": [
        0,
        0
      ]
    },
    "inputSourceMap": {
      "version": 3,
      "mappings": "AAUW;;;;;;;;;;;;;;;;AAVX,OAAO;AACP,OAAOA,UAAU;AACjB,OAAOC,cAAc;AACrB,SAASC,sBAAsB;AAC/B,SAASC,sBAAsB;AAE/B,SAASC,WAAwB;AAAAC;AAC/B,QAAMC,YAAYH,eAAeD,cAAc;AAE/C,QAAMK,QAAQD,UAAUE,IAAKC,QAAO;AAClC,WAAO,uBAAC,YAAS,MAAMA,MAASA,GAAGC,IAA5B;AAAA;AAAA;AAAA;AAAA,WAA+B;AAAA,EACxC,CAAC;AACD,SACE,uBAAC,SACC;AAAA,2BAAC,UAAD;AAAA;AAAA;AAAA;AAAA,WAAK;AAAA,IACL,uBAAC,SAAI,WAAU,cAAcH,mBAA7B;AAAA;AAAA;AAAA;AAAA,WAAmC;AAAA,OAFrC;AAAA;AAAA;AAAA;AAAA,SAGA;AAEJ;AAACF,GAZQD,UAAQ;AAAA,UACGD,cAAc;AAAA;AAAAQ,KADzBP;AAcT,eAAeA;AAAS;AAAAQ",
      "names": [
        "Form",
        "FormCard",
        "selectFormData",
        "useAppSelector",
        "FormPage",
        "_s",
        "cardsData",
        "cards",
        "map",
        "el",
        "id",
        "_c",
        "$RefreshReg$"
      ],
      "sources": [
        "C:/Users/DELL/Desktop/React-task-one/src/pages/FormPage/FormPage.tsx"
      ],
      "file": "C:/Users/DELL/Desktop/React-task-one/src/pages/FormPage/FormPage.tsx"
    },
    "_coverageSchema": "1a1c01bbd47fc00a2c39e90264f33305004495a9",
    "hash": "497c0fe0b6b167d34b8b33ea5a46e219a996438d"
  },
  "C:/Users/DELL/Desktop/React-task-one/src/App.tsx": {
    "path": "C:/Users/DELL/Desktop/React-task-one/src/App.tsx",
    "statementMap": {
      "0": {
        "start": {
          "line": 5,
          "column": 0
        },
        "end": {
          "line": 15,
          "column": 1
        }
      },
      "1": {
        "start": {
          "line": 6,
          "column": 2
        },
        "end": {
          "line": 8,
          "column": 3
        }
      },
      "2": {
        "start": {
          "line": 7,
          "column": 4
        },
        "end": {
          "line": 7,
          "column": 165
        }
      },
      "3": {
        "start": {
          "line": 9,
          "column": 2
        },
        "end": {
          "line": 9,
          "column": 39
        }
      },
      "4": {
        "start": {
          "line": 10,
          "column": 2
        },
        "end": {
          "line": 10,
          "column": 39
        }
      },
      "5": {
        "start": {
          "line": 11,
          "column": 2
        },
        "end": {
          "line": 13,
          "column": 4
        }
      },
      "6": {
        "start": {
          "line": 12,
          "column": 4
        },
        "end": {
          "line": 12,
          "column": 92
        }
      },
      "7": {
        "start": {
          "line": 14,
          "column": 2
        },
        "end": {
          "line": 14,
          "column": 75
        }
      },
      "8": {
        "start": {
          "line": 24,
          "column": 2
        },
        "end": {
          "line": 97,
          "column": 11
        }
      },
      "9": {
        "start": {
          "line": 99,
          "column": 0
        },
        "end": {
          "line": 99,
          "column": 9
        }
      },
      "10": {
        "start": {
          "line": 102,
          "column": 0
        },
        "end": {
          "line": 102,
          "column": 24
        }
      },
      "11": {
        "start": {
          "line": 103,
          "column": 0
        },
        "end": {
          "line": 119,
          "column": 1
        }
      },
      "12": {
        "start": {
          "line": 104,
          "column": 2
        },
        "end": {
          "line": 104,
          "column": 39
        }
      },
      "13": {
        "start": {
          "line": 105,
          "column": 2
        },
        "end": {
          "line": 105,
          "column": 39
        }
      },
      "14": {
        "start": {
          "line": 106,
          "column": 2
        },
        "end": {
          "line": 118,
          "column": 5
        }
      },
      "15": {
        "start": {
          "line": 110,
          "column": 4
        },
        "end": {
          "line": 110,
          "column": 118
        }
      },
      "16": {
        "start": {
          "line": 111,
          "column": 4
        },
        "end": {
          "line": 117,
          "column": 7
        }
      },
      "17": {
        "start": {
          "line": 112,
          "column": 6
        },
        "end": {
          "line": 113,
          "column": 15
        }
      },
      "18": {
        "start": {
          "line": 113,
          "column": 8
        },
        "end": {
          "line": 113,
          "column": 15
        }
      },
      "19": {
        "start": {
          "line": 114,
          "column": 32
        },
        "end": {
          "line": 114,
          "column": 115
        }
      },
      "20": {
        "start": {
          "line": 115,
          "column": 6
        },
        "end": {
          "line": 116,
          "column": 54
        }
      },
      "21": {
        "start": {
          "line": 116,
          "column": 8
        },
        "end": {
          "line": 116,
          "column": 54
        }
      }
    },
    "fnMap": {
      "0": {
        "name": "(anonymous_0)",
        "decl": {
          "start": {
            "line": 11,
            "column": 24
          },
          "end": {
            "line": 11,
            "column": 25
          }
        },
        "loc": {
          "start": {
            "line": 11,
            "column": 38
          },
          "end": {
            "line": 13,
            "column": 3
          }
        },
        "line": 11
      },
      "1": {
        "name": "App",
        "decl": {
          "start": {
            "line": 23,
            "column": 9
          },
          "end": {
            "line": 23,
            "column": 12
          }
        },
        "loc": {
          "start": {
            "line": 23,
            "column": 15
          },
          "end": {
            "line": 98,
            "column": 1
          }
        },
        "line": 23
      },
      "2": {
        "name": "(anonymous_2)",
        "decl": {
          "start": {
            "line": 109,
            "column": 9
          },
          "end": {
            "line": 109,
            "column": 10
          }
        },
        "loc": {
          "start": {
            "line": 109,
            "column": 29
          },
          "end": {
            "line": 118,
            "column": 3
          }
        },
        "line": 109
      },
      "3": {
        "name": "(anonymous_3)",
        "decl": {
          "start": {
            "line": 111,
            "column": 27
          },
          "end": {
            "line": 111,
            "column": 28
          }
        },
        "loc": {
          "start": {
            "line": 111,
            "column": 44
          },
          "end": {
            "line": 117,
            "column": 5
          }
        },
        "line": 111
      }
    },
    "branchMap": {
      "0": {
        "loc": {
          "start": {
            "line": 5,
            "column": 0
          },
          "end": {
            "line": 15,
            "column": 1
          }
        },
        "type": "if",
        "locations": [
          {
            "start": {
              "line": 5,
              "column": 0
            },
            "end": {
              "line": 15,
              "column": 1
            }
          },
          {
            "start": {},
            "end": {}
          }
        ],
        "line": 5
      },
      "1": {
        "loc": {
          "start": {
            "line": 6,
            "column": 2
          },
          "end": {
            "line": 8,
            "column": 3
          }
        },
        "type": "if",
        "locations": [
          {
            "start": {
              "line": 6,
              "column": 2
            },
            "end": {
              "line": 8,
              "column": 3
            }
          },
          {
            "start": {},
            "end": {}
          }
        ],
        "line": 6
      },
      "2": {
        "loc": {
          "start": {
            "line": 103,
            "column": 0
          },
          "end": {
            "line": 119,
            "column": 1
          }
        },
        "type": "if",
        "locations": [
          {
            "start": {
              "line": 103,
              "column": 0
            },
            "end": {
              "line": 119,
              "column": 1
            }
          },
          {
            "start": {},
            "end": {}
          }
        ],
        "line": 103
      },
      "3": {
        "loc": {
          "start": {
            "line": 112,
            "column": 6
          },
          "end": {
            "line": 113,
            "column": 15
          }
        },
        "type": "if",
        "locations": [
          {
            "start": {
              "line": 112,
              "column": 6
            },
            "end": {
              "line": 113,
              "column": 15
            }
          },
          {
            "start": {},
            "end": {}
          }
        ],
        "line": 112
      },
      "4": {
        "loc": {
          "start": {
            "line": 115,
            "column": 6
          },
          "end": {
            "line": 116,
            "column": 54
          }
        },
        "type": "if",
        "locations": [
          {
            "start": {
              "line": 115,
              "column": 6
            },
            "end": {
              "line": 116,
              "column": 54
            }
          },
          {
            "start": {},
            "end": {}
          }
        ],
        "line": 115
      }
    },
    "s": {
      "0": 8,
      "1": 8,
      "2": 0,
      "3": 8,
      "4": 8,
      "5": 8,
      "6": 8,
      "7": 8,
      "8": 8,
      "9": 8,
      "10": 8,
      "11": 8,
      "12": 8,
      "13": 8,
      "14": 8,
      "15": 8,
      "16": 8,
      "17": 0,
      "18": 0,
      "19": 0,
      "20": 0,
      "21": 0
    },
    "f": {
      "0": 8,
      "1": 8,
      "2": 8,
      "3": 0
    },
    "b": {
      "0": [
        8,
        0
      ],
      "1": [
        0,
        8
      ],
      "2": [
        8,
        0
      ],
      "3": [
        0,
        0
      ],
      "4": [
        0,
        0
      ]
    },
    "inputSourceMap": {
      "version": 3,
      "mappings": "AAYQ;AAZR,2BAAwBA;AAAe;AAAkB;AAAA;AAAA;AAAA;AAAA;AAAA;AAAA;AAAA;AAAA;AAAA;AAAA;AAAA;AAAA;AACzD,OAAOC,UAAU;AACjB,OAAOC,cAAc;AACrB,OAAOC,YAAY;AACnB,OAAOC,aAAa;AACpB,OAAOC,cAAc;AACrB,OAAO;AAEP,SAASC,MAAmB;AAC1B,SACE,uBAAC,SACC;AAAA,2BAAC,SAAI,WAAU,cACb;AAAA,6BAAC,WAAQ,WAAU,aAAY,IAAG,KAAI,uBAAtC;AAAA;AAAA;AAAA;AAAA,aAEA;AAAA,MACA,uBAAC,WAAQ,WAAU,aAAY,IAAG,aAAY,wBAA9C;AAAA;AAAA;AAAA;AAAA,aAEA;AAAA,MACA,uBAAC,WAAQ,WAAU,aAAY,IAAG,SAAQ,oBAA1C;AAAA;AAAA;AAAA;AAAA,aAEA;AAAA,SATF;AAAA;AAAA;AAAA;AAAA,WAUA;AAAA,IACA,uBAAC,YAAD;AAAA;AAAA;AAAA;AAAA,WAAO;AAAA,IACP,uBAAC,UACC;AAAA,6BAAC,SAAM,MAAK,aAAY,SAAS,uBAAC,aAAD;AAAA;AAAA;AAAA;AAAA,aAAQ,KAAzC;AAAA;AAAA;AAAA;AAAA,aAA6C;AAAA,MAC7C,uBAAC,SAAM,MAAK,KAAI,SAAS,uBAAC,UAAD;AAAA;AAAA;AAAA;AAAA,aAAK,KAA9B;AAAA;AAAA;AAAA;AAAA,aAAkC;AAAA,MAClC,uBAAC,SAAM,MAAK,SAAQ,SAAS,uBAAC,cAAD;AAAA;AAAA;AAAA;AAAA,aAAS,KAAtC;AAAA;AAAA;AAAA;AAAA,aAA0C;AAAA,MAC1C,uBAAC,SAAM,MAAK,KAAI,SAAS,uBAAC,cAAD;AAAA;AAAA;AAAA;AAAA,aAAS,KAAlC;AAAA;AAAA;AAAA;AAAA,aAAsC;AAAA,SAJxC;AAAA;AAAA;AAAA;AAAA,WAKA;AAAA,OAlBF;AAAA;AAAA;AAAA;AAAA,SAmBA;AAEJ;AAACC,KAvBQD;AAyBT,eAAeA;AAAI;AAAAE",
      "names": [
        "NavLink",
        "Home",
        "NotFound",
        "Header",
        "AboutUs",
        "FormPage",
        "App",
        "_c",
        "$RefreshReg$"
      ],
      "sources": [
        "C:/Users/DELL/Desktop/React-task-one/src/App.tsx"
      ],
      "file": "C:/Users/DELL/Desktop/React-task-one/src/App.tsx"
    },
    "_coverageSchema": "1a1c01bbd47fc00a2c39e90264f33305004495a9",
    "hash": "340c13fe4129dd9dcb111fb89c6fdabaf07da01a"
  },
  "C:/Users/DELL/Desktop/React-task-one/src/app/store.ts": {
    "path": "C:/Users/DELL/Desktop/React-task-one/src/app/store.ts",
    "statementMap": {
      "0": {
        "start": {
          "line": 5,
          "column": 21
        },
        "end": {
          "line": 16,
          "column": 2
        }
      },
      "1": {
        "start": {
          "line": 11,
          "column": 40
        },
        "end": {
          "line": 15,
          "column": 4
        }
      }
    },
    "fnMap": {
      "0": {
        "name": "(anonymous_0)",
        "decl": {
          "start": {
            "line": 11,
            "column": 14
          },
          "end": {
            "line": 11,
            "column": 15
          }
        },
        "loc": {
          "start": {
            "line": 11,
            "column": 40
          },
          "end": {
            "line": 15,
            "column": 4
          }
        },
        "line": 11
      }
    },
    "branchMap": {},
    "s": {
      "0": 8,
      "1": 8
    },
    "f": {
      "0": 8
    },
    "b": {},
    "inputSourceMap": {
      "version": 3,
      "sources": [
        "C:/Users/DELL/Desktop/React-task-one/src/app/store.ts"
      ],
      "mappings": "AAAA,SAAS,sBAAsB;AAC/B,OAAO,sBAAsB;AAC7B,OAAO,sBAAsB;AAC7B,OAAO,iBAAiB;AAEjB,aAAM,QAAQ,eAAe;AAAA,EAClC,SAAS;AAAA,IACP,gBAAgB;AAAA,IAChB,WAAW;AAAA,IACX,UAAU;AAAA,EACZ;AAAA,EACA,YAAY,CAAC,yBACX,qBAAqB;AAAA,IACnB,OAAO;AAAA,MACL,eAAe;AAAA,IACjB;AAAA,EACF,CAAC;AACL,CAAC;",
      "names": []
    },
    "_coverageSchema": "1a1c01bbd47fc00a2c39e90264f33305004495a9",
    "hash": "6eec31fd8f4b57e25901f2486f89df5820581e41"
  },
  "C:/Users/DELL/Desktop/React-task-one/src/entry-client.tsx": {
    "path": "C:/Users/DELL/Desktop/React-task-one/src/entry-client.tsx",
    "statementMap": {
      "0": {
        "start": {
          "line": 7,
          "column": 0
        },
        "end": {
          "line": 19,
          "column": 10
        }
      }
    },
    "fnMap": {},
    "branchMap": {},
    "s": {
      "0": 8
    },
    "f": {},
    "b": {},
    "inputSourceMap": {
      "version": 3,
      "mappings": "AAUM;AAVN,OAAOA,cAAc;AACrB,SAASC,qBAAqB;AAC9B,SAASC,gBAAgB;AACzB,OAAOC,SAAS;AAChB,SAASC,aAAa;AAEtBJ,SAASK,YACPC,SAASC,eAAe,MAAM,GAC9B,uBAAC,iBACC,iCAAC,YAAS,OACR,iCAAC,SAAD;AAAA;AAAA;AAAA;AAAA,OAAI,KADN;AAAA;AAAA;AAAA;AAAA,OAEA,KAHF;AAAA;AAAA;AAAA;AAAA,OAIA,CACF",
      "names": [
        "ReactDOM",
        "BrowserRouter",
        "Provider",
        "App",
        "store",
        "hydrateRoot",
        "document",
        "getElementById"
      ],
      "sources": [
        "C:/Users/DELL/Desktop/React-task-one/src/entry-client.tsx"
      ],
      "file": "C:/Users/DELL/Desktop/React-task-one/src/entry-client.tsx"
    },
    "_coverageSchema": "1a1c01bbd47fc00a2c39e90264f33305004495a9",
    "hash": "bd6bdd92766f13fe2433d5a88dbbe8f2a49844fd"
  },
  "C:/Users/DELL/Desktop/React-task-one/src/App.test.tsx": {
    "path": "C:/Users/DELL/Desktop/React-task-one/src/App.test.tsx",
    "statementMap": {},
    "fnMap": {},
    "branchMap": {},
    "s": {},
    "f": {},
    "b": {}
  },
  "C:/Users/DELL/Desktop/React-task-one/src/data.ts": {
    "path": "C:/Users/DELL/Desktop/React-task-one/src/data.ts",
    "statementMap": {},
    "fnMap": {},
    "branchMap": {},
    "s": {},
    "f": {},
    "b": {}
  },
  "C:/Users/DELL/Desktop/React-task-one/src/entry-server.tsx": {
    "path": "C:/Users/DELL/Desktop/React-task-one/src/entry-server.tsx",
    "statementMap": {},
    "fnMap": {},
    "branchMap": {},
    "s": {},
    "f": {},
    "b": {}
  },
  "C:/Users/DELL/Desktop/React-task-one/src/setupTests.ts": {
    "path": "C:/Users/DELL/Desktop/React-task-one/src/setupTests.ts",
    "statementMap": {},
    "fnMap": {},
    "branchMap": {},
    "s": {},
    "f": {},
    "b": {}
  },
  "C:/Users/DELL/Desktop/React-task-one/src/vite-env.d.ts": {
    "path": "C:/Users/DELL/Desktop/React-task-one/src/vite-env.d.ts",
    "statementMap": {},
    "fnMap": {},
    "branchMap": {},
    "s": {},
    "f": {},
    "b": {}
  },
  "C:/Users/DELL/Desktop/React-task-one/src/types/types.tsx": {
    "path": "C:/Users/DELL/Desktop/React-task-one/src/types/types.tsx",
    "statementMap": {},
    "fnMap": {},
    "branchMap": {},
    "s": {},
    "f": {},
    "b": {}
  },
  "C:/Users/DELL/Desktop/React-task-one/src/components/Form/Form.test.tsx": {
    "path": "C:/Users/DELL/Desktop/React-task-one/src/components/Form/Form.test.tsx",
    "statementMap": {},
    "fnMap": {},
    "branchMap": {},
    "s": {},
    "f": {},
    "b": {}
  },
  "C:/Users/DELL/Desktop/React-task-one/src/components/FormCard/FormCard.test.tsx": {
    "path": "C:/Users/DELL/Desktop/React-task-one/src/components/FormCard/FormCard.test.tsx",
    "statementMap": {},
    "fnMap": {},
    "branchMap": {},
    "s": {},
    "f": {},
    "b": {}
  },
  "C:/Users/DELL/Desktop/React-task-one/src/components/Header/Header.test.tsx": {
    "path": "C:/Users/DELL/Desktop/React-task-one/src/components/Header/Header.test.tsx",
    "statementMap": {},
    "fnMap": {},
    "branchMap": {},
    "s": {},
    "f": {},
    "b": {}
  },
  "C:/Users/DELL/Desktop/React-task-one/src/components/homeCard/HomeCard.test.tsx": {
    "path": "C:/Users/DELL/Desktop/React-task-one/src/components/homeCard/HomeCard.test.tsx",
    "statementMap": {},
    "fnMap": {},
    "branchMap": {},
    "s": {},
    "f": {},
    "b": {}
  },
  "C:/Users/DELL/Desktop/React-task-one/src/components/ModalHomeCard/ModalHomeCard.test.tsx": {
    "path": "C:/Users/DELL/Desktop/React-task-one/src/components/ModalHomeCard/ModalHomeCard.test.tsx",
    "statementMap": {},
    "fnMap": {},
    "branchMap": {},
    "s": {},
    "f": {},
    "b": {}
  },
  "C:/Users/DELL/Desktop/React-task-one/src/components/searchBar/SearchBar.test.tsx": {
    "path": "C:/Users/DELL/Desktop/React-task-one/src/components/searchBar/SearchBar.test.tsx",
    "statementMap": {},
    "fnMap": {},
    "branchMap": {},
    "s": {},
    "f": {},
    "b": {}
  },
  "C:/Users/DELL/Desktop/React-task-one/src/components/SpinnerOval/SpinnerOval.tsx": {
    "path": "C:/Users/DELL/Desktop/React-task-one/src/components/SpinnerOval/SpinnerOval.tsx",
    "statementMap": {},
    "fnMap": {},
    "branchMap": {},
    "s": {},
    "f": {},
    "b": {}
  },
  "C:/Users/DELL/Desktop/React-task-one/src/pages/AboutUs/AboutUsPage.test.tsx": {
    "path": "C:/Users/DELL/Desktop/React-task-one/src/pages/AboutUs/AboutUsPage.test.tsx",
    "statementMap": {},
    "fnMap": {},
    "branchMap": {},
    "s": {},
    "f": {},
    "b": {}
  },
  "C:/Users/DELL/Desktop/React-task-one/src/pages/FormPage/FormPage.test.tsx": {
    "path": "C:/Users/DELL/Desktop/React-task-one/src/pages/FormPage/FormPage.test.tsx",
    "statementMap": {},
    "fnMap": {},
    "branchMap": {},
    "s": {},
    "f": {},
    "b": {}
  },
  "C:/Users/DELL/Desktop/React-task-one/src/pages/Home/HomePage.test.tsx": {
    "path": "C:/Users/DELL/Desktop/React-task-one/src/pages/Home/HomePage.test.tsx",
    "statementMap": {},
    "fnMap": {},
    "branchMap": {},
    "s": {},
    "f": {},
    "b": {}
  },
  "C:/Users/DELL/Desktop/React-task-one/src/pages/NotFound/NotFound.test.tsx": {
    "path": "C:/Users/DELL/Desktop/React-task-one/src/pages/NotFound/NotFound.test.tsx",
    "statementMap": {},
    "fnMap": {},
    "branchMap": {},
    "s": {},
    "f": {},
    "b": {}
  }
}
