{"total": {"lines":{"total":182,"covered":170,"skipped":0,"pct":93.4},"statements":{"total":197,"covered":184,"skipped":0,"pct":93.4},"functions":{"total":61,"covered":53,"skipped":0,"pct":86.88},"branches":{"total":59,"covered":43,"skipped":0,"pct":72.88},"branchesTrue":{"total":0,"covered":0,"skipped":0,"pct":100}}
,"C:/Users/DELL/Desktop/React-task-one/src/App.tsx": {"lines":{"total":4,"covered":4,"skipped":0,"pct":100},"functions":{"total":2,"covered":2,"skipped":0,"pct":100},"statements":{"total":4,"covered":4,"skipped":0,"pct":100},"branches":{"total":1,"covered":1,"skipped":0,"pct":100}}
,"C:/Users/DELL/Desktop/React-task-one/src/entry-client.tsx": {"lines":{"total":1,"covered":1,"skipped":0,"pct":100},"functions":{"total":0,"covered":0,"skipped":0,"pct":100},"statements":{"total":1,"covered":1,"skipped":0,"pct":100},"branches":{"total":0,"covered":0,"skipped":0,"pct":100}}
,"C:/Users/DELL/Desktop/React-task-one/src/app/hooks.ts": {"lines":{"total":2,"covered":2,"skipped":0,"pct":100},"functions":{"total":0,"covered":0,"skipped":0,"pct":100},"statements":{"total":2,"covered":2,"skipped":0,"pct":100},"branches":{"total":0,"covered":0,"skipped":0,"pct":100}}
,"C:/Users/DELL/Desktop/React-task-one/src/app/store.ts": {"lines":{"total":2,"covered":2,"skipped":0,"pct":100},"functions":{"total":1,"covered":1,"skipped":0,"pct":100},"statements":{"total":2,"covered":2,"skipped":0,"pct":100},"branches":{"total":0,"covered":0,"skipped":0,"pct":100}}
,"C:/Users/DELL/Desktop/React-task-one/src/components/Form/Form.tsx": {"lines":{"total":20,"covered":19,"skipped":0,"pct":95},"functions":{"total":6,"covered":5,"skipped":0,"pct":83.33},"statements":{"total":22,"covered":21,"skipped":0,"pct":95.45},"branches":{"total":20,"covered":11,"skipped":0,"pct":55}}
,"C:/Users/DELL/Desktop/React-task-one/src/components/Form/formSlice.ts": {"lines":{"total":6,"covered":6,"skipped":0,"pct":100},"functions":{"total":2,"covered":2,"skipped":0,"pct":100},"statements":{"total":7,"covered":7,"skipped":0,"pct":100},"branches":{"total":0,"covered":0,"skipped":0,"pct":100}}
,"C:/Users/DELL/Desktop/React-task-one/src/components/FormCard/FormCard.tsx": {"lines":{"total":6,"covered":6,"skipped":0,"pct":100},"functions":{"total":2,"covered":2,"skipped":0,"pct":100},"statements":{"total":6,"covered":6,"skipped":0,"pct":100},"branches":{"total":1,"covered":1,"skipped":0,"pct":100}}
,"C:/Users/DELL/Desktop/React-task-one/src/components/Header/Header.tsx": {"lines":{"total":11,"covered":11,"skipped":0,"pct":100},"functions":{"total":3,"covered":3,"skipped":0,"pct":100},"statements":{"total":13,"covered":13,"skipped":0,"pct":100},"branches":{"total":4,"covered":4,"skipped":0,"pct":100}}
,"C:/Users/DELL/Desktop/React-task-one/src/components/Loader/Loader.tsx": {"lines":{"total":4,"covered":4,"skipped":0,"pct":100},"functions":{"total":2,"covered":2,"skipped":0,"pct":100},"statements":{"total":4,"covered":4,"skipped":0,"pct":100},"branches":{"total":1,"covered":1,"skipped":0,"pct":100}}
,"C:/Users/DELL/Desktop/React-task-one/src/components/Modal/Modal.tsx": {"lines":{"total":13,"covered":11,"skipped":0,"pct":84.61},"functions":{"total":3,"covered":2,"skipped":0,"pct":66.66},"statements":{"total":14,"covered":12,"skipped":0,"pct":85.71},"branches":{"total":5,"covered":4,"skipped":0,"pct":80}}
,"C:/Users/DELL/Desktop/React-task-one/src/components/ModalHomeCard/ModalHomeCard.tsx": {"lines":{"total":11,"covered":11,"skipped":0,"pct":100},"functions":{"total":3,"covered":3,"skipped":0,"pct":100},"statements":{"total":11,"covered":11,"skipped":0,"pct":100},"branches":{"total":3,"covered":3,"skipped":0,"pct":100}}
,"C:/Users/DELL/Desktop/React-task-one/src/components/homeCard/HomeCard.tsx": {"lines":{"total":14,"covered":13,"skipped":0,"pct":92.85},"functions":{"total":5,"covered":4,"skipped":0,"pct":80},"statements":{"total":15,"covered":14,"skipped":0,"pct":93.33},"branches":{"total":4,"covered":4,"skipped":0,"pct":100}}
,"C:/Users/DELL/Desktop/React-task-one/src/components/homeCard/homeCardsSlice.ts": {"lines":{"total":13,"covered":11,"skipped":0,"pct":84.61},"functions":{"total":6,"covered":5,"skipped":0,"pct":83.33},"statements":{"total":13,"covered":11,"skipped":0,"pct":84.61},"branches":{"total":0,"covered":0,"skipped":0,"pct":100}}
,"C:/Users/DELL/Desktop/React-task-one/src/components/searchBar/SearchBar.tsx": {"lines":{"total":12,"covered":12,"skipped":0,"pct":100},"functions":{"total":5,"covered":5,"skipped":0,"pct":100},"statements":{"total":14,"covered":14,"skipped":0,"pct":100},"branches":{"total":1,"covered":1,"skipped":0,"pct":100}}
,"C:/Users/DELL/Desktop/React-task-one/src/components/searchBar/searchBarSlice.ts": {"lines":{"total":5,"covered":5,"skipped":0,"pct":100},"functions":{"total":2,"covered":2,"skipped":0,"pct":100},"statements":{"total":5,"covered":5,"skipped":0,"pct":100},"branches":{"total":0,"covered":0,"skipped":0,"pct":100}}
,"C:/Users/DELL/Desktop/React-task-one/src/pages/AboutUs/AboutUs.tsx": {"lines":{"total":4,"covered":4,"skipped":0,"pct":100},"functions":{"total":2,"covered":2,"skipped":0,"pct":100},"statements":{"total":4,"covered":4,"skipped":0,"pct":100},"branches":{"total":1,"covered":1,"skipped":0,"pct":100}}
,"C:/Users/DELL/Desktop/React-task-one/src/pages/FormPage/FormPage.tsx": {"lines":{"total":7,"covered":7,"skipped":0,"pct":100},"functions":{"total":3,"covered":3,"skipped":0,"pct":100},"statements":{"total":9,"covered":9,"skipped":0,"pct":100},"branches":{"total":0,"covered":0,"skipped":0,"pct":100}}
,"C:/Users/DELL/Desktop/React-task-one/src/pages/Home/Home.tsx": {"lines":{"total":35,"covered":30,"skipped":0,"pct":85.71},"functions":{"total":11,"covered":7,"skipped":0,"pct":63.63},"statements":{"total":39,"covered":33,"skipped":0,"pct":84.61},"branches":{"total":16,"covered":11,"skipped":0,"pct":68.75}}
,"C:/Users/DELL/Desktop/React-task-one/src/pages/NotFound/NotFound.tsx": {"lines":{"total":4,"covered":4,"skipped":0,"pct":100},"functions":{"total":2,"covered":2,"skipped":0,"pct":100},"statements":{"total":4,"covered":4,"skipped":0,"pct":100},"branches":{"total":1,"covered":1,"skipped":0,"pct":100}}
,"C:/Users/DELL/Desktop/React-task-one/src/types/types.tsx": {"lines":{"total":0,"covered":0,"skipped":0,"pct":0},"functions":{"total":0,"covered":0,"skipped":0,"pct":0},"statements":{"total":0,"covered":0,"skipped":0,"pct":0},"branches":{"total":0,"covered":0,"skipped":0,"pct":0}}
,"C:/Users/DELL/Desktop/React-task-one/src/utils/api.ts": {"lines":{"total":8,"covered":7,"skipped":0,"pct":87.5},"functions":{"total":1,"covered":1,"skipped":0,"pct":100},"statements":{"total":8,"covered":7,"skipped":0,"pct":87.5},"branches":{"total":1,"covered":0,"skipped":0,"pct":0}}
}
