{"C:/Users/DELL/Desktop/React-task-one/src/App.tsx": {"path":"C:/Users/DELL/Desktop/React-task-one/src/App.tsx","statementMap":{"0":{"start":{"line":1,"column":57},"end":{"line":1,"column":null}},"1":{"start":{"line":10,"column":2},"end":{"line":30,"column":null}},"2":{"start":{"line":32,"column":1},"end":{"line":9,"column":28}},"3":{"start":{"line":34,"column":19},"end":{"line":34,"column":null}}},"fnMap":{"0":{"name":"(anonymous_0)","decl":{"start":{"line":1,"column":57},"end":{"line":1,"column":null}},"loc":{"start":{"line":1,"column":57},"end":{"line":1,"column":null}}},"1":{"name":"App","decl":{"start":{"line":9,"column":9},"end":{"line":9,"column":28}},"loc":{"start":{"line":9,"column":28},"end":{"line":32,"column":1}}}},"branchMap":{"0":{"loc":{"start":{"line":1,"column":57},"end":{"line":1,"column":null}},"type":"if","locations":[{"start":{"line":1,"column":57},"end":{"line":1,"column":null}}]}},"s":{"0":154,"1":22,"2":22,"3":22},"f":{"0":22,"1":22},"b":{"0":[22]}}
,"C:/Users/DELL/Desktop/React-task-one/src/entry-client.tsx": {"path":"C:/Users/DELL/Desktop/React-task-one/src/entry-client.tsx","statementMap":{"0":{"start":{"line":7,"column":0},"end":{"line":14,"column":null}}},"fnMap":{},"branchMap":{},"s":{"0":22},"f":{},"b":{}}
,"C:/Users/DELL/Desktop/React-task-one/src/app/hooks.ts": {"path":"C:/Users/DELL/Desktop/React-task-one/src/app/hooks.ts","statementMap":{"0":{"start":{"line":4,"column":49},"end":{"line":4,"column":null}},"1":{"start":{"line":5,"column":63},"end":{"line":5,"column":null}}},"fnMap":{},"branchMap":{},"s":{"0":22,"1":22},"f":{},"b":{}}
,"C:/Users/DELL/Desktop/React-task-one/src/app/store.ts": {"path":"C:/Users/DELL/Desktop/React-task-one/src/app/store.ts","statementMap":{"0":{"start":{"line":6,"column":21},"end":{"line":18,"column":null}},"1":{"start":{"line":13,"column":4},"end":{"line":17,"column":null}}},"fnMap":{"0":{"name":"(anonymous_0)","decl":{"start":{"line":12,"column":14},"end":{"line":12,"column":15}},"loc":{"start":{"line":13,"column":4},"end":{"line":17,"column":null}}}},"branchMap":{},"s":{"0":22,"1":22},"f":{"0":22},"b":{}}
,"C:/Users/DELL/Desktop/React-task-one/src/components/Form/Form.tsx": {"path":"C:/Users/DELL/Desktop/React-task-one/src/components/Form/Form.tsx","statementMap":{"0":{"start":{"line":10,"column":29},"end":{"line":10,"column":null}},"1":{"start":{"line":11,"column":19},"end":{"line":11,"column":null}},"2":{"start":{"line":12,"column":36},"end":{"line":12,"column":null}},"3":{"start":{"line":19,"column":6},"end":{"line":21,"column":null}},"4":{"start":{"line":23,"column":22},"end":{"line":26,"column":null}},"5":{"start":{"line":24,"column":17},"end":{"line":24,"column":null}},"6":{"start":{"line":25,"column":4},"end":{"line":25,"column":null}},"7":{"start":{"line":28,"column":44},"end":{"line":46,"column":null}},"8":{"start":{"line":29,"column":17},"end":{"line":29,"column":null}},"9":{"start":{"line":30,"column":21},"end":{"line":38,"column":null}},"10":{"start":{"line":39,"column":4},"end":{"line":39,"column":null}},"11":{"start":{"line":40,"column":4},"end":{"line":40,"column":null}},"12":{"start":{"line":41,"column":4},"end":{"line":41,"column":null}},"13":{"start":{"line":42,"column":4},"end":{"line":42,"column":null}},"14":{"start":{"line":43,"column":4},"end":{"line":45,"column":null}},"15":{"start":{"line":44,"column":6},"end":{"line":44,"column":null}},"16":{"start":{"line":48,"column":2},"end":{"line":221,"column":null}},"17":{"start":{"line":76,"column":14},"end":{"line":78,"column":null}},"18":{"start":{"line":223,"column":1},"end":{"line":19,"column":24}},"19":{"start":{"line":10,"column":13},"end":{"line":19,"column":24}},"20":{"start":{"line":19,"column":13},"end":{"line":10,"column":13}},"21":{"start":{"line":225,"column":20},"end":{"line":225,"column":null}}},"fnMap":{"0":{"name":"Form","decl":{"start":{"line":10,"column":9},"end":{"line":10,"column":13}},"loc":{"start":{"line":10,"column":29},"end":{"line":223,"column":1}}},"1":{"name":"(anonymous_2)","decl":{"start":{"line":23,"column":22},"end":{"line":23,"column":23}},"loc":{"start":{"line":23,"column":45},"end":{"line":26,"column":null}}},"2":{"name":"(anonymous_3)","decl":{"start":{"line":28,"column":44},"end":{"line":28,"column":45}},"loc":{"start":{"line":28,"column":64},"end":{"line":46,"column":null}}},"3":{"name":"(anonymous_4)","decl":{"start":{"line":43,"column":15},"end":{"line":43,"column":21}},"loc":{"start":{"line":43,"column":21},"end":{"line":45,"column":7}}},"4":{"name":"(anonymous_5)","decl":{"start":{"line":75,"column":23},"end":{"line":75,"column":null}},"loc":{"start":{"line":76,"column":14},"end":{"line":78,"column":null}}},"5":{"name":"(anonymous_6)","decl":{"start":{"line":10,"column":13},"end":{"line":10,"column":29}},"loc":{"start":{"line":10,"column":13},"end":{"line":19,"column":24}}}},"branchMap":{"0":{"loc":{"start":{"line":24,"column":17},"end":{"line":24,"column":null}},"type":"cond-expr","locations":[{"start":{"line":24,"column":27},"end":{"line":24,"column":68}},{"start":{"line":24,"column":68},"end":{"line":24,"column":null}}]},"1":{"loc":{"start":{"line":50,"column":7},"end":{"line":55,"column":null}},"type":"binary-expr","locations":[{"start":{"line":50,"column":7},"end":{"line":50,"column":null}},{"start":{"line":51,"column":8},"end":{"line":55,"column":null}}]},"2":{"loc":{"start":{"line":76,"column":14},"end":{"line":78,"column":null}},"type":"cond-expr","locations":[{"start":{"line":77,"column":18},"end":{"line":77,"column":null}},{"start":{"line":78,"column":18},"end":{"line":78,"column":null}}]},"3":{"loc":{"start":{"line":82,"column":7},"end":{"line":82,"column":null}},"type":"binary-expr","locations":[{"start":{"line":82,"column":7},"end":{"line":82,"column":22}},{"start":{"line":82,"column":22},"end":{"line":82,"column":null}}]},"4":{"loc":{"start":{"line":99,"column":7},"end":{"line":99,"column":null}},"type":"binary-expr","locations":[{"start":{"line":99,"column":7},"end":{"line":99,"column":26}},{"start":{"line":99,"column":26},"end":{"line":99,"column":null}}]},"5":{"loc":{"start":{"line":114,"column":7},"end":{"line":114,"column":null}},"type":"binary-expr","locations":[{"start":{"line":114,"column":7},"end":{"line":114,"column":25}},{"start":{"line":114,"column":25},"end":{"line":114,"column":null}}]},"6":{"loc":{"start":{"line":159,"column":7},"end":{"line":159,"column":null}},"type":"binary-expr","locations":[{"start":{"line":159,"column":7},"end":{"line":159,"column":25}},{"start":{"line":159,"column":25},"end":{"line":159,"column":null}}]},"7":{"loc":{"start":{"line":188,"column":7},"end":{"line":188,"column":null}},"type":"binary-expr","locations":[{"start":{"line":188,"column":7},"end":{"line":188,"column":24}},{"start":{"line":188,"column":24},"end":{"line":188,"column":null}}]},"8":{"loc":{"start":{"line":202,"column":7},"end":{"line":202,"column":null}},"type":"binary-expr","locations":[{"start":{"line":202,"column":7},"end":{"line":202,"column":23}},{"start":{"line":202,"column":23},"end":{"line":202,"column":null}}]},"9":{"loc":{"start":{"line":217,"column":7},"end":{"line":217,"column":null}},"type":"binary-expr","locations":[{"start":{"line":217,"column":7},"end":{"line":217,"column":23}},{"start":{"line":217,"column":23},"end":{"line":217,"column":null}}]}},"s":{"0":15,"1":15,"2":15,"3":15,"4":15,"5":8,"6":8,"7":15,"8":4,"9":4,"10":4,"11":4,"12":4,"13":4,"14":4,"15":0,"16":15,"17":4,"18":22,"19":7,"20":22,"21":22},"f":{"0":15,"1":8,"2":4,"3":0,"4":4,"5":7},"b":{"0":[8,0],"1":[15,4],"2":[4,0],"3":[15,0],"4":[15,0],"5":[15,0],"6":[15,0],"7":[15,0],"8":[15,0],"9":[15,0]}}
,"C:/Users/DELL/Desktop/React-task-one/src/components/Form/formSlice.ts": {"path":"C:/Users/DELL/Desktop/React-task-one/src/components/Form/formSlice.ts","statementMap":{"0":{"start":{"line":9,"column":32},"end":{"line":11,"column":null}},"1":{"start":{"line":13,"column":25},"end":{"line":22,"column":null}},"2":{"start":{"line":18,"column":17},"end":{"line":18,"column":null}},"3":{"start":{"line":19,"column":6},"end":{"line":19,"column":null}},"4":{"start":{"line":24,"column":27},"end":{"line":24,"column":null}},"5":{"start":{"line":28,"column":30},"end":{"line":28,"column":null}},"6":{"start":{"line":28,"column":66},"end":{"line":28,"column":null}}},"fnMap":{"0":{"name":"(anonymous_0)","decl":{"start":{"line":17,"column":13},"end":{"line":17,"column":14}},"loc":{"start":{"line":17,"column":32},"end":{"line":20,"column":null}}},"1":{"name":"(anonymous_1)","decl":{"start":{"line":28,"column":30},"end":{"line":28,"column":31}},"loc":{"start":{"line":28,"column":66},"end":{"line":28,"column":null}}}},"branchMap":{},"s":{"0":22,"1":22,"2":4,"3":4,"4":22,"5":22,"6":11},"f":{"0":4,"1":11},"b":{}}
,"C:/Users/DELL/Desktop/React-task-one/src/components/FormCard/FormCard.tsx": {"path":"C:/Users/DELL/Desktop/React-task-one/src/components/FormCard/FormCard.tsx","statementMap":{"0":{"start":{"line":1,"column":24},"end":{"line":1,"column":null}},"1":{"start":{"line":10,"column":19},"end":{"line":10,"column":null}},"2":{"start":{"line":11,"column":62},"end":{"line":11,"column":null}},"3":{"start":{"line":13,"column":2},"end":{"line":37,"column":null}},"4":{"start":{"line":39,"column":1},"end":{"line":9,"column":18}},"5":{"start":{"line":41,"column":24},"end":{"line":41,"column":null}}},"fnMap":{"0":{"name":"(anonymous_0)","decl":{"start":{"line":1,"column":24},"end":{"line":1,"column":null}},"loc":{"start":{"line":1,"column":24},"end":{"line":1,"column":null}}},"1":{"name":"FormCard","decl":{"start":{"line":9,"column":9},"end":{"line":9,"column":18}},"loc":{"start":{"line":9,"column":47},"end":{"line":39,"column":1}}}},"branchMap":{"0":{"loc":{"start":{"line":1,"column":24},"end":{"line":1,"column":null}},"type":"if","locations":[{"start":{"line":1,"column":24},"end":{"line":1,"column":null}}]}},"s":{"0":154,"1":4,"2":4,"3":4,"4":22,"5":22},"f":{"0":22,"1":4},"b":{"0":[22]}}
,"C:/Users/DELL/Desktop/React-task-one/src/components/Header/Header.tsx": {"path":"C:/Users/DELL/Desktop/React-task-one/src/components/Header/Header.tsx","statementMap":{"0":{"start":{"line":4,"column":31},"end":{"line":4,"column":null}},"1":{"start":{"line":5,"column":19},"end":{"line":5,"column":null}},"2":{"start":{"line":7,"column":23},"end":{"line":18,"column":null}},"3":{"start":{"line":8,"column":4},"end":{"line":17,"column":null}},"4":{"start":{"line":10,"column":8},"end":{"line":10,"column":null}},"5":{"start":{"line":12,"column":8},"end":{"line":12,"column":null}},"6":{"start":{"line":14,"column":8},"end":{"line":14,"column":null}},"7":{"start":{"line":16,"column":8},"end":{"line":16,"column":null}},"8":{"start":{"line":20,"column":2},"end":{"line":20,"column":null}},"9":{"start":{"line":21,"column":1},"end":{"line":5,"column":31}},"10":{"start":{"line":4,"column":15},"end":{"line":5,"column":31}},"11":{"start":{"line":5,"column":30},"end":{"line":4,"column":15}},"12":{"start":{"line":23,"column":22},"end":{"line":23,"column":null}}},"fnMap":{"0":{"name":"Header","decl":{"start":{"line":4,"column":9},"end":{"line":4,"column":15}},"loc":{"start":{"line":4,"column":31},"end":{"line":21,"column":1}}},"1":{"name":"(anonymous_2)","decl":{"start":{"line":7,"column":23},"end":{"line":7,"column":29}},"loc":{"start":{"line":7,"column":29},"end":{"line":18,"column":null}}},"2":{"name":"(anonymous_3)","decl":{"start":{"line":4,"column":15},"end":{"line":4,"column":31}},"loc":{"start":{"line":4,"column":15},"end":{"line":5,"column":31}}}},"branchMap":{"0":{"loc":{"start":{"line":8,"column":4},"end":{"line":17,"column":null}},"type":"switch","locations":[{"start":{"line":9,"column":6},"end":{"line":10,"column":null}},{"start":{"line":11,"column":6},"end":{"line":12,"column":null}},{"start":{"line":13,"column":6},"end":{"line":14,"column":null}},{"start":{"line":15,"column":6},"end":{"line":16,"column":null}}]}},"s":{"0":31,"1":31,"2":31,"3":31,"4":15,"5":6,"6":7,"7":3,"8":31,"9":22,"10":22,"11":22,"12":22},"f":{"0":31,"1":31,"2":22},"b":{"0":[15,6,7,3]}}
,"C:/Users/DELL/Desktop/React-task-one/src/components/Loader/Loader.tsx": {"path":"C:/Users/DELL/Desktop/React-task-one/src/components/Loader/Loader.tsx","statementMap":{"0":{"start":{"line":1,"column":22},"end":{"line":1,"column":null}},"1":{"start":{"line":4,"column":2},"end":{"line":14,"column":null}},"2":{"start":{"line":16,"column":1},"end":{"line":3,"column":31}},"3":{"start":{"line":18,"column":22},"end":{"line":18,"column":null}}},"fnMap":{"0":{"name":"(anonymous_0)","decl":{"start":{"line":1,"column":22},"end":{"line":1,"column":null}},"loc":{"start":{"line":1,"column":22},"end":{"line":1,"column":null}}},"1":{"name":"Loader","decl":{"start":{"line":3,"column":9},"end":{"line":3,"column":31}},"loc":{"start":{"line":3,"column":31},"end":{"line":16,"column":1}}}},"branchMap":{"0":{"loc":{"start":{"line":1,"column":22},"end":{"line":1,"column":null}},"type":"if","locations":[{"start":{"line":1,"column":22},"end":{"line":1,"column":null}}]}},"s":{"0":154,"1":53,"2":22,"3":22},"f":{"0":22,"1":53},"b":{"0":[22]}}
,"C:/Users/DELL/Desktop/React-task-one/src/components/Modal/Modal.tsx": {"path":"C:/Users/DELL/Desktop/React-task-one/src/components/Modal/Modal.tsx","statementMap":{"0":{"start":{"line":9,"column":44},"end":{"line":9,"column":null}},"1":{"start":{"line":10,"column":22},"end":{"line":10,"column":null}},"2":{"start":{"line":11,"column":28},"end":{"line":11,"column":null}},"3":{"start":{"line":13,"column":27},"end":{"line":15,"column":null}},"4":{"start":{"line":14,"column":4},"end":{"line":14,"column":null}},"5":{"start":{"line":17,"column":32},"end":{"line":25,"column":null}},"6":{"start":{"line":20,"column":19},"end":{"line":20,"column":null}},"7":{"start":{"line":21,"column":20},"end":{"line":21,"column":null}},"8":{"start":{"line":22,"column":4},"end":{"line":24,"column":null}},"9":{"start":{"line":23,"column":6},"end":{"line":23,"column":null}},"10":{"start":{"line":27,"column":2},"end":{"line":42,"column":null}},"11":{"start":{"line":43,"column":1},"end":{"line":9,"column":15}},"12":{"start":{"line":9,"column":14},"end":{"line":null,"column":-1}},"13":{"start":{"line":45,"column":21},"end":{"line":45,"column":null}}},"fnMap":{"0":{"name":"Modal","decl":{"start":{"line":9,"column":9},"end":{"line":9,"column":14}},"loc":{"start":{"line":9,"column":44},"end":{"line":43,"column":1}}},"1":{"name":"(anonymous_2)","decl":{"start":{"line":13,"column":27},"end":{"line":13,"column":33}},"loc":{"start":{"line":13,"column":33},"end":{"line":15,"column":null}}},"2":{"name":"(anonymous_3)","decl":{"start":{"line":17,"column":32},"end":{"line":17,"column":null}},"loc":{"start":{"line":19,"column":7},"end":{"line":25,"column":null}}}},"branchMap":{"0":{"loc":{"start":{"line":22,"column":4},"end":{"line":24,"column":null}},"type":"if","locations":[{"start":{"line":22,"column":4},"end":{"line":24,"column":null}}]},"1":{"loc":{"start":{"line":22,"column":8},"end":{"line":22,"column":56}},"type":"binary-expr","locations":[{"start":{"line":22,"column":8},"end":{"line":22,"column":29}},{"start":{"line":22,"column":29},"end":{"line":22,"column":56}}]},"2":{"loc":{"start":{"line":28,"column":4},"end":{"line":39,"column":null}},"type":"binary-expr","locations":[{"start":{"line":28,"column":4},"end":{"line":28,"column":null}},{"start":{"line":29,"column":6},"end":{"line":39,"column":null}}]}},"s":{"0":7,"1":7,"2":7,"3":7,"4":0,"5":7,"6":3,"7":3,"8":3,"9":0,"10":7,"11":22,"12":22,"13":22},"f":{"0":7,"1":0,"2":3},"b":{"0":[0],"1":[3,3],"2":[7,7]}}
,"C:/Users/DELL/Desktop/React-task-one/src/components/ModalHomeCard/ModalHomeCard.tsx": {"path":"C:/Users/DELL/Desktop/React-task-one/src/components/ModalHomeCard/ModalHomeCard.tsx","statementMap":{"0":{"start":{"line":1,"column":29},"end":{"line":1,"column":null}},"1":{"start":{"line":10,"column":19},"end":{"line":10,"column":null}},"2":{"start":{"line":21,"column":6},"end":{"line":21,"column":null}},"3":{"start":{"line":22,"column":22},"end":{"line":22,"column":null}},"4":{"start":{"line":23,"column":19},"end":{"line":23,"column":null}},"5":{"start":{"line":24,"column":16},"end":{"line":24,"column":null}},"6":{"start":{"line":25,"column":22},"end":{"line":25,"column":null}},"7":{"start":{"line":27,"column":2},"end":{"line":75,"column":null}},"8":{"start":{"line":44,"column":16},"end":{"line":44,"column":null}},"9":{"start":{"line":77,"column":1},"end":{"line":9,"column":23}},"10":{"start":{"line":79,"column":29},"end":{"line":79,"column":null}}},"fnMap":{"0":{"name":"(anonymous_0)","decl":{"start":{"line":1,"column":29},"end":{"line":1,"column":null}},"loc":{"start":{"line":1,"column":29},"end":{"line":1,"column":null}}},"1":{"name":"ModalHomeCard","decl":{"start":{"line":9,"column":9},"end":{"line":9,"column":23}},"loc":{"start":{"line":9,"column":52},"end":{"line":77,"column":1}}},"2":{"name":"(anonymous_2)","decl":{"start":{"line":43,"column":27},"end":{"line":43,"column":28}},"loc":{"start":{"line":43,"column":42},"end":{"line":45,"column":17}}}},"branchMap":{"0":{"loc":{"start":{"line":1,"column":29},"end":{"line":1,"column":null}},"type":"if","locations":[{"start":{"line":1,"column":29},"end":{"line":1,"column":null}}]},"1":{"loc":{"start":{"line":70,"column":15},"end":{"line":70,"column":null}},"type":"cond-expr","locations":[{"start":{"line":70,"column":38},"end":{"line":70,"column":57}},{"start":{"line":70,"column":57},"end":{"line":70,"column":null}}]}},"s":{"0":154,"1":3,"2":3,"3":3,"4":3,"5":3,"6":3,"7":3,"8":9,"9":22,"10":22},"f":{"0":22,"1":3,"2":9},"b":{"0":[22],"1":[3,0]}}
,"C:/Users/DELL/Desktop/React-task-one/src/components/homeCard/HomeCard.tsx": {"path":"C:/Users/DELL/Desktop/React-task-one/src/components/homeCard/HomeCard.tsx","statementMap":{"0":{"start":{"line":11,"column":50},"end":{"line":11,"column":null}},"1":{"start":{"line":20,"column":6},"end":{"line":20,"column":null}},"2":{"start":{"line":21,"column":20},"end":{"line":21,"column":null}},"3":{"start":{"line":22,"column":19},"end":{"line":22,"column":null}},"4":{"start":{"line":23,"column":16},"end":{"line":23,"column":null}},"5":{"start":{"line":24,"column":28},"end":{"line":24,"column":null}},"6":{"start":{"line":26,"column":27},"end":{"line":28,"column":null}},"7":{"start":{"line":27,"column":4},"end":{"line":27,"column":null}},"8":{"start":{"line":30,"column":2},"end":{"line":79,"column":null}},"9":{"start":{"line":40,"column":10},"end":{"line":40,"column":null}},"10":{"start":{"line":43,"column":10},"end":{"line":43,"column":null}},"11":{"start":{"line":73,"column":16},"end":{"line":73,"column":null}},"12":{"start":{"line":81,"column":1},"end":{"line":11,"column":18}},"13":{"start":{"line":11,"column":17},"end":{"line":null,"column":-1}},"14":{"start":{"line":83,"column":24},"end":{"line":83,"column":null}}},"fnMap":{"0":{"name":"HomeCard","decl":{"start":{"line":11,"column":9},"end":{"line":11,"column":17}},"loc":{"start":{"line":11,"column":50},"end":{"line":81,"column":1}}},"1":{"name":"(anonymous_2)","decl":{"start":{"line":26,"column":27},"end":{"line":26,"column":33}},"loc":{"start":{"line":26,"column":33},"end":{"line":28,"column":null}}},"2":{"name":"(anonymous_3)","decl":{"start":{"line":39,"column":19},"end":{"line":39,"column":25}},"loc":{"start":{"line":39,"column":25},"end":{"line":41,"column":null}}},"3":{"name":"(anonymous_4)","decl":{"start":{"line":42,"column":17},"end":{"line":42,"column":23}},"loc":{"start":{"line":42,"column":23},"end":{"line":44,"column":null}}},"4":{"name":"(anonymous_5)","decl":{"start":{"line":72,"column":27},"end":{"line":72,"column":28}},"loc":{"start":{"line":72,"column":42},"end":{"line":74,"column":17}}}},"branchMap":{"0":{"loc":{"start":{"line":32,"column":7},"end":{"line":35,"column":null}},"type":"binary-expr","locations":[{"start":{"line":32,"column":7},"end":{"line":32,"column":null}},{"start":{"line":33,"column":8},"end":{"line":35,"column":null}}]},"1":{"loc":{"start":{"line":52,"column":16},"end":{"line":52,"column":68}},"type":"cond-expr","locations":[{"start":{"line":52,"column":39},"end":{"line":52,"column":56}},{"start":{"line":52,"column":56},"end":{"line":52,"column":68}}]}},"s":{"0":294,"1":294,"2":294,"3":294,"4":294,"5":294,"6":294,"7":3,"8":294,"9":0,"10":3,"11":882,"12":22,"13":22,"14":22},"f":{"0":294,"1":3,"2":0,"3":3,"4":882},"b":{"0":[294,3],"1":[78,216]}}
,"C:/Users/DELL/Desktop/React-task-one/src/components/homeCard/homeCardsSlice.ts": {"path":"C:/Users/DELL/Desktop/React-task-one/src/components/homeCard/homeCardsSlice.ts","statementMap":{"0":{"start":{"line":19,"column":33},"end":{"line":23,"column":null}},"1":{"start":{"line":25,"column":30},"end":{"line":31,"column":null}},"2":{"start":{"line":28,"column":21},"end":{"line":28,"column":null}},"3":{"start":{"line":29,"column":4},"end":{"line":29,"column":null}},"4":{"start":{"line":33,"column":30},"end":{"line":51,"column":null}},"5":{"start":{"line":38,"column":4},"end":{"line":49,"column":null}},"6":{"start":{"line":40,"column":8},"end":{"line":40,"column":null}},"7":{"start":{"line":43,"column":8},"end":{"line":43,"column":null}},"8":{"start":{"line":44,"column":8},"end":{"line":44,"column":null}},"9":{"start":{"line":47,"column":8},"end":{"line":47,"column":null}},"10":{"start":{"line":48,"column":8},"end":{"line":48,"column":null}},"11":{"start":{"line":55,"column":30},"end":{"line":56,"column":null}},"12":{"start":{"line":56,"column":2},"end":{"line":56,"column":null}}},"fnMap":{"0":{"name":"(anonymous_0)","decl":{"start":{"line":27,"column":2},"end":{"line":27,"column":9}},"loc":{"start":{"line":27,"column":38},"end":{"line":30,"column":null}}},"1":{"name":"(anonymous_1)","decl":{"start":{"line":37,"column":2},"end":{"line":37,"column":16}},"loc":{"start":{"line":37,"column":25},"end":{"line":50,"column":null}}},"2":{"name":"(anonymous_2)","decl":{"start":{"line":39,"column":39},"end":{"line":39,"column":40}},"loc":{"start":{"line":39,"column":50},"end":{"line":41,"column":7}}},"3":{"name":"(anonymous_3)","decl":{"start":{"line":42,"column":41},"end":{"line":42,"column":42}},"loc":{"start":{"line":42,"column":60},"end":{"line":45,"column":7}}},"4":{"name":"(anonymous_4)","decl":{"start":{"line":46,"column":40},"end":{"line":46,"column":41}},"loc":{"start":{"line":46,"column":59},"end":{"line":49,"column":7}}},"5":{"name":"(anonymous_5)","decl":{"start":{"line":55,"column":30},"end":{"line":55,"column":31}},"loc":{"start":{"line":56,"column":2},"end":{"line":56,"column":null}}}},"branchMap":{},"s":{"0":22,"1":22,"2":26,"3":16,"4":22,"5":22,"6":26,"7":16,"8":16,"9":0,"10":0,"11":22,"12":139},"f":{"0":26,"1":22,"2":26,"3":16,"4":0,"5":139},"b":{}}
,"C:/Users/DELL/Desktop/React-task-one/src/components/searchBar/SearchBar.tsx": {"path":"C:/Users/DELL/Desktop/React-task-one/src/components/searchBar/SearchBar.tsx","statementMap":{"0":{"start":{"line":7,"column":34},"end":{"line":7,"column":null}},"1":{"start":{"line":8,"column":19},"end":{"line":8,"column":null}},"2":{"start":{"line":9,"column":33},"end":{"line":9,"column":null}},"3":{"start":{"line":10,"column":40},"end":{"line":10,"column":null}},"4":{"start":{"line":11,"column":23},"end":{"line":13,"column":null}},"5":{"start":{"line":12,"column":4},"end":{"line":12,"column":null}},"6":{"start":{"line":16,"column":4},"end":{"line":16,"column":null}},"7":{"start":{"line":20,"column":4},"end":{"line":22,"column":null}},"8":{"start":{"line":21,"column":6},"end":{"line":21,"column":null}},"9":{"start":{"line":25,"column":2},"end":{"line":44,"column":null}},"10":{"start":{"line":46,"column":1},"end":{"line":9,"column":48}},"11":{"start":{"line":7,"column":18},"end":{"line":9,"column":48}},"12":{"start":{"line":9,"column":47},"end":{"line":7,"column":18}},"13":{"start":{"line":48,"column":25},"end":{"line":48,"column":null}}},"fnMap":{"0":{"name":"SearchBar","decl":{"start":{"line":7,"column":9},"end":{"line":7,"column":18}},"loc":{"start":{"line":7,"column":34},"end":{"line":46,"column":1}}},"1":{"name":"(anonymous_2)","decl":{"start":{"line":11,"column":23},"end":{"line":11,"column":29}},"loc":{"start":{"line":11,"column":29},"end":{"line":13,"column":null}}},"2":{"name":"handleChange","decl":{"start":{"line":15,"column":11},"end":{"line":15,"column":24}},"loc":{"start":{"line":15,"column":68},"end":{"line":17,"column":null}}},"3":{"name":"onKeyPressHandler","decl":{"start":{"line":19,"column":11},"end":{"line":19,"column":29}},"loc":{"start":{"line":19,"column":75},"end":{"line":23,"column":null}}},"4":{"name":"(anonymous_5)","decl":{"start":{"line":7,"column":18},"end":{"line":7,"column":34}},"loc":{"start":{"line":7,"column":18},"end":{"line":9,"column":48}}}},"branchMap":{"0":{"loc":{"start":{"line":20,"column":4},"end":{"line":22,"column":null}},"type":"if","locations":[{"start":{"line":20,"column":4},"end":{"line":22,"column":null}}]}},"s":{"0":79,"1":79,"2":79,"3":79,"4":79,"5":2,"6":12,"7":14,"8":2,"9":79,"10":22,"11":12,"12":22,"13":22},"f":{"0":79,"1":2,"2":12,"3":14,"4":12},"b":{"0":[2]}}
,"C:/Users/DELL/Desktop/React-task-one/src/components/searchBar/searchBarSlice.ts": {"path":"C:/Users/DELL/Desktop/React-task-one/src/components/searchBar/searchBarSlice.ts","statementMap":{"0":{"start":{"line":4,"column":30},"end":{"line":14,"column":null}},"1":{"start":{"line":11,"column":6},"end":{"line":11,"column":null}},"2":{"start":{"line":16,"column":37},"end":{"line":16,"column":null}},"3":{"start":{"line":20,"column":36},"end":{"line":21,"column":null}},"4":{"start":{"line":21,"column":2},"end":{"line":21,"column":null}}},"fnMap":{"0":{"name":"(anonymous_0)","decl":{"start":{"line":10,"column":23},"end":{"line":10,"column":24}},"loc":{"start":{"line":10,"column":42},"end":{"line":12,"column":null}}},"1":{"name":"(anonymous_1)","decl":{"start":{"line":20,"column":36},"end":{"line":20,"column":37}},"loc":{"start":{"line":21,"column":2},"end":{"line":21,"column":null}}}},"branchMap":{},"s":{"0":22,"1":2,"2":22,"3":22,"4":344},"f":{"0":2,"1":344},"b":{}}
,"C:/Users/DELL/Desktop/React-task-one/src/pages/AboutUs/AboutUs.tsx": {"path":"C:/Users/DELL/Desktop/React-task-one/src/pages/AboutUs/AboutUs.tsx","statementMap":{"0":{"start":{"line":1,"column":24},"end":{"line":1,"column":null}},"1":{"start":{"line":4,"column":2},"end":{"line":7,"column":null}},"2":{"start":{"line":9,"column":1},"end":{"line":3,"column":32}},"3":{"start":{"line":11,"column":23},"end":{"line":11,"column":null}}},"fnMap":{"0":{"name":"(anonymous_0)","decl":{"start":{"line":1,"column":24},"end":{"line":1,"column":null}},"loc":{"start":{"line":1,"column":24},"end":{"line":1,"column":null}}},"1":{"name":"AboutUs","decl":{"start":{"line":3,"column":9},"end":{"line":3,"column":32}},"loc":{"start":{"line":3,"column":32},"end":{"line":9,"column":1}}}},"branchMap":{"0":{"loc":{"start":{"line":1,"column":24},"end":{"line":1,"column":null}},"type":"if","locations":[{"start":{"line":1,"column":24},"end":{"line":1,"column":null}}]}},"s":{"0":154,"1":6,"2":22,"3":22},"f":{"0":22,"1":6},"b":{"0":[22]}}
,"C:/Users/DELL/Desktop/React-task-one/src/pages/FormPage/FormPage.tsx": {"path":"C:/Users/DELL/Desktop/React-task-one/src/pages/FormPage/FormPage.tsx","statementMap":{"0":{"start":{"line":7,"column":33},"end":{"line":7,"column":null}},"1":{"start":{"line":8,"column":20},"end":{"line":8,"column":null}},"2":{"start":{"line":10,"column":16},"end":{"line":12,"column":null}},"3":{"start":{"line":11,"column":4},"end":{"line":11,"column":null}},"4":{"start":{"line":13,"column":2},"end":{"line":17,"column":null}},"5":{"start":{"line":19,"column":1},"end":{"line":8,"column":35}},"6":{"start":{"line":7,"column":17},"end":{"line":8,"column":35}},"7":{"start":{"line":8,"column":34},"end":{"line":7,"column":17}},"8":{"start":{"line":21,"column":24},"end":{"line":21,"column":null}}},"fnMap":{"0":{"name":"FormPage","decl":{"start":{"line":7,"column":9},"end":{"line":7,"column":17}},"loc":{"start":{"line":7,"column":33},"end":{"line":19,"column":1}}},"1":{"name":"(anonymous_2)","decl":{"start":{"line":10,"column":31},"end":{"line":10,"column":38}},"loc":{"start":{"line":10,"column":38},"end":{"line":12,"column":3}}},"2":{"name":"(anonymous_3)","decl":{"start":{"line":7,"column":17},"end":{"line":7,"column":33}},"loc":{"start":{"line":7,"column":17},"end":{"line":8,"column":35}}}},"branchMap":{},"s":{"0":11,"1":11,"2":11,"3":4,"4":11,"5":22,"6":7,"7":22,"8":22},"f":{"0":11,"1":4,"2":7},"b":{}}
,"C:/Users/DELL/Desktop/React-task-one/src/pages/Home/Home.tsx": {"path":"C:/Users/DELL/Desktop/React-task-one/src/pages/Home/Home.tsx","statementMap":{"0":{"start":{"line":11,"column":29},"end":{"line":11,"column":null}},"1":{"start":{"line":12,"column":26},"end":{"line":12,"column":null}},"2":{"start":{"line":13,"column":32},"end":{"line":13,"column":null}},"3":{"start":{"line":14,"column":26},"end":{"line":14,"column":null}},"4":{"start":{"line":15,"column":40},"end":{"line":15,"column":null}},"5":{"start":{"line":16,"column":36},"end":{"line":16,"column":null}},"6":{"start":{"line":17,"column":28},"end":{"line":17,"column":null}},"7":{"start":{"line":18,"column":22},"end":{"line":18,"column":null}},"8":{"start":{"line":19,"column":21},"end":{"line":19,"column":null}},"9":{"start":{"line":20,"column":19},"end":{"line":20,"column":null}},"10":{"start":{"line":22,"column":2},"end":{"line":41,"column":null}},"11":{"start":{"line":23,"column":4},"end":{"line":23,"column":null}},"12":{"start":{"line":24,"column":20},"end":{"line":34,"column":null}},"13":{"start":{"line":25,"column":6},"end":{"line":33,"column":null}},"14":{"start":{"line":26,"column":8},"end":{"line":26,"column":null}},"15":{"start":{"line":27,"column":8},"end":{"line":27,"column":null}},"16":{"start":{"line":28,"column":8},"end":{"line":28,"column":null}},"17":{"start":{"line":30,"column":8},"end":{"line":32,"column":null}},"18":{"start":{"line":31,"column":10},"end":{"line":31,"column":null}},"19":{"start":{"line":35,"column":4},"end":{"line":35,"column":null}},"20":{"start":{"line":36,"column":4},"end":{"line":40,"column":null}},"21":{"start":{"line":37,"column":6},"end":{"line":37,"column":null}},"22":{"start":{"line":39,"column":6},"end":{"line":39,"column":null}},"23":{"start":{"line":43,"column":2},"end":{"line":112,"column":null}},"24":{"start":{"line":51,"column":12},"end":{"line":51,"column":null}},"25":{"start":{"line":72,"column":14},"end":{"line":72,"column":null}},"26":{"start":{"line":84,"column":29},"end":{"line":84,"column":null}},"27":{"start":{"line":84,"column":48},"end":{"line":84,"column":75}},"28":{"start":{"line":92,"column":29},"end":{"line":92,"column":null}},"29":{"start":{"line":92,"column":47},"end":{"line":92,"column":55}},"30":{"start":{"line":107,"column":14},"end":{"line":107,"column":null}},"31":{"start":{"line":114,"column":1},"end":{"line":20,"column":34}},"32":{"start":{"line":11,"column":13},"end":{"line":20,"column":34}},"33":{"start":{"line":20,"column":33},"end":{"line":11,"column":13}},"34":{"start":{"line":116,"column":20},"end":{"line":116,"column":null}}},"fnMap":{"0":{"name":"Home","decl":{"start":{"line":11,"column":9},"end":{"line":11,"column":13}},"loc":{"start":{"line":11,"column":29},"end":{"line":114,"column":1}}},"1":{"name":"(anonymous_2)","decl":{"start":{"line":22,"column":12},"end":{"line":22,"column":18}},"loc":{"start":{"line":22,"column":18},"end":{"line":41,"column":5}}},"2":{"name":"(anonymous_3)","decl":{"start":{"line":24,"column":20},"end":{"line":24,"column":27}},"loc":{"start":{"line":24,"column":99},"end":{"line":34,"column":null}}},"3":{"name":"(anonymous_4)","decl":{"start":{"line":50,"column":21},"end":{"line":50,"column":27}},"loc":{"start":{"line":50,"column":27},"end":{"line":52,"column":null}}},"4":{"name":"(anonymous_5)","decl":{"start":{"line":71,"column":27},"end":{"line":71,"column":28}},"loc":{"start":{"line":71,"column":53},"end":{"line":73,"column":13}}},"5":{"name":"(anonymous_6)","decl":{"start":{"line":84,"column":23},"end":{"line":84,"column":29}},"loc":{"start":{"line":84,"column":29},"end":{"line":84,"column":null}}},"6":{"name":"(anonymous_7)","decl":{"start":{"line":84,"column":38},"end":{"line":84,"column":48}},"loc":{"start":{"line":84,"column":48},"end":{"line":84,"column":75}}},"7":{"name":"(anonymous_8)","decl":{"start":{"line":92,"column":23},"end":{"line":92,"column":29}},"loc":{"start":{"line":92,"column":29},"end":{"line":92,"column":null}}},"8":{"name":"(anonymous_9)","decl":{"start":{"line":92,"column":38},"end":{"line":92,"column":47}},"loc":{"start":{"line":92,"column":47},"end":{"line":92,"column":55}}},"9":{"name":"(anonymous_10)","decl":{"start":{"line":106,"column":23},"end":{"line":106,"column":29}},"loc":{"start":{"line":106,"column":29},"end":{"line":108,"column":14}}},"10":{"name":"(anonymous_11)","decl":{"start":{"line":11,"column":13},"end":{"line":11,"column":29}},"loc":{"start":{"line":11,"column":13},"end":{"line":20,"column":34}}}},"branchMap":{"0":{"loc":{"start":{"line":30,"column":8},"end":{"line":32,"column":null}},"type":"if","locations":[{"start":{"line":30,"column":8},"end":{"line":32,"column":null}}]},"1":{"loc":{"start":{"line":36,"column":4},"end":{"line":40,"column":null}},"type":"if","locations":[{"start":{"line":36,"column":4},"end":{"line":40,"column":null}},{"start":{"line":38,"column":11},"end":{"line":40,"column":null}}]},"2":{"loc":{"start":{"line":60,"column":9},"end":{"line":60,"column":null}},"type":"binary-expr","locations":[{"start":{"line":60,"column":9},"end":{"line":60,"column":18}},{"start":{"line":60,"column":18},"end":{"line":60,"column":null}}]},"3":{"loc":{"start":{"line":61,"column":9},"end":{"line":61,"column":null}},"type":"binary-expr","locations":[{"start":{"line":61,"column":9},"end":{"line":61,"column":36}},{"start":{"line":61,"column":36},"end":{"line":61,"column":50}},{"start":{"line":61,"column":50},"end":{"line":61,"column":null}}]},"4":{"loc":{"start":{"line":62,"column":9},"end":{"line":65,"column":null}},"type":"binary-expr","locations":[{"start":{"line":62,"column":9},"end":{"line":62,"column":19}},{"start":{"line":62,"column":19},"end":{"line":62,"column":null}},{"start":{"line":63,"column":10},"end":{"line":65,"column":null}}]},"5":{"loc":{"start":{"line":70,"column":11},"end":{"line":73,"column":null}},"type":"binary-expr","locations":[{"start":{"line":70,"column":11},"end":{"line":70,"column":null}},{"start":{"line":71,"column":12},"end":{"line":73,"column":null}}]},"6":{"loc":{"start":{"line":84,"column":48},"end":{"line":84,"column":75}},"type":"cond-expr","locations":[{"start":{"line":84,"column":59},"end":{"line":84,"column":70}},{"start":{"line":84,"column":70},"end":{"line":84,"column":75}}]}},"s":{"0":73,"1":73,"2":73,"3":73,"4":73,"5":73,"6":73,"7":73,"8":73,"9":73,"10":73,"11":26,"12":26,"13":26,"14":26,"15":16,"16":16,"17":0,"18":0,"19":26,"20":26,"21":22,"22":4,"23":73,"24":1,"25":336,"26":0,"27":0,"28":3,"29":3,"30":0,"31":22,"32":12,"33":22,"34":22},"f":{"0":73,"1":26,"2":26,"3":1,"4":336,"5":0,"6":0,"7":3,"8":3,"9":0,"10":12},"b":{"0":[0],"1":[22,4],"2":[73,0],"3":[73,45,0],"4":[73,73,55],"5":[73,73],"6":[0,0]}}
,"C:/Users/DELL/Desktop/React-task-one/src/pages/NotFound/NotFound.tsx": {"path":"C:/Users/DELL/Desktop/React-task-one/src/pages/NotFound/NotFound.tsx","statementMap":{"0":{"start":{"line":1,"column":24},"end":{"line":1,"column":null}},"1":{"start":{"line":4,"column":2},"end":{"line":9,"column":null}},"2":{"start":{"line":11,"column":1},"end":{"line":3,"column":33}},"3":{"start":{"line":13,"column":24},"end":{"line":13,"column":null}}},"fnMap":{"0":{"name":"(anonymous_0)","decl":{"start":{"line":1,"column":24},"end":{"line":1,"column":null}},"loc":{"start":{"line":1,"column":24},"end":{"line":1,"column":null}}},"1":{"name":"NotFound","decl":{"start":{"line":3,"column":9},"end":{"line":3,"column":33}},"loc":{"start":{"line":3,"column":33},"end":{"line":11,"column":1}}}},"branchMap":{"0":{"loc":{"start":{"line":1,"column":24},"end":{"line":1,"column":null}},"type":"if","locations":[{"start":{"line":1,"column":24},"end":{"line":1,"column":null}}]}},"s":{"0":154,"1":3,"2":22,"3":22},"f":{"0":22,"1":3},"b":{"0":[22]}}
,"C:/Users/DELL/Desktop/React-task-one/src/types/types.tsx": {"path":"C:/Users/DELL/Desktop/React-task-one/src/types/types.tsx","statementMap":{},"fnMap":{},"branchMap":{},"s":{},"f":{},"b":{}}
}
