{"C:/Users/DELL/Desktop/React-task-one/src/App.tsx": {"path":"C:/Users/DELL/Desktop/React-task-one/src/App.tsx","statementMap":{"0":{"start":{"line":1,"column":57},"end":{"line":1,"column":null}},"1":{"start":{"line":10,"column":2},"end":{"line":30,"column":null}},"2":{"start":{"line":32,"column":1},"end":{"line":9,"column":28}},"3":{"start":{"line":34,"column":19},"end":{"line":34,"column":null}}},"fnMap":{"0":{"name":"(anonymous_0)","decl":{"start":{"line":1,"column":57},"end":{"line":1,"column":null}},"loc":{"start":{"line":1,"column":57},"end":{"line":1,"column":null}}},"1":{"name":"App","decl":{"start":{"line":9,"column":9},"end":{"line":9,"column":28}},"loc":{"start":{"line":9,"column":28},"end":{"line":32,"column":1}}}},"branchMap":{"0":{"loc":{"start":{"line":1,"column":57},"end":{"line":1,"column":null}},"type":"if","locations":[{"start":{"line":1,"column":57},"end":{"line":1,"column":null}}]}},"s":{"0":441,"1":63,"2":63,"3":63},"f":{"0":63,"1":63},"b":{"0":[63]}}
,"C:/Users/DELL/Desktop/React-task-one/src/entry-client.tsx": {"path":"C:/Users/DELL/Desktop/React-task-one/src/entry-client.tsx","statementMap":{"0":{"start":{"line":7,"column":0},"end":{"line":14,"column":null}}},"fnMap":{},"branchMap":{},"s":{"0":63},"f":{},"b":{}}
,"C:/Users/DELL/Desktop/React-task-one/src/app/hooks.ts": {"path":"C:/Users/DELL/Desktop/React-task-one/src/app/hooks.ts","statementMap":{"0":{"start":{"line":4,"column":49},"end":{"line":4,"column":null}},"1":{"start":{"line":5,"column":63},"end":{"line":5,"column":null}}},"fnMap":{},"branchMap":{},"s":{"0":63,"1":63},"f":{},"b":{}}
,"C:/Users/DELL/Desktop/React-task-one/src/app/store.ts": {"path":"C:/Users/DELL/Desktop/React-task-one/src/app/store.ts","statementMap":{"0":{"start":{"line":6,"column":21},"end":{"line":18,"column":null}},"1":{"start":{"line":13,"column":4},"end":{"line":17,"column":null}}},"fnMap":{"0":{"name":"(anonymous_0)","decl":{"start":{"line":12,"column":14},"end":{"line":12,"column":15}},"loc":{"start":{"line":13,"column":4},"end":{"line":17,"column":null}}}},"branchMap":{},"s":{"0":63,"1":63},"f":{"0":63},"b":{}}
,"C:/Users/DELL/Desktop/React-task-one/src/components/Form/Form.tsx": {"path":"C:/Users/DELL/Desktop/React-task-one/src/components/Form/Form.tsx","statementMap":{"0":{"start":{"line":10,"column":29},"end":{"line":10,"column":null}},"1":{"start":{"line":11,"column":19},"end":{"line":11,"column":null}},"2":{"start":{"line":12,"column":36},"end":{"line":12,"column":null}},"3":{"start":{"line":19,"column":6},"end":{"line":21,"column":null}},"4":{"start":{"line":23,"column":22},"end":{"line":26,"column":null}},"5":{"start":{"line":24,"column":17},"end":{"line":24,"column":null}},"6":{"start":{"line":25,"column":4},"end":{"line":25,"column":null}},"7":{"start":{"line":28,"column":44},"end":{"line":46,"column":null}},"8":{"start":{"line":29,"column":17},"end":{"line":29,"column":null}},"9":{"start":{"line":30,"column":21},"end":{"line":38,"column":null}},"10":{"start":{"line":39,"column":4},"end":{"line":39,"column":null}},"11":{"start":{"line":40,"column":4},"end":{"line":40,"column":null}},"12":{"start":{"line":41,"column":4},"end":{"line":41,"column":null}},"13":{"start":{"line":42,"column":4},"end":{"line":42,"column":null}},"14":{"start":{"line":43,"column":4},"end":{"line":45,"column":null}},"15":{"start":{"line":44,"column":6},"end":{"line":44,"column":null}},"16":{"start":{"line":48,"column":2},"end":{"line":219,"column":null}},"17":{"start":{"line":76,"column":14},"end":{"line":78,"column":null}},"18":{"start":{"line":221,"column":1},"end":{"line":19,"column":24}},"19":{"start":{"line":10,"column":13},"end":{"line":19,"column":24}},"20":{"start":{"line":19,"column":13},"end":{"line":10,"column":13}},"21":{"start":{"line":223,"column":20},"end":{"line":223,"column":null}}},"fnMap":{"0":{"name":"Form","decl":{"start":{"line":10,"column":9},"end":{"line":10,"column":13}},"loc":{"start":{"line":10,"column":29},"end":{"line":221,"column":1}}},"1":{"name":"(anonymous_2)","decl":{"start":{"line":23,"column":22},"end":{"line":23,"column":23}},"loc":{"start":{"line":23,"column":45},"end":{"line":26,"column":null}}},"2":{"name":"(anonymous_3)","decl":{"start":{"line":28,"column":44},"end":{"line":28,"column":45}},"loc":{"start":{"line":28,"column":64},"end":{"line":46,"column":null}}},"3":{"name":"(anonymous_4)","decl":{"start":{"line":43,"column":15},"end":{"line":43,"column":21}},"loc":{"start":{"line":43,"column":21},"end":{"line":45,"column":7}}},"4":{"name":"(anonymous_5)","decl":{"start":{"line":75,"column":23},"end":{"line":75,"column":null}},"loc":{"start":{"line":76,"column":14},"end":{"line":78,"column":null}}},"5":{"name":"(anonymous_6)","decl":{"start":{"line":10,"column":13},"end":{"line":10,"column":29}},"loc":{"start":{"line":10,"column":13},"end":{"line":19,"column":24}}}},"branchMap":{"0":{"loc":{"start":{"line":24,"column":17},"end":{"line":24,"column":null}},"type":"cond-expr","locations":[{"start":{"line":24,"column":27},"end":{"line":24,"column":68}},{"start":{"line":24,"column":68},"end":{"line":24,"column":null}}]},"1":{"loc":{"start":{"line":50,"column":7},"end":{"line":55,"column":null}},"type":"binary-expr","locations":[{"start":{"line":50,"column":7},"end":{"line":50,"column":null}},{"start":{"line":51,"column":8},"end":{"line":55,"column":null}}]},"2":{"loc":{"start":{"line":76,"column":14},"end":{"line":78,"column":null}},"type":"cond-expr","locations":[{"start":{"line":77,"column":18},"end":{"line":77,"column":null}},{"start":{"line":78,"column":18},"end":{"line":78,"column":null}}]},"3":{"loc":{"start":{"line":82,"column":7},"end":{"line":82,"column":null}},"type":"binary-expr","locations":[{"start":{"line":82,"column":7},"end":{"line":82,"column":22}},{"start":{"line":82,"column":22},"end":{"line":82,"column":null}}]},"4":{"loc":{"start":{"line":99,"column":7},"end":{"line":99,"column":null}},"type":"binary-expr","locations":[{"start":{"line":99,"column":7},"end":{"line":99,"column":26}},{"start":{"line":99,"column":26},"end":{"line":99,"column":null}}]},"5":{"loc":{"start":{"line":114,"column":7},"end":{"line":114,"column":null}},"type":"binary-expr","locations":[{"start":{"line":114,"column":7},"end":{"line":114,"column":25}},{"start":{"line":114,"column":25},"end":{"line":114,"column":null}}]},"6":{"loc":{"start":{"line":157,"column":7},"end":{"line":157,"column":null}},"type":"binary-expr","locations":[{"start":{"line":157,"column":7},"end":{"line":157,"column":25}},{"start":{"line":157,"column":25},"end":{"line":157,"column":null}}]},"7":{"loc":{"start":{"line":186,"column":7},"end":{"line":186,"column":null}},"type":"binary-expr","locations":[{"start":{"line":186,"column":7},"end":{"line":186,"column":24}},{"start":{"line":186,"column":24},"end":{"line":186,"column":null}}]},"8":{"loc":{"start":{"line":200,"column":7},"end":{"line":200,"column":null}},"type":"binary-expr","locations":[{"start":{"line":200,"column":7},"end":{"line":200,"column":23}},{"start":{"line":200,"column":23},"end":{"line":200,"column":null}}]},"9":{"loc":{"start":{"line":215,"column":7},"end":{"line":215,"column":null}},"type":"binary-expr","locations":[{"start":{"line":215,"column":7},"end":{"line":215,"column":23}},{"start":{"line":215,"column":23},"end":{"line":215,"column":null}}]}},"s":{"0":36,"1":36,"2":36,"3":36,"4":36,"5":18,"6":18,"7":36,"8":9,"9":9,"10":9,"11":9,"12":9,"13":9,"14":9,"15":0,"16":36,"17":9,"18":63,"19":18,"20":63,"21":63},"f":{"0":36,"1":18,"2":9,"3":0,"4":9,"5":18},"b":{"0":[18,0],"1":[36,9],"2":[9,0],"3":[36,0],"4":[36,0],"5":[36,0],"6":[36,0],"7":[36,0],"8":[36,0],"9":[36,0]}}
,"C:/Users/DELL/Desktop/React-task-one/src/components/Form/formSlice.ts": {"path":"C:/Users/DELL/Desktop/React-task-one/src/components/Form/formSlice.ts","statementMap":{"0":{"start":{"line":9,"column":32},"end":{"line":11,"column":null}},"1":{"start":{"line":13,"column":25},"end":{"line":22,"column":null}},"2":{"start":{"line":18,"column":17},"end":{"line":18,"column":null}},"3":{"start":{"line":19,"column":6},"end":{"line":19,"column":null}},"4":{"start":{"line":24,"column":27},"end":{"line":24,"column":null}},"5":{"start":{"line":28,"column":30},"end":{"line":28,"column":null}},"6":{"start":{"line":28,"column":66},"end":{"line":28,"column":null}}},"fnMap":{"0":{"name":"(anonymous_0)","decl":{"start":{"line":17,"column":13},"end":{"line":17,"column":14}},"loc":{"start":{"line":17,"column":32},"end":{"line":20,"column":null}}},"1":{"name":"(anonymous_1)","decl":{"start":{"line":28,"column":30},"end":{"line":28,"column":31}},"loc":{"start":{"line":28,"column":66},"end":{"line":28,"column":null}}}},"branchMap":{},"s":{"0":63,"1":63,"2":9,"3":9,"4":63,"5":63,"6":28},"f":{"0":9,"1":28},"b":{}}
,"C:/Users/DELL/Desktop/React-task-one/src/components/FormCard/FormCard.tsx": {"path":"C:/Users/DELL/Desktop/React-task-one/src/components/FormCard/FormCard.tsx","statementMap":{"0":{"start":{"line":1,"column":24},"end":{"line":1,"column":null}},"1":{"start":{"line":10,"column":19},"end":{"line":10,"column":null}},"2":{"start":{"line":11,"column":62},"end":{"line":11,"column":null}},"3":{"start":{"line":13,"column":2},"end":{"line":37,"column":null}},"4":{"start":{"line":39,"column":1},"end":{"line":9,"column":18}},"5":{"start":{"line":41,"column":24},"end":{"line":41,"column":null}}},"fnMap":{"0":{"name":"(anonymous_0)","decl":{"start":{"line":1,"column":24},"end":{"line":1,"column":null}},"loc":{"start":{"line":1,"column":24},"end":{"line":1,"column":null}}},"1":{"name":"FormCard","decl":{"start":{"line":9,"column":9},"end":{"line":9,"column":18}},"loc":{"start":{"line":9,"column":47},"end":{"line":39,"column":1}}}},"branchMap":{"0":{"loc":{"start":{"line":1,"column":24},"end":{"line":1,"column":null}},"type":"if","locations":[{"start":{"line":1,"column":24},"end":{"line":1,"column":null}}]}},"s":{"0":441,"1":9,"2":9,"3":9,"4":63,"5":63},"f":{"0":63,"1":9},"b":{"0":[63]}}
,"C:/Users/DELL/Desktop/React-task-one/src/components/Header/Header.tsx": {"path":"C:/Users/DELL/Desktop/React-task-one/src/components/Header/Header.tsx","statementMap":{"0":{"start":{"line":4,"column":31},"end":{"line":4,"column":null}},"1":{"start":{"line":5,"column":19},"end":{"line":5,"column":null}},"2":{"start":{"line":7,"column":23},"end":{"line":18,"column":null}},"3":{"start":{"line":8,"column":4},"end":{"line":17,"column":null}},"4":{"start":{"line":10,"column":8},"end":{"line":10,"column":null}},"5":{"start":{"line":12,"column":8},"end":{"line":12,"column":null}},"6":{"start":{"line":14,"column":8},"end":{"line":14,"column":null}},"7":{"start":{"line":16,"column":8},"end":{"line":16,"column":null}},"8":{"start":{"line":20,"column":2},"end":{"line":20,"column":null}},"9":{"start":{"line":21,"column":1},"end":{"line":5,"column":31}},"10":{"start":{"line":4,"column":15},"end":{"line":5,"column":31}},"11":{"start":{"line":5,"column":30},"end":{"line":4,"column":15}},"12":{"start":{"line":23,"column":22},"end":{"line":23,"column":null}}},"fnMap":{"0":{"name":"Header","decl":{"start":{"line":4,"column":9},"end":{"line":4,"column":15}},"loc":{"start":{"line":4,"column":31},"end":{"line":21,"column":1}}},"1":{"name":"(anonymous_2)","decl":{"start":{"line":7,"column":23},"end":{"line":7,"column":29}},"loc":{"start":{"line":7,"column":29},"end":{"line":18,"column":null}}},"2":{"name":"(anonymous_3)","decl":{"start":{"line":4,"column":15},"end":{"line":4,"column":31}},"loc":{"start":{"line":4,"column":15},"end":{"line":5,"column":31}}}},"branchMap":{"0":{"loc":{"start":{"line":8,"column":4},"end":{"line":17,"column":null}},"type":"switch","locations":[{"start":{"line":9,"column":6},"end":{"line":10,"column":null}},{"start":{"line":11,"column":6},"end":{"line":12,"column":null}},{"start":{"line":13,"column":6},"end":{"line":14,"column":null}},{"start":{"line":15,"column":6},"end":{"line":16,"column":null}}]}},"s":{"0":90,"1":90,"2":90,"3":90,"4":45,"5":18,"6":18,"7":9,"8":90,"9":63,"10":63,"11":63,"12":63},"f":{"0":90,"1":90,"2":63},"b":{"0":[45,18,18,9]}}
,"C:/Users/DELL/Desktop/React-task-one/src/components/Loader/Loader.tsx": {"path":"C:/Users/DELL/Desktop/React-task-one/src/components/Loader/Loader.tsx","statementMap":{"0":{"start":{"line":1,"column":22},"end":{"line":1,"column":null}},"1":{"start":{"line":4,"column":2},"end":{"line":14,"column":null}},"2":{"start":{"line":16,"column":1},"end":{"line":3,"column":31}},"3":{"start":{"line":18,"column":22},"end":{"line":18,"column":null}}},"fnMap":{"0":{"name":"(anonymous_0)","decl":{"start":{"line":1,"column":22},"end":{"line":1,"column":null}},"loc":{"start":{"line":1,"column":22},"end":{"line":1,"column":null}}},"1":{"name":"Loader","decl":{"start":{"line":3,"column":9},"end":{"line":3,"column":31}},"loc":{"start":{"line":3,"column":31},"end":{"line":16,"column":1}}}},"branchMap":{"0":{"loc":{"start":{"line":1,"column":22},"end":{"line":1,"column":null}},"type":"if","locations":[{"start":{"line":1,"column":22},"end":{"line":1,"column":null}}]}},"s":{"0":441,"1":161,"2":63,"3":63},"f":{"0":63,"1":161},"b":{"0":[63]}}
,"C:/Users/DELL/Desktop/React-task-one/src/components/Modal/Modal.tsx": {"path":"C:/Users/DELL/Desktop/React-task-one/src/components/Modal/Modal.tsx","statementMap":{"0":{"start":{"line":9,"column":44},"end":{"line":9,"column":null}},"1":{"start":{"line":10,"column":22},"end":{"line":10,"column":null}},"2":{"start":{"line":11,"column":28},"end":{"line":11,"column":null}},"3":{"start":{"line":13,"column":27},"end":{"line":15,"column":null}},"4":{"start":{"line":14,"column":4},"end":{"line":14,"column":null}},"5":{"start":{"line":17,"column":32},"end":{"line":25,"column":null}},"6":{"start":{"line":20,"column":19},"end":{"line":20,"column":null}},"7":{"start":{"line":21,"column":20},"end":{"line":21,"column":null}},"8":{"start":{"line":22,"column":4},"end":{"line":24,"column":null}},"9":{"start":{"line":23,"column":6},"end":{"line":23,"column":null}},"10":{"start":{"line":27,"column":2},"end":{"line":42,"column":null}},"11":{"start":{"line":43,"column":1},"end":{"line":9,"column":15}},"12":{"start":{"line":9,"column":14},"end":{"line":null,"column":-1}},"13":{"start":{"line":45,"column":21},"end":{"line":45,"column":null}}},"fnMap":{"0":{"name":"Modal","decl":{"start":{"line":9,"column":9},"end":{"line":9,"column":14}},"loc":{"start":{"line":9,"column":44},"end":{"line":43,"column":1}}},"1":{"name":"(anonymous_2)","decl":{"start":{"line":13,"column":27},"end":{"line":13,"column":33}},"loc":{"start":{"line":13,"column":33},"end":{"line":15,"column":null}}},"2":{"name":"(anonymous_3)","decl":{"start":{"line":17,"column":32},"end":{"line":17,"column":null}},"loc":{"start":{"line":19,"column":7},"end":{"line":25,"column":null}}}},"branchMap":{"0":{"loc":{"start":{"line":22,"column":4},"end":{"line":24,"column":null}},"type":"if","locations":[{"start":{"line":22,"column":4},"end":{"line":24,"column":null}}]},"1":{"loc":{"start":{"line":22,"column":8},"end":{"line":22,"column":56}},"type":"binary-expr","locations":[{"start":{"line":22,"column":8},"end":{"line":22,"column":29}},{"start":{"line":22,"column":29},"end":{"line":22,"column":56}}]},"2":{"loc":{"start":{"line":28,"column":4},"end":{"line":39,"column":null}},"type":"binary-expr","locations":[{"start":{"line":28,"column":4},"end":{"line":28,"column":null}},{"start":{"line":29,"column":6},"end":{"line":39,"column":null}}]}},"s":{"0":26,"1":26,"2":26,"3":26,"4":0,"5":26,"6":9,"7":9,"8":9,"9":0,"10":26,"11":63,"12":63,"13":63},"f":{"0":26,"1":0,"2":9},"b":{"0":[0],"1":[9,9],"2":[26,26]}}
,"C:/Users/DELL/Desktop/React-task-one/src/components/ModalHomeCard/ModalHomeCard.tsx": {"path":"C:/Users/DELL/Desktop/React-task-one/src/components/ModalHomeCard/ModalHomeCard.tsx","statementMap":{"0":{"start":{"line":1,"column":29},"end":{"line":1,"column":null}},"1":{"start":{"line":10,"column":19},"end":{"line":10,"column":null}},"2":{"start":{"line":21,"column":6},"end":{"line":21,"column":null}},"3":{"start":{"line":22,"column":22},"end":{"line":22,"column":null}},"4":{"start":{"line":23,"column":19},"end":{"line":23,"column":null}},"5":{"start":{"line":24,"column":16},"end":{"line":24,"column":null}},"6":{"start":{"line":25,"column":22},"end":{"line":25,"column":null}},"7":{"start":{"line":27,"column":2},"end":{"line":75,"column":null}},"8":{"start":{"line":44,"column":16},"end":{"line":44,"column":null}},"9":{"start":{"line":77,"column":1},"end":{"line":9,"column":23}},"10":{"start":{"line":79,"column":29},"end":{"line":79,"column":null}}},"fnMap":{"0":{"name":"(anonymous_0)","decl":{"start":{"line":1,"column":29},"end":{"line":1,"column":null}},"loc":{"start":{"line":1,"column":29},"end":{"line":1,"column":null}}},"1":{"name":"ModalHomeCard","decl":{"start":{"line":9,"column":9},"end":{"line":9,"column":23}},"loc":{"start":{"line":9,"column":52},"end":{"line":77,"column":1}}},"2":{"name":"(anonymous_2)","decl":{"start":{"line":43,"column":27},"end":{"line":43,"column":28}},"loc":{"start":{"line":43,"column":42},"end":{"line":45,"column":17}}}},"branchMap":{"0":{"loc":{"start":{"line":1,"column":29},"end":{"line":1,"column":null}},"type":"if","locations":[{"start":{"line":1,"column":29},"end":{"line":1,"column":null}}]},"1":{"loc":{"start":{"line":70,"column":15},"end":{"line":70,"column":null}},"type":"cond-expr","locations":[{"start":{"line":70,"column":38},"end":{"line":70,"column":57}},{"start":{"line":70,"column":57},"end":{"line":70,"column":null}}]}},"s":{"0":441,"1":17,"2":17,"3":17,"4":17,"5":17,"6":17,"7":17,"8":51,"9":63,"10":63},"f":{"0":63,"1":17,"2":51},"b":{"0":[63],"1":[15,2]}}
,"C:/Users/DELL/Desktop/React-task-one/src/components/homeCard/HomeCard.tsx": {"path":"C:/Users/DELL/Desktop/React-task-one/src/components/homeCard/HomeCard.tsx","statementMap":{"0":{"start":{"line":11,"column":50},"end":{"line":11,"column":null}},"1":{"start":{"line":20,"column":6},"end":{"line":20,"column":null}},"2":{"start":{"line":21,"column":20},"end":{"line":21,"column":null}},"3":{"start":{"line":22,"column":19},"end":{"line":22,"column":null}},"4":{"start":{"line":23,"column":16},"end":{"line":23,"column":null}},"5":{"start":{"line":24,"column":28},"end":{"line":24,"column":null}},"6":{"start":{"line":26,"column":27},"end":{"line":28,"column":null}},"7":{"start":{"line":27,"column":4},"end":{"line":27,"column":null}},"8":{"start":{"line":30,"column":2},"end":{"line":79,"column":null}},"9":{"start":{"line":40,"column":10},"end":{"line":40,"column":null}},"10":{"start":{"line":43,"column":10},"end":{"line":43,"column":null}},"11":{"start":{"line":73,"column":16},"end":{"line":73,"column":null}},"12":{"start":{"line":81,"column":1},"end":{"line":11,"column":18}},"13":{"start":{"line":11,"column":17},"end":{"line":null,"column":-1}},"14":{"start":{"line":83,"column":24},"end":{"line":83,"column":null}}},"fnMap":{"0":{"name":"HomeCard","decl":{"start":{"line":11,"column":9},"end":{"line":11,"column":17}},"loc":{"start":{"line":11,"column":50},"end":{"line":81,"column":1}}},"1":{"name":"(anonymous_2)","decl":{"start":{"line":26,"column":27},"end":{"line":26,"column":33}},"loc":{"start":{"line":26,"column":33},"end":{"line":28,"column":null}}},"2":{"name":"(anonymous_3)","decl":{"start":{"line":39,"column":19},"end":{"line":39,"column":25}},"loc":{"start":{"line":39,"column":25},"end":{"line":41,"column":null}}},"3":{"name":"(anonymous_4)","decl":{"start":{"line":42,"column":17},"end":{"line":42,"column":23}},"loc":{"start":{"line":42,"column":23},"end":{"line":44,"column":null}}},"4":{"name":"(anonymous_5)","decl":{"start":{"line":72,"column":27},"end":{"line":72,"column":28}},"loc":{"start":{"line":72,"column":42},"end":{"line":74,"column":17}}}},"branchMap":{"0":{"loc":{"start":{"line":32,"column":7},"end":{"line":35,"column":null}},"type":"binary-expr","locations":[{"start":{"line":32,"column":7},"end":{"line":32,"column":null}},{"start":{"line":33,"column":8},"end":{"line":35,"column":null}}]},"1":{"loc":{"start":{"line":52,"column":16},"end":{"line":52,"column":68}},"type":"cond-expr","locations":[{"start":{"line":52,"column":39},"end":{"line":52,"column":56}},{"start":{"line":52,"column":56},"end":{"line":52,"column":68}}]}},"s":{"0":1021,"1":1021,"2":1021,"3":1021,"4":1021,"5":1021,"6":1021,"7":9,"8":1021,"9":0,"10":9,"11":3063,"12":63,"13":63,"14":63},"f":{"0":1021,"1":9,"2":0,"3":9,"4":3063},"b":{"0":[1021,17],"1":[258,763]}}
,"C:/Users/DELL/Desktop/React-task-one/src/components/homeCard/homeCardsSlice.ts": {"path":"C:/Users/DELL/Desktop/React-task-one/src/components/homeCard/homeCardsSlice.ts","statementMap":{"0":{"start":{"line":19,"column":33},"end":{"line":23,"column":null}},"1":{"start":{"line":25,"column":30},"end":{"line":31,"column":null}},"2":{"start":{"line":28,"column":21},"end":{"line":28,"column":null}},"3":{"start":{"line":29,"column":4},"end":{"line":29,"column":null}},"4":{"start":{"line":33,"column":30},"end":{"line":51,"column":null}},"5":{"start":{"line":38,"column":4},"end":{"line":49,"column":null}},"6":{"start":{"line":40,"column":8},"end":{"line":40,"column":null}},"7":{"start":{"line":43,"column":8},"end":{"line":43,"column":null}},"8":{"start":{"line":44,"column":8},"end":{"line":44,"column":null}},"9":{"start":{"line":47,"column":8},"end":{"line":47,"column":null}},"10":{"start":{"line":48,"column":8},"end":{"line":48,"column":null}},"11":{"start":{"line":55,"column":30},"end":{"line":56,"column":null}},"12":{"start":{"line":56,"column":2},"end":{"line":56,"column":null}}},"fnMap":{"0":{"name":"(anonymous_0)","decl":{"start":{"line":27,"column":2},"end":{"line":27,"column":9}},"loc":{"start":{"line":27,"column":38},"end":{"line":30,"column":null}}},"1":{"name":"(anonymous_1)","decl":{"start":{"line":37,"column":2},"end":{"line":37,"column":16}},"loc":{"start":{"line":37,"column":25},"end":{"line":50,"column":null}}},"2":{"name":"(anonymous_2)","decl":{"start":{"line":39,"column":39},"end":{"line":39,"column":40}},"loc":{"start":{"line":39,"column":50},"end":{"line":41,"column":7}}},"3":{"name":"(anonymous_3)","decl":{"start":{"line":42,"column":41},"end":{"line":42,"column":42}},"loc":{"start":{"line":42,"column":60},"end":{"line":45,"column":7}}},"4":{"name":"(anonymous_4)","decl":{"start":{"line":46,"column":40},"end":{"line":46,"column":41}},"loc":{"start":{"line":46,"column":59},"end":{"line":49,"column":7}}},"5":{"name":"(anonymous_5)","decl":{"start":{"line":55,"column":30},"end":{"line":55,"column":31}},"loc":{"start":{"line":56,"column":2},"end":{"line":56,"column":null}}}},"branchMap":{},"s":{"0":63,"1":63,"2":79,"3":47,"4":63,"5":63,"6":79,"7":47,"8":47,"9":0,"10":0,"11":63,"12":431},"f":{"0":79,"1":63,"2":79,"3":47,"4":0,"5":431},"b":{}}
,"C:/Users/DELL/Desktop/React-task-one/src/components/searchBar/SearchBar.tsx": {"path":"C:/Users/DELL/Desktop/React-task-one/src/components/searchBar/SearchBar.tsx","statementMap":{"0":{"start":{"line":7,"column":34},"end":{"line":7,"column":null}},"1":{"start":{"line":8,"column":19},"end":{"line":8,"column":null}},"2":{"start":{"line":9,"column":33},"end":{"line":9,"column":null}},"3":{"start":{"line":10,"column":40},"end":{"line":10,"column":null}},"4":{"start":{"line":11,"column":23},"end":{"line":13,"column":null}},"5":{"start":{"line":12,"column":4},"end":{"line":12,"column":null}},"6":{"start":{"line":16,"column":4},"end":{"line":16,"column":null}},"7":{"start":{"line":20,"column":4},"end":{"line":22,"column":null}},"8":{"start":{"line":21,"column":6},"end":{"line":21,"column":null}},"9":{"start":{"line":25,"column":2},"end":{"line":44,"column":null}},"10":{"start":{"line":46,"column":1},"end":{"line":9,"column":48}},"11":{"start":{"line":7,"column":18},"end":{"line":9,"column":48}},"12":{"start":{"line":9,"column":47},"end":{"line":7,"column":18}},"13":{"start":{"line":48,"column":25},"end":{"line":48,"column":null}}},"fnMap":{"0":{"name":"SearchBar","decl":{"start":{"line":7,"column":9},"end":{"line":7,"column":18}},"loc":{"start":{"line":7,"column":34},"end":{"line":46,"column":1}}},"1":{"name":"(anonymous_2)","decl":{"start":{"line":11,"column":23},"end":{"line":11,"column":29}},"loc":{"start":{"line":11,"column":29},"end":{"line":13,"column":null}}},"2":{"name":"handleChange","decl":{"start":{"line":15,"column":11},"end":{"line":15,"column":24}},"loc":{"start":{"line":15,"column":68},"end":{"line":17,"column":null}}},"3":{"name":"onKeyPressHandler","decl":{"start":{"line":19,"column":11},"end":{"line":19,"column":29}},"loc":{"start":{"line":19,"column":75},"end":{"line":23,"column":null}}},"4":{"name":"(anonymous_5)","decl":{"start":{"line":7,"column":18},"end":{"line":7,"column":34}},"loc":{"start":{"line":7,"column":18},"end":{"line":9,"column":48}}}},"branchMap":{"0":{"loc":{"start":{"line":20,"column":4},"end":{"line":22,"column":null}},"type":"if","locations":[{"start":{"line":20,"column":4},"end":{"line":22,"column":null}}]}},"s":{"0":265,"1":265,"2":265,"3":265,"4":265,"5":9,"6":54,"7":63,"8":9,"9":265,"10":63,"11":36,"12":63,"13":63},"f":{"0":265,"1":9,"2":54,"3":63,"4":36},"b":{"0":[9]}}
,"C:/Users/DELL/Desktop/React-task-one/src/components/searchBar/searchBarSlice.ts": {"path":"C:/Users/DELL/Desktop/React-task-one/src/components/searchBar/searchBarSlice.ts","statementMap":{"0":{"start":{"line":4,"column":30},"end":{"line":14,"column":null}},"1":{"start":{"line":11,"column":6},"end":{"line":11,"column":null}},"2":{"start":{"line":16,"column":37},"end":{"line":16,"column":null}},"3":{"start":{"line":20,"column":36},"end":{"line":21,"column":null}},"4":{"start":{"line":21,"column":2},"end":{"line":21,"column":null}}},"fnMap":{"0":{"name":"(anonymous_0)","decl":{"start":{"line":10,"column":23},"end":{"line":10,"column":24}},"loc":{"start":{"line":10,"column":42},"end":{"line":12,"column":null}}},"1":{"name":"(anonymous_1)","decl":{"start":{"line":20,"column":36},"end":{"line":20,"column":37}},"loc":{"start":{"line":21,"column":2},"end":{"line":21,"column":null}}}},"branchMap":{},"s":{"0":63,"1":9,"2":63,"3":63,"4":1122},"f":{"0":9,"1":1122},"b":{}}
,"C:/Users/DELL/Desktop/React-task-one/src/pages/AboutUs/AboutUs.tsx": {"path":"C:/Users/DELL/Desktop/React-task-one/src/pages/AboutUs/AboutUs.tsx","statementMap":{"0":{"start":{"line":1,"column":24},"end":{"line":1,"column":null}},"1":{"start":{"line":4,"column":2},"end":{"line":7,"column":null}},"2":{"start":{"line":9,"column":1},"end":{"line":3,"column":32}},"3":{"start":{"line":11,"column":23},"end":{"line":11,"column":null}}},"fnMap":{"0":{"name":"(anonymous_0)","decl":{"start":{"line":1,"column":24},"end":{"line":1,"column":null}},"loc":{"start":{"line":1,"column":24},"end":{"line":1,"column":null}}},"1":{"name":"AboutUs","decl":{"start":{"line":3,"column":9},"end":{"line":3,"column":32}},"loc":{"start":{"line":3,"column":32},"end":{"line":9,"column":1}}}},"branchMap":{"0":{"loc":{"start":{"line":1,"column":24},"end":{"line":1,"column":null}},"type":"if","locations":[{"start":{"line":1,"column":24},"end":{"line":1,"column":null}}]}},"s":{"0":441,"1":18,"2":63,"3":63},"f":{"0":63,"1":18},"b":{"0":[63]}}
,"C:/Users/DELL/Desktop/React-task-one/src/pages/FormPage/FormPage.tsx": {"path":"C:/Users/DELL/Desktop/React-task-one/src/pages/FormPage/FormPage.tsx","statementMap":{"0":{"start":{"line":7,"column":33},"end":{"line":7,"column":null}},"1":{"start":{"line":8,"column":20},"end":{"line":8,"column":null}},"2":{"start":{"line":10,"column":16},"end":{"line":12,"column":null}},"3":{"start":{"line":11,"column":4},"end":{"line":11,"column":null}},"4":{"start":{"line":13,"column":2},"end":{"line":17,"column":null}},"5":{"start":{"line":19,"column":1},"end":{"line":8,"column":35}},"6":{"start":{"line":7,"column":17},"end":{"line":8,"column":35}},"7":{"start":{"line":8,"column":34},"end":{"line":7,"column":17}},"8":{"start":{"line":21,"column":24},"end":{"line":21,"column":null}}},"fnMap":{"0":{"name":"FormPage","decl":{"start":{"line":7,"column":9},"end":{"line":7,"column":17}},"loc":{"start":{"line":7,"column":33},"end":{"line":19,"column":1}}},"1":{"name":"(anonymous_2)","decl":{"start":{"line":10,"column":31},"end":{"line":10,"column":38}},"loc":{"start":{"line":10,"column":38},"end":{"line":12,"column":3}}},"2":{"name":"(anonymous_3)","decl":{"start":{"line":7,"column":17},"end":{"line":7,"column":33}},"loc":{"start":{"line":7,"column":17},"end":{"line":8,"column":35}}}},"branchMap":{},"s":{"0":27,"1":27,"2":27,"3":9,"4":27,"5":63,"6":18,"7":63,"8":63},"f":{"0":27,"1":9,"2":18},"b":{}}
,"C:/Users/DELL/Desktop/React-task-one/src/pages/Home/Home.tsx": {"path":"C:/Users/DELL/Desktop/React-task-one/src/pages/Home/Home.tsx","statementMap":{"0":{"start":{"line":11,"column":29},"end":{"line":11,"column":null}},"1":{"start":{"line":12,"column":26},"end":{"line":12,"column":null}},"2":{"start":{"line":13,"column":32},"end":{"line":13,"column":null}},"3":{"start":{"line":14,"column":26},"end":{"line":14,"column":null}},"4":{"start":{"line":15,"column":40},"end":{"line":15,"column":null}},"5":{"start":{"line":16,"column":36},"end":{"line":16,"column":null}},"6":{"start":{"line":17,"column":50},"end":{"line":17,"column":null}},"7":{"start":{"line":18,"column":28},"end":{"line":18,"column":null}},"8":{"start":{"line":19,"column":22},"end":{"line":19,"column":null}},"9":{"start":{"line":20,"column":21},"end":{"line":20,"column":null}},"10":{"start":{"line":21,"column":19},"end":{"line":21,"column":null}},"11":{"start":{"line":23,"column":2},"end":{"line":47,"column":null}},"12":{"start":{"line":24,"column":4},"end":{"line":24,"column":null}},"13":{"start":{"line":25,"column":20},"end":{"line":40,"column":null}},"14":{"start":{"line":26,"column":6},"end":{"line":39,"column":null}},"15":{"start":{"line":27,"column":8},"end":{"line":27,"column":null}},"16":{"start":{"line":28,"column":8},"end":{"line":28,"column":null}},"17":{"start":{"line":29,"column":8},"end":{"line":33,"column":null}},"18":{"start":{"line":30,"column":10},"end":{"line":30,"column":null}},"19":{"start":{"line":32,"column":10},"end":{"line":32,"column":null}},"20":{"start":{"line":34,"column":8},"end":{"line":34,"column":null}},"21":{"start":{"line":36,"column":8},"end":{"line":38,"column":null}},"22":{"start":{"line":37,"column":10},"end":{"line":37,"column":null}},"23":{"start":{"line":41,"column":4},"end":{"line":41,"column":null}},"24":{"start":{"line":42,"column":4},"end":{"line":46,"column":null}},"25":{"start":{"line":43,"column":6},"end":{"line":43,"column":null}},"26":{"start":{"line":45,"column":6},"end":{"line":45,"column":null}},"27":{"start":{"line":49,"column":2},"end":{"line":118,"column":null}},"28":{"start":{"line":57,"column":12},"end":{"line":57,"column":null}},"29":{"start":{"line":78,"column":14},"end":{"line":78,"column":null}},"30":{"start":{"line":90,"column":29},"end":{"line":90,"column":null}},"31":{"start":{"line":90,"column":48},"end":{"line":90,"column":75}},"32":{"start":{"line":98,"column":29},"end":{"line":98,"column":null}},"33":{"start":{"line":98,"column":47},"end":{"line":98,"column":55}},"34":{"start":{"line":113,"column":14},"end":{"line":113,"column":null}},"35":{"start":{"line":120,"column":1},"end":{"line":21,"column":34}},"36":{"start":{"line":11,"column":13},"end":{"line":21,"column":34}},"37":{"start":{"line":21,"column":33},"end":{"line":11,"column":13}},"38":{"start":{"line":122,"column":20},"end":{"line":122,"column":null}}},"fnMap":{"0":{"name":"Home","decl":{"start":{"line":11,"column":9},"end":{"line":11,"column":13}},"loc":{"start":{"line":11,"column":29},"end":{"line":120,"column":1}}},"1":{"name":"(anonymous_2)","decl":{"start":{"line":23,"column":12},"end":{"line":23,"column":18}},"loc":{"start":{"line":23,"column":18},"end":{"line":47,"column":5}}},"2":{"name":"(anonymous_3)","decl":{"start":{"line":25,"column":20},"end":{"line":25,"column":27}},"loc":{"start":{"line":25,"column":99},"end":{"line":40,"column":null}}},"3":{"name":"(anonymous_4)","decl":{"start":{"line":56,"column":21},"end":{"line":56,"column":27}},"loc":{"start":{"line":56,"column":27},"end":{"line":58,"column":null}}},"4":{"name":"(anonymous_5)","decl":{"start":{"line":77,"column":27},"end":{"line":77,"column":28}},"loc":{"start":{"line":77,"column":53},"end":{"line":79,"column":13}}},"5":{"name":"(anonymous_6)","decl":{"start":{"line":90,"column":23},"end":{"line":90,"column":29}},"loc":{"start":{"line":90,"column":29},"end":{"line":90,"column":null}}},"6":{"name":"(anonymous_7)","decl":{"start":{"line":90,"column":38},"end":{"line":90,"column":48}},"loc":{"start":{"line":90,"column":48},"end":{"line":90,"column":75}}},"7":{"name":"(anonymous_8)","decl":{"start":{"line":98,"column":23},"end":{"line":98,"column":29}},"loc":{"start":{"line":98,"column":29},"end":{"line":98,"column":null}}},"8":{"name":"(anonymous_9)","decl":{"start":{"line":98,"column":38},"end":{"line":98,"column":47}},"loc":{"start":{"line":98,"column":47},"end":{"line":98,"column":55}}},"9":{"name":"(anonymous_10)","decl":{"start":{"line":112,"column":23},"end":{"line":112,"column":29}},"loc":{"start":{"line":112,"column":29},"end":{"line":114,"column":14}}},"10":{"name":"(anonymous_11)","decl":{"start":{"line":11,"column":13},"end":{"line":11,"column":29}},"loc":{"start":{"line":11,"column":13},"end":{"line":21,"column":34}}}},"branchMap":{"0":{"loc":{"start":{"line":29,"column":8},"end":{"line":33,"column":null}},"type":"if","locations":[{"start":{"line":29,"column":8},"end":{"line":33,"column":null}},{"start":{"line":31,"column":15},"end":{"line":33,"column":null}}]},"1":{"loc":{"start":{"line":36,"column":8},"end":{"line":38,"column":null}},"type":"if","locations":[{"start":{"line":36,"column":8},"end":{"line":38,"column":null}}]},"2":{"loc":{"start":{"line":42,"column":4},"end":{"line":46,"column":null}},"type":"if","locations":[{"start":{"line":42,"column":4},"end":{"line":46,"column":null}},{"start":{"line":44,"column":11},"end":{"line":46,"column":null}}]},"3":{"loc":{"start":{"line":66,"column":9},"end":{"line":66,"column":null}},"type":"binary-expr","locations":[{"start":{"line":66,"column":9},"end":{"line":66,"column":18}},{"start":{"line":66,"column":18},"end":{"line":66,"column":null}}]},"4":{"loc":{"start":{"line":67,"column":9},"end":{"line":67,"column":null}},"type":"binary-expr","locations":[{"start":{"line":67,"column":9},"end":{"line":67,"column":29}},{"start":{"line":67,"column":29},"end":{"line":67,"column":null}}]},"5":{"loc":{"start":{"line":68,"column":9},"end":{"line":71,"column":null}},"type":"binary-expr","locations":[{"start":{"line":68,"column":9},"end":{"line":68,"column":19}},{"start":{"line":68,"column":19},"end":{"line":68,"column":null}},{"start":{"line":69,"column":10},"end":{"line":71,"column":null}}]},"6":{"loc":{"start":{"line":76,"column":11},"end":{"line":79,"column":null}},"type":"binary-expr","locations":[{"start":{"line":76,"column":11},"end":{"line":76,"column":null}},{"start":{"line":77,"column":12},"end":{"line":79,"column":null}}]},"7":{"loc":{"start":{"line":90,"column":48},"end":{"line":90,"column":75}},"type":"cond-expr","locations":[{"start":{"line":90,"column":59},"end":{"line":90,"column":70}},{"start":{"line":90,"column":70},"end":{"line":90,"column":75}}]}},"s":{"0":227,"1":227,"2":227,"3":227,"4":227,"5":227,"6":227,"7":227,"8":227,"9":227,"10":227,"11":227,"12":79,"13":79,"14":79,"15":79,"16":47,"17":47,"18":25,"19":22,"20":47,"21":0,"22":0,"23":79,"24":79,"25":70,"26":9,"27":227,"28":0,"29":1183,"30":0,"31":0,"32":9,"33":9,"34":0,"35":63,"36":36,"37":63,"38":63},"f":{"0":227,"1":79,"2":79,"3":0,"4":1183,"5":0,"6":0,"7":9,"8":9,"9":0,"10":36},"b":{"0":[25,22],"1":[0],"2":[70,9],"3":[227,0],"4":[227,0],"5":[227,227,162],"6":[227,227],"7":[0,0]}}
,"C:/Users/DELL/Desktop/React-task-one/src/pages/NotFound/NotFound.tsx": {"path":"C:/Users/DELL/Desktop/React-task-one/src/pages/NotFound/NotFound.tsx","statementMap":{"0":{"start":{"line":1,"column":24},"end":{"line":1,"column":null}},"1":{"start":{"line":4,"column":2},"end":{"line":9,"column":null}},"2":{"start":{"line":11,"column":1},"end":{"line":3,"column":33}},"3":{"start":{"line":13,"column":24},"end":{"line":13,"column":null}}},"fnMap":{"0":{"name":"(anonymous_0)","decl":{"start":{"line":1,"column":24},"end":{"line":1,"column":null}},"loc":{"start":{"line":1,"column":24},"end":{"line":1,"column":null}}},"1":{"name":"NotFound","decl":{"start":{"line":3,"column":9},"end":{"line":3,"column":33}},"loc":{"start":{"line":3,"column":33},"end":{"line":11,"column":1}}}},"branchMap":{"0":{"loc":{"start":{"line":1,"column":24},"end":{"line":1,"column":null}},"type":"if","locations":[{"start":{"line":1,"column":24},"end":{"line":1,"column":null}}]}},"s":{"0":441,"1":9,"2":63,"3":63},"f":{"0":63,"1":9},"b":{"0":[63]}}
,"C:/Users/DELL/Desktop/React-task-one/src/types/types.tsx": {"path":"C:/Users/DELL/Desktop/React-task-one/src/types/types.tsx","statementMap":{},"fnMap":{},"branchMap":{},"s":{},"f":{},"b":{}}
,"C:/Users/DELL/Desktop/React-task-one/src/utils/api.ts": {"path":"C:/Users/DELL/Desktop/React-task-one/src/utils/api.ts","statementMap":{"0":{"start":{"line":1,"column":23},"end":{"line":15,"column":null}},"1":{"start":{"line":7,"column":14},"end":{"line":7,"column":null}},"2":{"start":{"line":8,"column":19},"end":{"line":8,"column":null}},"3":{"start":{"line":9,"column":2},"end":{"line":11,"column":null}},"4":{"start":{"line":10,"column":4},"end":{"line":10,"column":null}},"5":{"start":{"line":12,"column":18},"end":{"line":12,"column":null}},"6":{"start":{"line":13,"column":15},"end":{"line":13,"column":null}},"7":{"start":{"line":14,"column":2},"end":{"line":14,"column":null}}},"fnMap":{"0":{"name":"(anonymous_0)","decl":{"start":{"line":1,"column":23},"end":{"line":1,"column":null}},"loc":{"start":{"line":6,"column":5},"end":{"line":15,"column":null}}}},"branchMap":{"0":{"loc":{"start":{"line":9,"column":2},"end":{"line":11,"column":null}},"type":"if","locations":[{"start":{"line":9,"column":2},"end":{"line":11,"column":null}}]}},"s":{"0":63,"1":79,"2":79,"3":48,"4":0,"5":48,"6":47,"7":47},"f":{"0":79},"b":{"0":[0]}}
}
