TN:
SF:src\App.tsx
FN:1,(anonymous_0)
FN:9,App
FNF:2
FNH:2
FNDA:63,(anonymous_0)
FNDA:63,App
DA:1,441
DA:10,63
DA:32,63
DA:34,63
LF:4
LH:4
BRDA:1,0,0,63
BRF:1
BRH:1
end_of_record
TN:
SF:src\entry-client.tsx
FNF:0
FNH:0
DA:7,63
LF:1
LH:1
BRF:0
BRH:0
end_of_record
TN:
SF:src\app\hooks.ts
FNF:0
FNH:0
DA:4,63
DA:5,63
LF:2
LH:2
BRF:0
BRH:0
end_of_record
TN:
SF:src\app\store.ts
FN:12,(anonymous_0)
FNF:1
FNH:1
FNDA:63,(anonymous_0)
DA:6,63
DA:13,63
LF:2
LH:2
BRF:0
BRH:0
end_of_record
TN:
SF:src\components\Form\Form.tsx
FN:10,Form
FN:23,(anonymous_2)
FN:28,(anonymous_3)
FN:43,(anonymous_4)
FN:75,(anonymous_5)
FN:10,(anonymous_6)
FNF:6
FNH:5
FNDA:36,Form
FNDA:18,(anonymous_2)
FNDA:9,(anonymous_3)
FNDA:0,(anonymous_4)
FNDA:9,(anonymous_5)
FNDA:18,(anonymous_6)
DA:10,36
DA:11,36
DA:12,36
DA:19,63
DA:23,36
DA:24,18
DA:25,18
DA:28,36
DA:29,9
DA:30,9
DA:39,9
DA:40,9
DA:41,9
DA:42,9
DA:43,9
DA:44,0
DA:48,36
DA:76,9
DA:221,63
DA:223,63
LF:20
LH:19
BRDA:24,0,0,18
BRDA:24,0,1,0
BRDA:50,1,0,36
BRDA:50,1,1,9
BRDA:76,2,0,9
BRDA:76,2,1,0
BRDA:82,3,0,36
BRDA:82,3,1,0
BRDA:99,4,0,36
BRDA:99,4,1,0
BRDA:114,5,0,36
BRDA:114,5,1,0
BRDA:157,6,0,36
BRDA:157,6,1,0
BRDA:186,7,0,36
BRDA:186,7,1,0
BRDA:200,8,0,36
BRDA:200,8,1,0
BRDA:215,9,0,36
BRDA:215,9,1,0
BRF:20
BRH:11
end_of_record
TN:
SF:src\components\Form\formSlice.ts
FN:17,(anonymous_0)
FN:28,(anonymous_1)
FNF:2
FNH:2
FNDA:9,(anonymous_0)
FNDA:28,(anonymous_1)
DA:9,63
DA:13,63
DA:18,9
DA:19,9
DA:24,63
DA:28,63
LF:6
LH:6
BRF:0
BRH:0
end_of_record
TN:
SF:src\components\FormCard\FormCard.tsx
FN:1,(anonymous_0)
FN:9,FormCard
FNF:2
FNH:2
FNDA:63,(anonymous_0)
FNDA:9,FormCard
DA:1,441
DA:10,9
DA:11,9
DA:13,9
DA:39,63
DA:41,63
LF:6
LH:6
BRDA:1,0,0,63
BRF:1
BRH:1
end_of_record
TN:
SF:src\components\Header\Header.tsx
FN:4,Header
FN:7,(anonymous_2)
FN:4,(anonymous_3)
FNF:3
FNH:3
FNDA:90,Header
FNDA:90,(anonymous_2)
FNDA:63,(anonymous_3)
DA:4,90
DA:5,90
DA:7,90
DA:8,90
DA:10,45
DA:12,18
DA:14,18
DA:16,9
DA:20,90
DA:21,63
DA:23,63
LF:11
LH:11
BRDA:8,0,0,45
BRDA:8,0,1,18
BRDA:8,0,2,18
BRDA:8,0,3,9
BRF:4
BRH:4
end_of_record
TN:
SF:src\components\Loader\Loader.tsx
FN:1,(anonymous_0)
FN:3,Loader
FNF:2
FNH:2
FNDA:63,(anonymous_0)
FNDA:161,Loader
DA:1,441
DA:4,161
DA:16,63
DA:18,63
LF:4
LH:4
BRDA:1,0,0,63
BRF:1
BRH:1
end_of_record
TN:
SF:src\components\Modal\Modal.tsx
FN:9,Modal
FN:13,(anonymous_2)
FN:17,(anonymous_3)
FNF:3
FNH:2
FNDA:26,Modal
FNDA:0,(anonymous_2)
FNDA:9,(anonymous_3)
DA:9,63
DA:10,26
DA:11,26
DA:13,26
DA:14,0
DA:17,26
DA:20,9
DA:21,9
DA:22,9
DA:23,0
DA:27,26
DA:43,63
DA:45,63
LF:13
LH:11
BRDA:22,0,0,0
BRDA:22,1,0,9
BRDA:22,1,1,9
BRDA:28,2,0,26
BRDA:28,2,1,26
BRF:5
BRH:4
end_of_record
TN:
SF:src\components\ModalHomeCard\ModalHomeCard.tsx
FN:1,(anonymous_0)
FN:9,ModalHomeCard
FN:43,(anonymous_2)
FNF:3
FNH:3
FNDA:63,(anonymous_0)
FNDA:17,ModalHomeCard
FNDA:51,(anonymous_2)
DA:1,441
DA:10,17
DA:21,17
DA:22,17
DA:23,17
DA:24,17
DA:25,17
DA:27,17
DA:44,51
DA:77,63
DA:79,63
LF:11
LH:11
BRDA:1,0,0,63
BRDA:70,1,0,15
BRDA:70,1,1,2
BRF:3
BRH:3
end_of_record
TN:
SF:src\components\homeCard\HomeCard.tsx
FN:11,HomeCard
FN:26,(anonymous_2)
FN:39,(anonymous_3)
FN:42,(anonymous_4)
FN:72,(anonymous_5)
FNF:5
FNH:4
FNDA:1021,HomeCard
FNDA:9,(anonymous_2)
FNDA:0,(anonymous_3)
FNDA:9,(anonymous_4)
FNDA:3063,(anonymous_5)
DA:11,1021
DA:20,1021
DA:21,1021
DA:22,1021
DA:23,1021
DA:24,1021
DA:26,1021
DA:27,9
DA:30,1021
DA:40,0
DA:43,9
DA:73,3063
DA:81,63
DA:83,63
LF:14
LH:13
BRDA:32,0,0,1021
BRDA:32,0,1,17
BRDA:52,1,0,258
BRDA:52,1,1,763
BRF:4
BRH:4
end_of_record
TN:
SF:src\components\homeCard\homeCardsSlice.ts
FN:27,(anonymous_0)
FN:37,(anonymous_1)
FN:39,(anonymous_2)
FN:42,(anonymous_3)
FN:46,(anonymous_4)
FN:55,(anonymous_5)
FNF:6
FNH:5
FNDA:79,(anonymous_0)
FNDA:63,(anonymous_1)
FNDA:79,(anonymous_2)
FNDA:47,(anonymous_3)
FNDA:0,(anonymous_4)
FNDA:431,(anonymous_5)
DA:19,63
DA:25,63
DA:28,79
DA:29,47
DA:33,63
DA:38,63
DA:40,79
DA:43,47
DA:44,47
DA:47,0
DA:48,0
DA:55,63
DA:56,431
LF:13
LH:11
BRF:0
BRH:0
end_of_record
TN:
SF:src\components\searchBar\SearchBar.tsx
FN:7,SearchBar
FN:11,(anonymous_2)
FN:15,handleChange
FN:19,onKeyPressHandler
FN:7,(anonymous_5)
FNF:5
FNH:5
FNDA:265,SearchBar
FNDA:9,(anonymous_2)
FNDA:54,handleChange
FNDA:63,onKeyPressHandler
FNDA:36,(anonymous_5)
DA:7,265
DA:8,265
DA:9,265
DA:10,265
DA:11,265
DA:12,9
DA:16,54
DA:20,63
DA:21,9
DA:25,265
DA:46,63
DA:48,63
LF:12
LH:12
BRDA:20,0,0,9
BRF:1
BRH:1
end_of_record
TN:
SF:src\components\searchBar\searchBarSlice.ts
FN:10,(anonymous_0)
FN:20,(anonymous_1)
FNF:2
FNH:2
FNDA:9,(anonymous_0)
FNDA:1122,(anonymous_1)
DA:4,63
DA:11,9
DA:16,63
DA:20,63
DA:21,1122
LF:5
LH:5
BRF:0
BRH:0
end_of_record
TN:
SF:src\pages\AboutUs\AboutUs.tsx
FN:1,(anonymous_0)
FN:3,AboutUs
FNF:2
FNH:2
FNDA:63,(anonymous_0)
FNDA:18,AboutUs
DA:1,441
DA:4,18
DA:9,63
DA:11,63
LF:4
LH:4
BRDA:1,0,0,63
BRF:1
BRH:1
end_of_record
TN:
SF:src\pages\FormPage\FormPage.tsx
FN:7,FormPage
FN:10,(anonymous_2)
FN:7,(anonymous_3)
FNF:3
FNH:3
FNDA:27,FormPage
FNDA:9,(anonymous_2)
FNDA:18,(anonymous_3)
DA:7,27
DA:8,63
DA:10,27
DA:11,9
DA:13,27
DA:19,63
DA:21,63
LF:7
LH:7
BRF:0
BRH:0
end_of_record
TN:
SF:src\pages\Home\Home.tsx
FN:11,Home
FN:23,(anonymous_2)
FN:25,(anonymous_3)
FN:56,(anonymous_4)
FN:77,(anonymous_5)
FN:90,(anonymous_6)
FN:90,(anonymous_7)
FN:98,(anonymous_8)
FN:98,(anonymous_9)
FN:112,(anonymous_10)
FN:11,(anonymous_11)
FNF:11
FNH:7
FNDA:227,Home
FNDA:79,(anonymous_2)
FNDA:79,(anonymous_3)
FNDA:0,(anonymous_4)
FNDA:1183,(anonymous_5)
FNDA:0,(anonymous_6)
FNDA:0,(anonymous_7)
FNDA:9,(anonymous_8)
FNDA:9,(anonymous_9)
FNDA:0,(anonymous_10)
FNDA:36,(anonymous_11)
DA:11,227
DA:12,227
DA:13,227
DA:14,227
DA:15,227
DA:16,227
DA:17,227
DA:18,227
DA:19,227
DA:20,227
DA:21,227
DA:23,227
DA:24,79
DA:25,79
DA:26,79
DA:27,79
DA:28,47
DA:29,47
DA:30,25
DA:32,22
DA:34,47
DA:36,0
DA:37,0
DA:41,79
DA:42,79
DA:43,70
DA:45,9
DA:49,227
DA:57,0
DA:78,1183
DA:90,0
DA:98,9
DA:113,0
DA:120,63
DA:122,63
LF:35
LH:30
BRDA:29,0,0,25
BRDA:29,0,1,22
BRDA:36,1,0,0
BRDA:42,2,0,70
BRDA:42,2,1,9
BRDA:66,3,0,227
BRDA:66,3,1,0
BRDA:67,4,0,227
BRDA:67,4,1,0
BRDA:68,5,0,227
BRDA:68,5,1,227
BRDA:68,5,2,162
BRDA:76,6,0,227
BRDA:76,6,1,227
BRDA:90,7,0,0
BRDA:90,7,1,0
BRF:16
BRH:11
end_of_record
TN:
SF:src\pages\NotFound\NotFound.tsx
FN:1,(anonymous_0)
FN:3,NotFound
FNF:2
FNH:2
FNDA:63,(anonymous_0)
FNDA:9,NotFound
DA:1,441
DA:4,9
DA:11,63
DA:13,63
LF:4
LH:4
BRDA:1,0,0,63
BRF:1
BRH:1
end_of_record
TN:
SF:src\types\types.tsx
FNF:0
FNH:0
LF:0
LH:0
BRF:0
BRH:0
end_of_record
TN:
SF:src\utils\api.ts
FN:1,(anonymous_0)
FNF:1
FNH:1
FNDA:79,(anonymous_0)
DA:1,63
DA:7,79
DA:8,79
DA:9,48
DA:10,0
DA:12,48
DA:13,47
DA:14,47
LF:8
LH:7
BRDA:9,0,0,0
BRF:1
BRH:0
end_of_record
