TN:
SF:src\App.tsx
FN:1,(anonymous_0)
FN:9,App
FNF:2
FNH:2
FNDA:22,(anonymous_0)
FNDA:22,App
DA:1,154
DA:10,22
DA:32,22
DA:34,22
LF:4
LH:4
BRDA:1,0,0,22
BRF:1
BRH:1
end_of_record
TN:
SF:src\entry-client.tsx
FNF:0
FNH:0
DA:7,22
LF:1
LH:1
BRF:0
BRH:0
end_of_record
TN:
SF:src\app\hooks.ts
FNF:0
FNH:0
DA:4,22
DA:5,22
LF:2
LH:2
BRF:0
BRH:0
end_of_record
TN:
SF:src\app\store.ts
FN:12,(anonymous_0)
FNF:1
FNH:1
FNDA:22,(anonymous_0)
DA:6,22
DA:13,22
LF:2
LH:2
BRF:0
BRH:0
end_of_record
TN:
SF:src\components\Form\Form.tsx
FN:10,Form
FN:23,(anonymous_2)
FN:28,(anonymous_3)
FN:43,(anonymous_4)
FN:75,(anonymous_5)
FN:10,(anonymous_6)
FNF:6
FNH:5
FNDA:15,Form
FNDA:8,(anonymous_2)
FNDA:4,(anonymous_3)
FNDA:0,(anonymous_4)
FNDA:4,(anonymous_5)
FNDA:7,(anonymous_6)
DA:10,15
DA:11,15
DA:12,15
DA:19,22
DA:23,15
DA:24,8
DA:25,8
DA:28,15
DA:29,4
DA:30,4
DA:39,4
DA:40,4
DA:41,4
DA:42,4
DA:43,4
DA:44,0
DA:48,15
DA:76,4
DA:223,22
DA:225,22
LF:20
LH:19
BRDA:24,0,0,8
BRDA:24,0,1,0
BRDA:50,1,0,15
BRDA:50,1,1,4
BRDA:76,2,0,4
BRDA:76,2,1,0
BRDA:82,3,0,15
BRDA:82,3,1,0
BRDA:99,4,0,15
BRDA:99,4,1,0
BRDA:114,5,0,15
BRDA:114,5,1,0
BRDA:159,6,0,15
BRDA:159,6,1,0
BRDA:188,7,0,15
BRDA:188,7,1,0
BRDA:202,8,0,15
BRDA:202,8,1,0
BRDA:217,9,0,15
BRDA:217,9,1,0
BRF:20
BRH:11
end_of_record
TN:
SF:src\components\Form\formSlice.ts
FN:17,(anonymous_0)
FN:28,(anonymous_1)
FNF:2
FNH:2
FNDA:4,(anonymous_0)
FNDA:11,(anonymous_1)
DA:9,22
DA:13,22
DA:18,4
DA:19,4
DA:24,22
DA:28,22
LF:6
LH:6
BRF:0
BRH:0
end_of_record
TN:
SF:src\components\FormCard\FormCard.tsx
FN:1,(anonymous_0)
FN:9,FormCard
FNF:2
FNH:2
FNDA:22,(anonymous_0)
FNDA:4,FormCard
DA:1,154
DA:10,4
DA:11,4
DA:13,4
DA:39,22
DA:41,22
LF:6
LH:6
BRDA:1,0,0,22
BRF:1
BRH:1
end_of_record
TN:
SF:src\components\Header\Header.tsx
FN:4,Header
FN:7,(anonymous_2)
FN:4,(anonymous_3)
FNF:3
FNH:3
FNDA:31,Header
FNDA:31,(anonymous_2)
FNDA:22,(anonymous_3)
DA:4,31
DA:5,31
DA:7,31
DA:8,31
DA:10,15
DA:12,6
DA:14,7
DA:16,3
DA:20,31
DA:21,22
DA:23,22
LF:11
LH:11
BRDA:8,0,0,15
BRDA:8,0,1,6
BRDA:8,0,2,7
BRDA:8,0,3,3
BRF:4
BRH:4
end_of_record
TN:
SF:src\components\Loader\Loader.tsx
FN:1,(anonymous_0)
FN:3,Loader
FNF:2
FNH:2
FNDA:22,(anonymous_0)
FNDA:53,Loader
DA:1,154
DA:4,53
DA:16,22
DA:18,22
LF:4
LH:4
BRDA:1,0,0,22
BRF:1
BRH:1
end_of_record
TN:
SF:src\components\Modal\Modal.tsx
FN:9,Modal
FN:13,(anonymous_2)
FN:17,(anonymous_3)
FNF:3
FNH:2
FNDA:7,Modal
FNDA:0,(anonymous_2)
FNDA:3,(anonymous_3)
DA:9,22
DA:10,7
DA:11,7
DA:13,7
DA:14,0
DA:17,7
DA:20,3
DA:21,3
DA:22,3
DA:23,0
DA:27,7
DA:43,22
DA:45,22
LF:13
LH:11
BRDA:22,0,0,0
BRDA:22,1,0,3
BRDA:22,1,1,3
BRDA:28,2,0,7
BRDA:28,2,1,7
BRF:5
BRH:4
end_of_record
TN:
SF:src\components\ModalHomeCard\ModalHomeCard.tsx
FN:1,(anonymous_0)
FN:9,ModalHomeCard
FN:43,(anonymous_2)
FNF:3
FNH:3
FNDA:22,(anonymous_0)
FNDA:3,ModalHomeCard
FNDA:9,(anonymous_2)
DA:1,154
DA:10,3
DA:21,3
DA:22,3
DA:23,3
DA:24,3
DA:25,3
DA:27,3
DA:44,9
DA:77,22
DA:79,22
LF:11
LH:11
BRDA:1,0,0,22
BRDA:70,1,0,3
BRDA:70,1,1,0
BRF:3
BRH:2
end_of_record
TN:
SF:src\components\homeCard\HomeCard.tsx
FN:11,HomeCard
FN:26,(anonymous_2)
FN:39,(anonymous_3)
FN:42,(anonymous_4)
FN:72,(anonymous_5)
FNF:5
FNH:4
FNDA:294,HomeCard
FNDA:3,(anonymous_2)
FNDA:0,(anonymous_3)
FNDA:3,(anonymous_4)
FNDA:882,(anonymous_5)
DA:11,294
DA:20,294
DA:21,294
DA:22,294
DA:23,294
DA:24,294
DA:26,294
DA:27,3
DA:30,294
DA:40,0
DA:43,3
DA:73,882
DA:81,22
DA:83,22
LF:14
LH:13
BRDA:32,0,0,294
BRDA:32,0,1,3
BRDA:52,1,0,78
BRDA:52,1,1,216
BRF:4
BRH:4
end_of_record
TN:
SF:src\components\homeCard\homeCardsSlice.ts
FN:27,(anonymous_0)
FN:37,(anonymous_1)
FN:39,(anonymous_2)
FN:42,(anonymous_3)
FN:46,(anonymous_4)
FN:55,(anonymous_5)
FNF:6
FNH:5
FNDA:26,(anonymous_0)
FNDA:22,(anonymous_1)
FNDA:26,(anonymous_2)
FNDA:16,(anonymous_3)
FNDA:0,(anonymous_4)
FNDA:139,(anonymous_5)
DA:19,22
DA:25,22
DA:28,26
DA:29,16
DA:33,22
DA:38,22
DA:40,26
DA:43,16
DA:44,16
DA:47,0
DA:48,0
DA:55,22
DA:56,139
LF:13
LH:11
BRF:0
BRH:0
end_of_record
TN:
SF:src\components\searchBar\SearchBar.tsx
FN:7,SearchBar
FN:11,(anonymous_2)
FN:15,handleChange
FN:19,onKeyPressHandler
FN:7,(anonymous_5)
FNF:5
FNH:5
FNDA:79,SearchBar
FNDA:2,(anonymous_2)
FNDA:12,handleChange
FNDA:14,onKeyPressHandler
FNDA:12,(anonymous_5)
DA:7,79
DA:8,79
DA:9,79
DA:10,79
DA:11,79
DA:12,2
DA:16,12
DA:20,14
DA:21,2
DA:25,79
DA:46,22
DA:48,22
LF:12
LH:12
BRDA:20,0,0,2
BRF:1
BRH:1
end_of_record
TN:
SF:src\components\searchBar\searchBarSlice.ts
FN:10,(anonymous_0)
FN:20,(anonymous_1)
FNF:2
FNH:2
FNDA:2,(anonymous_0)
FNDA:344,(anonymous_1)
DA:4,22
DA:11,2
DA:16,22
DA:20,22
DA:21,344
LF:5
LH:5
BRF:0
BRH:0
end_of_record
TN:
SF:src\pages\AboutUs\AboutUs.tsx
FN:1,(anonymous_0)
FN:3,AboutUs
FNF:2
FNH:2
FNDA:22,(anonymous_0)
FNDA:6,AboutUs
DA:1,154
DA:4,6
DA:9,22
DA:11,22
LF:4
LH:4
BRDA:1,0,0,22
BRF:1
BRH:1
end_of_record
TN:
SF:src\pages\FormPage\FormPage.tsx
FN:7,FormPage
FN:10,(anonymous_2)
FN:7,(anonymous_3)
FNF:3
FNH:3
FNDA:11,FormPage
FNDA:4,(anonymous_2)
FNDA:7,(anonymous_3)
DA:7,11
DA:8,22
DA:10,11
DA:11,4
DA:13,11
DA:19,22
DA:21,22
LF:7
LH:7
BRF:0
BRH:0
end_of_record
TN:
SF:src\pages\Home\Home.tsx
FN:11,Home
FN:22,(anonymous_2)
FN:24,(anonymous_3)
FN:50,(anonymous_4)
FN:71,(anonymous_5)
FN:84,(anonymous_6)
FN:84,(anonymous_7)
FN:92,(anonymous_8)
FN:92,(anonymous_9)
FN:106,(anonymous_10)
FN:11,(anonymous_11)
FNF:11
FNH:8
FNDA:73,Home
FNDA:26,(anonymous_2)
FNDA:26,(anonymous_3)
FNDA:1,(anonymous_4)
FNDA:336,(anonymous_5)
FNDA:0,(anonymous_6)
FNDA:0,(anonymous_7)
FNDA:3,(anonymous_8)
FNDA:3,(anonymous_9)
FNDA:0,(anonymous_10)
FNDA:12,(anonymous_11)
DA:11,73
DA:12,73
DA:13,73
DA:14,73
DA:15,73
DA:16,73
DA:17,73
DA:18,73
DA:19,73
DA:20,73
DA:22,73
DA:23,26
DA:24,26
DA:25,26
DA:26,26
DA:27,16
DA:28,16
DA:30,0
DA:31,0
DA:35,26
DA:36,26
DA:37,22
DA:39,4
DA:43,73
DA:51,1
DA:72,336
DA:84,0
DA:92,3
DA:107,0
DA:114,22
DA:116,22
LF:31
LH:27
BRDA:30,0,0,0
BRDA:36,1,0,22
BRDA:36,1,1,4
BRDA:60,2,0,73
BRDA:60,2,1,0
BRDA:61,3,0,73
BRDA:61,3,1,45
BRDA:61,3,2,0
BRDA:62,4,0,73
BRDA:62,4,1,73
BRDA:62,4,2,55
BRDA:70,5,0,73
BRDA:70,5,1,73
BRDA:84,6,0,0
BRDA:84,6,1,0
BRF:15
BRH:10
end_of_record
TN:
SF:src\pages\NotFound\NotFound.tsx
FN:1,(anonymous_0)
FN:3,NotFound
FNF:2
FNH:2
FNDA:22,(anonymous_0)
FNDA:3,NotFound
DA:1,154
DA:4,3
DA:11,22
DA:13,22
LF:4
LH:4
BRDA:1,0,0,22
BRF:1
BRH:1
end_of_record
TN:
SF:src\types\types.tsx
FNF:0
FNH:0
LF:0
LH:0
BRF:0
BRH:0
end_of_record
